<?xml version="1.0" encoding="UTF-8"?>
<testsuite name="com.example.contract.ContractTests" tests="1" skipped="0" failures="0" errors="0" timestamp="2019-12-20T02:06:42" hostname="adel-VirtualBox" time="0.001">
  <properties/>
  <testcase name="dummy test" classname="com.example.contract.ContractTests" time="0.001"/>
  <system-out><![CDATA[?[37m[INFO] 20:06:40,493 [Test worker] cordapp.JarScanningCordappLoader.<init> - Loading CorDapps from RestrictedURL(url=file:/home/adel/corda/articles/web3j-iou/contracts/build/generated-custom-cordapps/20191220-020639.223/custom-cordapp_1_4_ea0ee340-01c7-47d1-acb6-01f77594c70b.jar, rootPackageName=null)
?[m?[37m[INFO] 20:06:40,562 [Test worker] cordapp.JarScanningCordappLoader.scanCordapp - Scanning CorDapp in file:/home/adel/corda/articles/web3j-iou/contracts/build/generated-custom-cordapps/20191220-020639.223/custom-cordapp_1_4_ea0ee340-01c7-47d1-acb6-01f77594c70b.jar
?[m?[37m[INFO] 20:06:40,737 [Test worker] ClassloaderUtils.logElapsedTime - Contracts loading for '/tmp/attachment2120962139173843324.jar' took 71 msec
?[m]]></system-out>
  <system-err><![CDATA[QUASAR WARNING: Assertions enabled. This may harm performance.
QUASAR WARNING: Quasar Java Agent isn't running. If you're using another instrumentation method you can ignore this message; otherwise, please refer to the Getting Started section in the Quasar documentation.
]]></system-err>
</testsuite>
