<?xml version="1.0" encoding="UTF-8"?>
<testsuite name="com.example.contracts.ContractTests" tests="1" skipped="0" failures="0" errors="0" timestamp="2019-12-05T04:40:25" hostname="adel-VirtualBox" time="0.0">
  <properties/>
  <testcase name="dummy test" classname="com.example.contracts.ContractTests" time="0.0"/>
  <system-out><![CDATA[?[37m[INFO] 22:40:23,782 [Test worker] cordapp.JarScanningCordappLoader.<init> - Loading CorDapps from RestrictedURL(url=file:/home/adel/corda/articles/web3j-iou/contracts/build/generated-custom-cordapps/20191205-044022.721/custom-cordapp_1_4_6286bc05-69f6-4f5e-a128-ed1fb3a130bc.jar, rootPackageName=null)
?[m?[37m[INFO] 22:40:23,821 [Test worker] cordapp.JarScanningCordappLoader.scanCordapp - Scanning CorDapp in file:/home/adel/corda/articles/web3j-iou/contracts/build/generated-custom-cordapps/20191205-044022.721/custom-cordapp_1_4_6286bc05-69f6-4f5e-a128-ed1fb3a130bc.jar
?[m?[37m[INFO] 22:40:24,026 [Test worker] ClassloaderUtils.logElapsedTime - Contracts loading for '/tmp/attachment578015142937893312.jar' took 69 msec
?[m]]></system-out>
  <system-err><![CDATA[QUASAR WARNING: Assertions enabled. This may harm performance.
QUASAR WARNING: Quasar Java Agent isn't running. If you're using another instrumentation method you can ignore this message; otherwise, please refer to the Getting Started section in the Quasar documentation.
]]></system-err>
</testsuite>
