<?xml version="1.0" encoding="UTF-8"?>
<testsuite name="com.example.FlowTests" tests="1" skipped="0" failures="0" errors="0" timestamp="2019-12-19T05:19:33" hostname="adel-VirtualBox" time="0.055">
  <properties/>
  <testcase name="dummy test" classname="com.example.FlowTests" time="0.055"/>
  <system-out><![CDATA[?[37m[INFO] 23:18:57,132 [Test worker] internal.TestCordappImpl.apply - Generating CorDapp jar from local project in /home/adel/corda/articles/web3j-iou (copy)/workflows ...
?[m?[37m[INFO] 23:18:57,995 [Connection worker] internal.TestCordappImpl.statusChanged - Build
?[m?[37m[INFO] 23:19:02,779 [Connection worker] internal.TestCordappImpl.statusChanged - Connecting to Gradle Daemon
?[m?[37m[INFO] 23:19:02,865 [Connection worker] internal.TestCordappImpl.statusChanged - Build
?[m?[37m[INFO] 23:19:03,045 [Connection worker] internal.TestCordappImpl.statusChanged - Run build
?[m?[37m[INFO] 23:19:03,046 [Connection worker] internal.TestCordappImpl.statusChanged - Evaluate settings
?[m?[37m[INFO] 23:19:03,046 [Connection worker] internal.TestCordappImpl.statusChanged - Run build
?[m?[37m[INFO] 23:19:03,046 [Connection worker] internal.TestCordappImpl.statusChanged - Configure build
?[m?[37m[INFO] 23:19:03,047 [Connection worker] internal.TestCordappImpl.statusChanged - Load projects
?[m?[37m[INFO] 23:19:03,047 [Connection worker] internal.TestCordappImpl.statusChanged - Configure build
?[m?[37m[INFO] 23:19:03,047 [Connection worker] internal.TestCordappImpl.statusChanged - Configure project :
?[m?[37m[INFO] 23:19:03,089 [Connection worker] internal.TestCordappImpl.statusChanged - Resolve dependencies of :classpath
?[m?[37m[INFO] 23:19:03,152 [Connection worker] internal.TestCordappImpl.statusChanged - Configure project :
?[m?[37m[INFO] 23:19:03,152 [Connection worker] internal.TestCordappImpl.statusChanged - Resolve files of :classpath
?[m?[37m[INFO] 23:19:03,254 [Connection worker] internal.TestCordappImpl.statusChanged - Configure project :
?[m?[37m[INFO] 23:19:03,254 [Connection worker] internal.TestCordappImpl.statusChanged - Resolve files of :classpath
?[m?[37m[INFO] 23:19:03,255 [Connection worker] internal.TestCordappImpl.statusChanged - Configure project :
?[m?[37m[INFO] 23:19:03,535 [Connection worker] internal.TestCordappImpl.statusChanged - Configure build
?[m?[37m[INFO] 23:19:03,536 [Connection worker] internal.TestCordappImpl.statusChanged - Configure project :clients
?[m?[37m[INFO] 23:19:03,542 [Connection worker] internal.TestCordappImpl.statusChanged - Configure build
?[m?[37m[INFO] 23:19:03,542 [Connection worker] internal.TestCordappImpl.statusChanged - Configure project :contracts
?[m?[37m[INFO] 23:19:03,543 [Connection worker] internal.TestCordappImpl.statusChanged - Configure build
?[m?[37m[INFO] 23:19:03,543 [Connection worker] internal.TestCordappImpl.statusChanged - Configure project :workflows
?[m?[37m[INFO] 23:19:03,578 [Connection worker] internal.TestCordappImpl.statusChanged - Configure build
?[m?[37m[INFO] 23:19:03,590 [Connection worker] internal.TestCordappImpl.statusChanged - Run build
?[m?[37m[INFO] 23:19:03,598 [Connection worker] internal.TestCordappImpl.statusChanged - Resolve dependencies of :workflows:kotlinCompilerClasspath
?[m?[37m[INFO] 23:19:03,598 [Connection worker] internal.TestCordappImpl.statusChanged - Run build
?[m?[37m[INFO] 23:19:03,599 [Connection worker] internal.TestCordappImpl.statusChanged - Resolve files of :workflows:kotlinCompilerClasspath
?[m?[37m[INFO] 23:19:03,599 [Connection worker] internal.TestCordappImpl.statusChanged - Run build
?[m?[37m[INFO] 23:19:03,610 [Connection worker] internal.TestCordappImpl.statusChanged - Resolve dependencies of :contracts:kotlinCompilerClasspath
?[m?[37m[INFO] 23:19:03,617 [Connection worker] internal.TestCordappImpl.statusChanged - Run build
?[m?[37m[INFO] 23:19:03,617 [Connection worker] internal.TestCordappImpl.statusChanged - Resolve files of :contracts:kotlinCompilerClasspath
?[m?[37m[INFO] 23:19:03,617 [Connection worker] internal.TestCordappImpl.statusChanged - Run build
?[m?[37m[INFO] 23:19:03,618 [Connection worker] internal.TestCordappImpl.statusChanged - Run tasks
?[m?[37m[INFO] 23:19:03,671 [Connection worker] internal.TestCordappImpl.statusChanged - Task :contracts:compileKotlin
?[m?[37m[INFO] 23:19:03,671 [Connection worker] internal.TestCordappImpl.statusChanged - Resolve files of :contracts:kotlinCompilerClasspath
?[m?[37m[INFO] 23:19:03,671 [Connection worker] internal.TestCordappImpl.statusChanged - Task :contracts:compileKotlin
?[m?[37m[INFO] 23:19:03,682 [Connection worker] internal.TestCordappImpl.statusChanged - Resolve dependencies of :contracts:kotlinCompilerPluginClasspath
?[m?[37m[INFO] 23:19:03,690 [Connection worker] internal.TestCordappImpl.statusChanged - Task :contracts:compileKotlin
?[m?[37m[INFO] 23:19:03,690 [Connection worker] internal.TestCordappImpl.statusChanged - Resolve files of :contracts:kotlinCompilerPluginClasspath
?[m?[37m[INFO] 23:19:03,691 [Connection worker] internal.TestCordappImpl.statusChanged - Task :contracts:compileKotlin
?[m?[37m[INFO] 23:19:03,691 [Connection worker] internal.TestCordappImpl.statusChanged - Resolve dependencies of :contracts:compileClasspath
?[m?[37m[INFO] 23:19:03,702 [Connection worker] internal.TestCordappImpl.statusChanged - Task :contracts:compileKotlin
?[m?[37m[INFO] 23:19:03,702 [Connection worker] internal.TestCordappImpl.statusChanged - Resolve files of :contracts:compileClasspath
?[m?[37m[INFO] 23:19:03,710 [Connection worker] internal.TestCordappImpl.statusChanged - Task :contracts:compileKotlin
?[m?[37m[INFO] 23:19:03,710 [Connection worker] internal.TestCordappImpl.statusChanged - Resolve files of :contracts:compileClasspath
?[m?[37m[INFO] 23:19:03,710 [Connection worker] internal.TestCordappImpl.statusChanged - Task :contracts:compileKotlin
?[m?[37m[INFO] 23:19:03,735 [Connection worker] internal.TestCordappImpl.statusChanged - Resolve files of :contracts:kotlinCompilerPluginClasspath
?[m?[37m[INFO] 23:19:03,735 [Connection worker] internal.TestCordappImpl.statusChanged - Task :contracts:compileKotlin
?[m?[37m[INFO] 23:19:03,735 [Connection worker] internal.TestCordappImpl.statusChanged - Run tasks
?[m?[37m[INFO] 23:19:03,742 [Connection worker] internal.TestCordappImpl.statusChanged - Task :contracts:compileJava
?[m?[37m[INFO] 23:19:03,774 [Connection worker] internal.TestCordappImpl.statusChanged - Run tasks
?[m?[37m[INFO] 23:19:03,775 [Connection worker] internal.TestCordappImpl.statusChanged - Task :contracts:processResources
?[m?[37m[INFO] 23:19:03,786 [Connection worker] internal.TestCordappImpl.statusChanged - Run tasks
?[m?[37m[INFO] 23:19:03,786 [Connection worker] internal.TestCordappImpl.statusChanged - Task :contracts:classes
?[m?[37m[INFO] 23:19:03,787 [Connection worker] internal.TestCordappImpl.statusChanged - Run tasks
?[m?[37m[INFO] 23:19:03,787 [Connection worker] internal.TestCordappImpl.statusChanged - Task :contracts:configureCordappFatJar
?[m?[37m[INFO] 23:19:03,787 [Connection worker] internal.TestCordappImpl.statusChanged - Resolve dependencies of :contracts:runtime
?[m?[37m[INFO] 23:19:03,787 [Connection worker] internal.TestCordappImpl.statusChanged - Task :contracts:configureCordappFatJar
?[m?[37m[INFO] 23:19:03,788 [Connection worker] internal.TestCordappImpl.statusChanged - Resolve files of :contracts:runtime
?[m?[37m[INFO] 23:19:03,788 [Connection worker] internal.TestCordappImpl.statusChanged - Task :contracts:configureCordappFatJar
?[m?[37m[INFO] 23:19:03,797 [Connection worker] internal.TestCordappImpl.statusChanged - Run tasks
?[m?[37m[INFO] 23:19:03,798 [Connection worker] internal.TestCordappImpl.statusChanged - Task :contracts:inspectClassesForKotlinIC
?[m?[37m[INFO] 23:19:03,810 [Connection worker] internal.TestCordappImpl.statusChanged - Run tasks
?[m?[37m[INFO] 23:19:03,810 [Connection worker] internal.TestCordappImpl.statusChanged - Task :contracts:jar
?[m?[37m[INFO] 23:19:03,811 [Connection worker] internal.TestCordappImpl.statusChanged - Run tasks
?[m?[37m[INFO] 23:19:03,811 [Connection worker] internal.TestCordappImpl.statusChanged - Task :workflows:compileKotlin
?[m?[37m[INFO] 23:19:03,811 [Connection worker] internal.TestCordappImpl.statusChanged - Resolve files of :workflows:kotlinCompilerClasspath
?[m?[37m[INFO] 23:19:03,811 [Connection worker] internal.TestCordappImpl.statusChanged - Task :workflows:compileKotlin
?[m?[37m[INFO] 23:19:03,828 [Connection worker] internal.TestCordappImpl.statusChanged - Resolve dependencies of :workflows:kotlinCompilerPluginClasspath
?[m?[37m[INFO] 23:19:03,828 [Connection worker] internal.TestCordappImpl.statusChanged - Task :workflows:compileKotlin
?[m?[37m[INFO] 23:19:03,829 [Connection worker] internal.TestCordappImpl.statusChanged - Resolve files of :workflows:kotlinCompilerPluginClasspath
?[m?[37m[INFO] 23:19:03,829 [Connection worker] internal.TestCordappImpl.statusChanged - Task :workflows:compileKotlin
?[m?[37m[INFO] 23:19:03,829 [Connection worker] internal.TestCordappImpl.statusChanged - Resolve dependencies of :workflows:compileClasspath
?[m?[37m[INFO] 23:19:03,841 [Connection worker] internal.TestCordappImpl.statusChanged - Task :workflows:compileKotlin
?[m?[37m[INFO] 23:19:03,841 [Connection worker] internal.TestCordappImpl.statusChanged - Resolve files of :workflows:compileClasspath
?[m?[37m[INFO] 23:19:03,841 [Connection worker] internal.TestCordappImpl.statusChanged - Task :workflows:compileKotlin
?[m?[37m[INFO] 23:19:03,842 [Connection worker] internal.TestCordappImpl.statusChanged - Resolve files of :workflows:compileClasspath
?[m?[37m[INFO] 23:19:03,842 [Connection worker] internal.TestCordappImpl.statusChanged - Task :workflows:compileKotlin
?[m?[37m[INFO] 23:19:03,854 [Connection worker] internal.TestCordappImpl.statusChanged - Resolve files of :workflows:kotlinCompilerPluginClasspath
?[m?[37m[INFO] 23:19:03,854 [Connection worker] internal.TestCordappImpl.statusChanged - Task :workflows:compileKotlin
?[m?[37m[INFO] 23:19:03,854 [Connection worker] internal.TestCordappImpl.statusChanged - Run tasks
?[m?[37m[INFO] 23:19:03,855 [Connection worker] internal.TestCordappImpl.statusChanged - Task :workflows:compileJava
?[m?[37m[INFO] 23:19:03,874 [Connection worker] internal.TestCordappImpl.statusChanged - Run tasks
?[m?[37m[INFO] 23:19:03,875 [Connection worker] internal.TestCordappImpl.statusChanged - Task :workflows:processResources
?[m?[37m[INFO] 23:19:03,892 [Connection worker] internal.TestCordappImpl.statusChanged - Run tasks
?[m?[37m[INFO] 23:19:03,895 [Connection worker] internal.TestCordappImpl.statusChanged - Task :workflows:classes
?[m?[37m[INFO] 23:19:03,895 [Connection worker] internal.TestCordappImpl.statusChanged - Run tasks
?[m?[37m[INFO] 23:19:03,902 [Connection worker] internal.TestCordappImpl.statusChanged - Task :workflows:configureCordappFatJar
?[m?[37m[INFO] 23:19:03,903 [Connection worker] internal.TestCordappImpl.statusChanged - Resolve dependencies of :workflows:runtime
?[m?[37m[INFO] 23:19:03,960 [Connection worker] internal.TestCordappImpl.statusChanged - Task :workflows:configureCordappFatJar
?[m?[37m[INFO] 23:19:03,960 [Connection worker] internal.TestCordappImpl.statusChanged - Resolve files of :workflows:runtime
?[m?[37m[INFO] 23:19:03,961 [Connection worker] internal.TestCordappImpl.statusChanged - Task :workflows:configureCordappFatJar
?[m?[37m[INFO] 23:19:03,961 [Connection worker] internal.TestCordappImpl.statusChanged - Resolve files of :workflows:runtime
?[m?[37m[INFO] 23:19:03,961 [Connection worker] internal.TestCordappImpl.statusChanged - Task :workflows:configureCordappFatJar
?[m?[37m[INFO] 23:19:03,962 [Connection worker] internal.TestCordappImpl.statusChanged - Resolve files of :workflows:runtime
?[m?[37m[INFO] 23:19:03,962 [Connection worker] internal.TestCordappImpl.statusChanged - Task :workflows:configureCordappFatJar
?[m?[37m[INFO] 23:19:03,962 [Connection worker] internal.TestCordappImpl.statusChanged - Resolve files of :workflows:runtime
?[m?[37m[INFO] 23:19:03,962 [Connection worker] internal.TestCordappImpl.statusChanged - Task :workflows:configureCordappFatJar
?[m?[37m[INFO] 23:19:03,963 [Connection worker] internal.TestCordappImpl.statusChanged - Run tasks
?[m?[37m[INFO] 23:19:03,963 [Connection worker] internal.TestCordappImpl.statusChanged - Task :workflows:inspectClassesForKotlinIC
?[m?[37m[INFO] 23:19:03,982 [Connection worker] internal.TestCordappImpl.statusChanged - Run tasks
?[m?[37m[INFO] 23:19:03,983 [Connection worker] internal.TestCordappImpl.statusChanged - Task :workflows:jar
?[m?[37m[INFO] 23:19:04,010 [Connection worker] internal.TestCordappImpl.statusChanged - Run tasks
?[m?[37m[INFO] 23:19:04,011 [Connection worker] internal.TestCordappImpl.statusChanged - Run build
?[m?[37m[INFO] 23:19:04,011 [Connection worker] internal.TestCordappImpl.statusChanged - Build model 'java.lang.Void' for project ':workflows'
?[m?[37m[INFO] 23:19:04,011 [Connection worker] internal.TestCordappImpl.statusChanged - Run build
?[m?[37m[INFO] 23:19:04,030 [Connection worker] internal.TestCordappImpl.statusChanged - Build
?[m?[37m[INFO] 23:19:04,043 [Connection worker] internal.TestCordappImpl.statusChanged - Deleting unused version-specific caches in /home/adel/corda/articles/web3j-iou (copy)/.gradle
?[m?[37m[INFO] 23:19:04,043 [Connection worker] internal.TestCordappImpl.statusChanged - Build
?[m?[37m[INFO] 23:19:04,126 [Connection worker] internal.TestCordappImpl.statusChanged - 
?[m?[37m[INFO] 23:19:04,853 [Test worker] cordapp.JarScanningCordappLoader.fromDirectories - Looking for CorDapps in [build/mock-network/20191219-051851.140/nodes/0/cordapps]
?[m?[37m[INFO] 23:19:04,860 [Test worker] cordapp.JarScanningCordappLoader.<init> - Loading CorDapps from RestrictedURL(url=file:/home/adel/corda/articles/web3j-iou%20(copy)/workflows/build/mock-network/20191219-051851.140/nodes/0/cordapps/workflows-0.1-SNAPSHOT.jar, rootPackageName=null), RestrictedURL(url=file:/home/adel/corda/articles/web3j-iou%20(copy)/workflows/build/mock-network/20191219-051851.140/nodes/0/cordapps/contracts-0.1-SNAPSHOT.jar, rootPackageName=null)
?[m?[37m[INFO] 23:19:04,874 [Test worker] cordapp.JarScanningCordappLoader.scanCordapp - Scanning CorDapp in file:/home/adel/corda/articles/web3j-iou%20(copy)/workflows/build/mock-network/20191219-051851.140/nodes/0/cordapps/workflows-0.1-SNAPSHOT.jar
?[m?[37m[INFO] 23:19:04,922 [Test worker] cordapp.JarScanningCordappLoader.scanCordapp - Scanning CorDapp in file:/home/adel/corda/articles/web3j-iou%20(copy)/workflows/build/mock-network/20191219-051851.140/nodes/0/cordapps/contracts-0.1-SNAPSHOT.jar
?[m?[31m[WARN] 23:19:04,953 [Test worker] cordapp.CordappResolver.warnOnce - More than one CorDapp registered for contract com.example.contract.IOUContract.
?[m?[37m[INFO] 23:19:06,786 [Test worker] internal.InternalMockNetwork$MockNode.start - Node starting up ...
?[m?[37m[INFO] 23:19:06,936 [Test worker] internal.NodeFlowManager.registerInitiatedFlow - Registered com.example.flow.ExampleFlow$Initiator to initiate com.example.flow.ExampleFlow$Acceptor (version 1)
?[m?[37m[INFO] 23:19:07,408 [Test worker] internal.InternalMockNetwork$MockNode.start - Loaded network parameters: NetworkParameters {
      minimumPlatformVersion=1
      notaries=[NotaryInfo(identity=O=Notary Service, L=Zurich, C=CH, validating=true)]
      maxMessageSize=10485760
      maxTransactionSize=524288000
      whitelistedContractImplementations {
        
      }
      eventHorizon=PT720H
      packageOwnership {
        
      }
      modifiedTime=2019-12-19T05:18:51.121Z
      epoch=1
  }
?[m?[37m[INFO] 23:19:07,516 [Test worker] hikari.HikariDataSource.<init> - HikariPool-1 - Started.
?[m?[37m[INFO] 23:19:18,736 [Test worker] liquibase.info - Creating database history table with name: PUBLIC.DATABASECHANGELOG
?[m?[37m[INFO] 23:19:18,782 [Test worker] liquibase.info - Reading from PUBLIC.DATABASECHANGELOG
?[m?[37m[INFO] 23:19:18,823 [Test worker] liquibase.info - master.changelog.json: migration/common.changelog-init.xml::1511451595465-1.3::R3.Corda: Skipping changeSet migration/common.changelog-init.xml::1511451595465-1.3::R3.Corda due to validation error(s): minValue is not allowed on h2
?[m?[37m[INFO] 23:19:18,883 [Test worker] liquibase.info - master.changelog.json: migration/vault-schema.changelog-pkey.xml::non-clustered_pk-11::R3.Corda: Skipping changeSet migration/vault-schema.changelog-pkey.xml::non-clustered_pk-11::R3.Corda due to validation error(s): clustered is not allowed on h2
?[m?[37m[INFO] 23:19:18,886 [Test worker] liquibase.info - master.changelog.json: migration/vault-schema.changelog-pkey.xml::non-clustered_pk-12::R3.Corda: Skipping changeSet migration/vault-schema.changelog-pkey.xml::non-clustered_pk-12::R3.Corda due to validation error(s): clustered is not allowed on h2
?[m?[37m[INFO] 23:19:18,888 [Test worker] liquibase.info - master.changelog.json: migration/vault-schema.changelog-pkey.xml::non-clustered_pk-13::R3.Corda: Skipping changeSet migration/vault-schema.changelog-pkey.xml::non-clustered_pk-13::R3.Corda due to validation error(s): clustered is not allowed on h2
?[m?[37m[INFO] 23:19:18,984 [Test worker] liquibase.info - master.changelog.json: migration/node-core.changelog-pkey.xml::non-clustered_pk-1::R3.Corda: Skipping changeSet migration/node-core.changelog-pkey.xml::non-clustered_pk-1::R3.Corda due to validation error(s): clustered is not allowed on h2
?[m?[37m[INFO] 23:19:18,985 [Test worker] liquibase.info - master.changelog.json: migration/node-core.changelog-pkey.xml::non-clustered_pk-2::R3.Corda: Skipping changeSet migration/node-core.changelog-pkey.xml::non-clustered_pk-2::R3.Corda due to validation error(s): clustered is not allowed on h2
?[m?[37m[INFO] 23:19:18,986 [Test worker] liquibase.info - master.changelog.json: migration/node-core.changelog-pkey.xml::non-clustered_pk-3::R3.Corda: Skipping changeSet migration/node-core.changelog-pkey.xml::non-clustered_pk-3::R3.Corda due to validation error(s): clustered is not allowed on h2
?[m?[37m[INFO] 23:19:18,990 [Test worker] liquibase.info - master.changelog.json: migration/node-core.changelog-pkey.xml::non-clustered_pk-4::R3.Corda: Skipping changeSet migration/node-core.changelog-pkey.xml::non-clustered_pk-4::R3.Corda due to validation error(s): clustered is not allowed on h2
?[m?[37m[INFO] 23:19:18,991 [Test worker] liquibase.info - master.changelog.json: migration/node-core.changelog-pkey.xml::non-clustered_pk-5::R3.Corda: Skipping changeSet migration/node-core.changelog-pkey.xml::non-clustered_pk-5::R3.Corda due to validation error(s): clustered is not allowed on h2
?[m?[37m[INFO] 23:19:18,992 [Test worker] liquibase.info - master.changelog.json: migration/node-core.changelog-pkey.xml::non-clustered_pk-6::R3.Corda: Skipping changeSet migration/node-core.changelog-pkey.xml::non-clustered_pk-6::R3.Corda due to validation error(s): clustered is not allowed on h2
?[m?[37m[INFO] 23:19:18,993 [Test worker] liquibase.info - master.changelog.json: migration/node-core.changelog-pkey.xml::non-clustered_pk-7::R3.Corda: Skipping changeSet migration/node-core.changelog-pkey.xml::non-clustered_pk-7::R3.Corda due to validation error(s): clustered is not allowed on h2
?[m?[37m[INFO] 23:19:19,026 [Test worker] liquibase.info - master.changelog.json: migration/node-notary.changelog-pkey.xml::non-clustered_pk-notary_state::R3.Corda: Skipping changeSet migration/node-notary.changelog-pkey.xml::non-clustered_pk-notary_state::R3.Corda due to validation error(s): clustered is not allowed on h2
?[m?[37m[INFO] 23:19:19,050 [Test worker] liquibase.info - Successfully acquired change log lock
?[m?[37m[INFO] 23:19:19,052 [Test worker] liquibase.info - master.changelog.json: migration/common.changelog-init.xml::1511451595465-1.3::R3.Corda: Skipping changeSet migration/common.changelog-init.xml::1511451595465-1.3::R3.Corda due to validation error(s): minValue is not allowed on h2
?[m?[37m[INFO] 23:19:19,059 [Test worker] liquibase.info - master.changelog.json: migration/vault-schema.changelog-pkey.xml::non-clustered_pk-11::R3.Corda: Skipping changeSet migration/vault-schema.changelog-pkey.xml::non-clustered_pk-11::R3.Corda due to validation error(s): clustered is not allowed on h2
?[m?[37m[INFO] 23:19:19,060 [Test worker] liquibase.info - master.changelog.json: migration/vault-schema.changelog-pkey.xml::non-clustered_pk-12::R3.Corda: Skipping changeSet migration/vault-schema.changelog-pkey.xml::non-clustered_pk-12::R3.Corda due to validation error(s): clustered is not allowed on h2
?[m?[37m[INFO] 23:19:19,061 [Test worker] liquibase.info - master.changelog.json: migration/vault-schema.changelog-pkey.xml::non-clustered_pk-13::R3.Corda: Skipping changeSet migration/vault-schema.changelog-pkey.xml::non-clustered_pk-13::R3.Corda due to validation error(s): clustered is not allowed on h2
?[m?[37m[INFO] 23:19:19,076 [Test worker] liquibase.info - master.changelog.json: migration/node-core.changelog-pkey.xml::non-clustered_pk-1::R3.Corda: Skipping changeSet migration/node-core.changelog-pkey.xml::non-clustered_pk-1::R3.Corda due to validation error(s): clustered is not allowed on h2
?[m?[37m[INFO] 23:19:19,077 [Test worker] liquibase.info - master.changelog.json: migration/node-core.changelog-pkey.xml::non-clustered_pk-2::R3.Corda: Skipping changeSet migration/node-core.changelog-pkey.xml::non-clustered_pk-2::R3.Corda due to validation error(s): clustered is not allowed on h2
?[m?[37m[INFO] 23:19:19,077 [Test worker] liquibase.info - master.changelog.json: migration/node-core.changelog-pkey.xml::non-clustered_pk-3::R3.Corda: Skipping changeSet migration/node-core.changelog-pkey.xml::non-clustered_pk-3::R3.Corda due to validation error(s): clustered is not allowed on h2
?[m?[37m[INFO] 23:19:19,077 [Test worker] liquibase.info - master.changelog.json: migration/node-core.changelog-pkey.xml::non-clustered_pk-4::R3.Corda: Skipping changeSet migration/node-core.changelog-pkey.xml::non-clustered_pk-4::R3.Corda due to validation error(s): clustered is not allowed on h2
?[m?[37m[INFO] 23:19:19,078 [Test worker] liquibase.info - master.changelog.json: migration/node-core.changelog-pkey.xml::non-clustered_pk-5::R3.Corda: Skipping changeSet migration/node-core.changelog-pkey.xml::non-clustered_pk-5::R3.Corda due to validation error(s): clustered is not allowed on h2
?[m?[37m[INFO] 23:19:19,078 [Test worker] liquibase.info - master.changelog.json: migration/node-core.changelog-pkey.xml::non-clustered_pk-6::R3.Corda: Skipping changeSet migration/node-core.changelog-pkey.xml::non-clustered_pk-6::R3.Corda due to validation error(s): clustered is not allowed on h2
?[m?[37m[INFO] 23:19:19,078 [Test worker] liquibase.info - master.changelog.json: migration/node-core.changelog-pkey.xml::non-clustered_pk-7::R3.Corda: Skipping changeSet migration/node-core.changelog-pkey.xml::non-clustered_pk-7::R3.Corda due to validation error(s): clustered is not allowed on h2
?[m?[37m[INFO] 23:19:19,082 [Test worker] liquibase.info - master.changelog.json: migration/node-notary.changelog-pkey.xml::non-clustered_pk-notary_state::R3.Corda: Skipping changeSet migration/node-notary.changelog-pkey.xml::non-clustered_pk-notary_state::R3.Corda due to validation error(s): clustered is not allowed on h2
?[m?[37m[INFO] 23:19:19,097 [Test worker] liquibase.info - master.changelog.json: migration/common.changelog-init.xml::1511451595465-1.1::R3.Corda: Sequence hibernate_sequence created
?[m?[37m[INFO] 23:19:19,098 [Test worker] liquibase.info - master.changelog.json: migration/common.changelog-init.xml::1511451595465-1.1::R3.Corda: ChangeSet migration/common.changelog-init.xml::1511451595465-1.1::R3.Corda ran successfully in 15ms
?[m?[37m[INFO] 23:19:19,122 [Test worker] liquibase.info - master.changelog.json: migration/vault-schema.changelog-init.xml::1511451595465-22::R3.Corda: Table vault_fungible_states created
?[m?[37m[INFO] 23:19:19,123 [Test worker] liquibase.info - master.changelog.json: migration/vault-schema.changelog-init.xml::1511451595465-22::R3.Corda: ChangeSet migration/vault-schema.changelog-init.xml::1511451595465-22::R3.Corda ran successfully in 3ms
?[m?[37m[INFO] 23:19:19,127 [Test worker] liquibase.info - master.changelog.json: migration/vault-schema.changelog-init.xml::1511451595465-23::R3.Corda: Table vault_fungible_states_parts created
?[m?[37m[INFO] 23:19:19,128 [Test worker] liquibase.info - master.changelog.json: migration/vault-schema.changelog-init.xml::1511451595465-23::R3.Corda: ChangeSet migration/vault-schema.changelog-init.xml::1511451595465-23::R3.Corda ran successfully in 1ms
?[m?[37m[INFO] 23:19:19,131 [Test worker] liquibase.info - master.changelog.json: migration/vault-schema.changelog-init.xml::1511451595465-24::R3.Corda: Table vault_linear_states created
?[m?[37m[INFO] 23:19:19,132 [Test worker] liquibase.info - master.changelog.json: migration/vault-schema.changelog-init.xml::1511451595465-24::R3.Corda: ChangeSet migration/vault-schema.changelog-init.xml::1511451595465-24::R3.Corda ran successfully in 3ms
?[m?[37m[INFO] 23:19:19,137 [Test worker] liquibase.info - master.changelog.json: migration/vault-schema.changelog-init.xml::1511451595465-25::R3.Corda: Table vault_linear_states_parts created
?[m?[37m[INFO] 23:19:19,137 [Test worker] liquibase.info - master.changelog.json: migration/vault-schema.changelog-init.xml::1511451595465-25::R3.Corda: ChangeSet migration/vault-schema.changelog-init.xml::1511451595465-25::R3.Corda ran successfully in 2ms
?[m?[37m[INFO] 23:19:19,142 [Test worker] liquibase.info - master.changelog.json: migration/vault-schema.changelog-init.xml::1511451595465-26::R3.Corda: Table vault_states created
?[m?[37m[INFO] 23:19:19,143 [Test worker] liquibase.info - master.changelog.json: migration/vault-schema.changelog-init.xml::1511451595465-26::R3.Corda: ChangeSet migration/vault-schema.changelog-init.xml::1511451595465-26::R3.Corda ran successfully in 3ms
?[m?[37m[INFO] 23:19:19,147 [Test worker] liquibase.info - master.changelog.json: migration/vault-schema.changelog-init.xml::1511451595465-27::R3.Corda: Table vault_transaction_notes created
?[m?[37m[INFO] 23:19:19,148 [Test worker] liquibase.info - master.changelog.json: migration/vault-schema.changelog-init.xml::1511451595465-27::R3.Corda: ChangeSet migration/vault-schema.changelog-init.xml::1511451595465-27::R3.Corda ran successfully in 2ms
?[m?[37m[INFO] 23:19:19,155 [Test worker] liquibase.info - master.changelog.json: migration/vault-schema.changelog-init.xml::1511451595465-47::R3.Corda: Primary key added to vault_fungible_states (output_index, transaction_id)
?[m?[37m[INFO] 23:19:19,155 [Test worker] liquibase.info - master.changelog.json: migration/vault-schema.changelog-init.xml::1511451595465-47::R3.Corda: ChangeSet migration/vault-schema.changelog-init.xml::1511451595465-47::R3.Corda ran successfully in 5ms
?[m?[37m[INFO] 23:19:19,160 [Test worker] liquibase.info - master.changelog.json: migration/vault-schema.changelog-init.xml::1511451595465-48::R3.Corda: Primary key added to vault_linear_states (output_index, transaction_id)
?[m?[37m[INFO] 23:19:19,160 [Test worker] liquibase.info - master.changelog.json: migration/vault-schema.changelog-init.xml::1511451595465-48::R3.Corda: ChangeSet migration/vault-schema.changelog-init.xml::1511451595465-48::R3.Corda ran successfully in 2ms
?[m?[37m[INFO] 23:19:19,165 [Test worker] liquibase.info - master.changelog.json: migration/vault-schema.changelog-init.xml::1511451595465-49::R3.Corda: Primary key added to vault_states (output_index, transaction_id)
?[m?[37m[INFO] 23:19:19,165 [Test worker] liquibase.info - master.changelog.json: migration/vault-schema.changelog-init.xml::1511451595465-49::R3.Corda: ChangeSet migration/vault-schema.changelog-init.xml::1511451595465-49::R3.Corda ran successfully in 2ms
?[m?[37m[INFO] 23:19:19,169 [Test worker] liquibase.info - master.changelog.json: migration/vault-schema.changelog-init.xml::1511451595465-50::R3.Corda: Primary key added to vault_transaction_notes (seq_no)
?[m?[37m[INFO] 23:19:19,169 [Test worker] liquibase.info - master.changelog.json: migration/vault-schema.changelog-init.xml::1511451595465-50::R3.Corda: ChangeSet migration/vault-schema.changelog-init.xml::1511451595465-50::R3.Corda ran successfully in 2ms
?[m?[37m[INFO] 23:19:19,181 [Test worker] liquibase.info - master.changelog.json: migration/vault-schema.changelog-init.xml::1511451595465-53::R3.Corda: Index external_id_index created
?[m?[37m[INFO] 23:19:19,182 [Test worker] liquibase.info - master.changelog.json: migration/vault-schema.changelog-init.xml::1511451595465-53::R3.Corda: ChangeSet migration/vault-schema.changelog-init.xml::1511451595465-53::R3.Corda ran successfully in 5ms
?[m?[37m[INFO] 23:19:19,192 [Test worker] liquibase.info - master.changelog.json: migration/vault-schema.changelog-init.xml::1511451595465-55::R3.Corda: Index lock_id_idx created
?[m?[37m[INFO] 23:19:19,193 [Test worker] liquibase.info - master.changelog.json: migration/vault-schema.changelog-init.xml::1511451595465-55::R3.Corda: ChangeSet migration/vault-schema.changelog-init.xml::1511451595465-55::R3.Corda ran successfully in 1ms
?[m?[37m[INFO] 23:19:19,206 [Test worker] liquibase.info - master.changelog.json: migration/vault-schema.changelog-init.xml::1511451595465-58::R3.Corda: Index state_status_idx created
?[m?[37m[INFO] 23:19:19,207 [Test worker] liquibase.info - master.changelog.json: migration/vault-schema.changelog-init.xml::1511451595465-58::R3.Corda: ChangeSet migration/vault-schema.changelog-init.xml::1511451595465-58::R3.Corda ran successfully in 2ms
?[m?[37m[INFO] 23:19:19,211 [Test worker] liquibase.info - master.changelog.json: migration/vault-schema.changelog-init.xml::1511451595465-59::R3.Corda: Index transaction_id_index created
?[m?[37m[INFO] 23:19:19,212 [Test worker] liquibase.info - master.changelog.json: migration/vault-schema.changelog-init.xml::1511451595465-59::R3.Corda: ChangeSet migration/vault-schema.changelog-init.xml::1511451595465-59::R3.Corda ran successfully in 1ms
?[m?[37m[INFO] 23:19:19,230 [Test worker] liquibase.info - master.changelog.json: migration/vault-schema.changelog-init.xml::1511451595465-60::R3.Corda: Index uuid_index created
?[m?[37m[INFO] 23:19:19,230 [Test worker] liquibase.info - master.changelog.json: migration/vault-schema.changelog-init.xml::1511451595465-60::R3.Corda: ChangeSet migration/vault-schema.changelog-init.xml::1511451595465-60::R3.Corda ran successfully in 2ms
?[m?[37m[INFO] 23:19:19,291 [Test worker] liquibase.info - master.changelog.json: migration/vault-schema.changelog-init.xml::1511451595465-64::R3.Corda: Foreign key constraint added to vault_fungible_states_parts (output_index,transaction_id)
?[m?[37m[INFO] 23:19:19,292 [Test worker] liquibase.info - master.changelog.json: migration/vault-schema.changelog-init.xml::1511451595465-64::R3.Corda: ChangeSet migration/vault-schema.changelog-init.xml::1511451595465-64::R3.Corda ran successfully in 58ms
?[m?[37m[INFO] 23:19:19,302 [Test worker] liquibase.info - master.changelog.json: migration/vault-schema.changelog-init.xml::1511451595465-65::R3.Corda: Foreign key constraint added to vault_linear_states_parts (output_index,transaction_id)
?[m?[37m[INFO] 23:19:19,302 [Test worker] liquibase.info - master.changelog.json: migration/vault-schema.changelog-init.xml::1511451595465-65::R3.Corda: ChangeSet migration/vault-schema.changelog-init.xml::1511451595465-65::R3.Corda ran successfully in 7ms
?[m?[37m[INFO] 23:19:19,307 [Test worker] liquibase.info - master.changelog.json: migration/vault-schema.changelog-v3.xml::clean_vault::R3.Corda: Data deleted from vault_fungible_states_parts
?[m?[37m[INFO] 23:19:19,307 [Test worker] liquibase.info - master.changelog.json: migration/vault-schema.changelog-v3.xml::clean_vault::R3.Corda: Data deleted from vault_fungible_states
?[m?[37m[INFO] 23:19:19,308 [Test worker] liquibase.info - master.changelog.json: migration/vault-schema.changelog-v3.xml::clean_vault::R3.Corda: Data deleted from vault_linear_states_parts
?[m?[37m[INFO] 23:19:19,309 [Test worker] liquibase.info - master.changelog.json: migration/vault-schema.changelog-v3.xml::clean_vault::R3.Corda: Data deleted from vault_linear_states
?[m?[37m[INFO] 23:19:19,323 [Test worker] liquibase.info - master.changelog.json: migration/vault-schema.changelog-v3.xml::clean_vault::R3.Corda: Data deleted from vault_states
?[m?[37m[INFO] 23:19:19,324 [Test worker] liquibase.info - master.changelog.json: migration/vault-schema.changelog-v3.xml::clean_vault::R3.Corda: Data deleted from vault_transaction_notes
?[m?[37m[INFO] 23:19:19,324 [Test worker] liquibase.info - master.changelog.json: migration/vault-schema.changelog-v3.xml::clean_vault::R3.Corda: ChangeSet migration/vault-schema.changelog-v3.xml::clean_vault::R3.Corda ran successfully in 18ms
?[m?[37m[INFO] 23:19:19,347 [Test worker] liquibase.info - master.changelog.json: migration/vault-schema.changelog-v4.xml::nullability::R3.Corda: Null constraint has been added to vault_fungible_states.quantity
?[m?[37m[INFO] 23:19:19,349 [Test worker] liquibase.info - master.changelog.json: migration/vault-schema.changelog-v4.xml::nullability::R3.Corda: Null constraint has been added to vault_states.contract_state_class_name
?[m?[37m[INFO] 23:19:19,356 [Test worker] liquibase.info - master.changelog.json: migration/vault-schema.changelog-v4.xml::nullability::R3.Corda: Null constraint has been added to vault_states.notary_name
?[m?[37m[INFO] 23:19:19,359 [Test worker] liquibase.info - master.changelog.json: migration/vault-schema.changelog-v4.xml::nullability::R3.Corda: Null constraint has been added to vault_states.recorded_timestamp
?[m?[37m[INFO] 23:19:19,366 [Test worker] liquibase.info - master.changelog.json: migration/vault-schema.changelog-v4.xml::nullability::R3.Corda: Index state_status_idx dropped from table vault_states
?[m?[37m[INFO] 23:19:19,369 [Test worker] liquibase.info - master.changelog.json: migration/vault-schema.changelog-v4.xml::nullability::R3.Corda: Index lock_id_idx dropped from table vault_states
?[m?[37m[INFO] 23:19:19,378 [Test worker] liquibase.info - master.changelog.json: migration/vault-schema.changelog-v4.xml::nullability::R3.Corda: Null constraint has been added to vault_states.state_status
?[m?[37m[INFO] 23:19:19,380 [Test worker] liquibase.info - master.changelog.json: migration/vault-schema.changelog-v4.xml::nullability::R3.Corda: Index state_status_idx created
?[m?[37m[INFO] 23:19:19,381 [Test worker] liquibase.info - master.changelog.json: migration/vault-schema.changelog-v4.xml::nullability::R3.Corda: Index lock_id_idx created
?[m?[37m[INFO] 23:19:19,382 [Test worker] liquibase.info - master.changelog.json: migration/vault-schema.changelog-v4.xml::nullability::R3.Corda: Index transaction_id_index dropped from table vault_transaction_notes
?[m?[37m[INFO] 23:19:19,384 [Test worker] liquibase.info - master.changelog.json: migration/vault-schema.changelog-v4.xml::nullability::R3.Corda: Null constraint has been added to vault_transaction_notes.note
?[m?[37m[INFO] 23:19:19,395 [Test worker] liquibase.info - master.changelog.json: migration/vault-schema.changelog-v4.xml::nullability::R3.Corda: Null constraint has been added to vault_transaction_notes.transaction_id
?[m?[37m[INFO] 23:19:19,396 [Test worker] liquibase.info - master.changelog.json: migration/vault-schema.changelog-v4.xml::nullability::R3.Corda: Index transaction_id_index created
?[m?[37m[INFO] 23:19:19,396 [Test worker] liquibase.info - master.changelog.json: migration/vault-schema.changelog-v4.xml::nullability::R3.Corda: ChangeSet migration/vault-schema.changelog-v4.xml::nullability::R3.Corda ran successfully in 64ms
?[m?[37m[INFO] 23:19:19,446 [Test worker] liquibase.info - master.changelog.json: migration/vault-schema.changelog-v5.xml::add_relevancy_status_column::R3.Corda: Columns relevancy_status(INT) added to vault_states
?[m?[37m[INFO] 23:19:19,447 [Test worker] liquibase.info - master.changelog.json: migration/vault-schema.changelog-v5.xml::add_relevancy_status_column::R3.Corda: Data updated in vault_states
?[m?[37m[INFO] 23:19:19,449 [Test worker] liquibase.info - master.changelog.json: migration/vault-schema.changelog-v5.xml::add_relevancy_status_column::R3.Corda: Null constraint has been added to vault_states.relevancy_status
?[m?[37m[INFO] 23:19:19,449 [Test worker] liquibase.info - master.changelog.json: migration/vault-schema.changelog-v5.xml::add_relevancy_status_column::R3.Corda: ChangeSet migration/vault-schema.changelog-v5.xml::add_relevancy_status_column::R3.Corda ran successfully in 32ms
?[m?[37m[INFO] 23:19:19,497 [Test worker] liquibase.info - master.changelog.json: migration/vault-schema.changelog-v6.xml::add_is_constraint_information_columns::R3.Corda: Columns constraint_type(INT) added to vault_states
?[m?[37m[INFO] 23:19:19,541 [Test worker] liquibase.info - master.changelog.json: migration/vault-schema.changelog-v6.xml::add_is_constraint_information_columns::R3.Corda: Columns constraint_data(varbinary(563)) added to vault_states
?[m?[37m[INFO] 23:19:19,541 [Test worker] liquibase.info - master.changelog.json: migration/vault-schema.changelog-v6.xml::add_is_constraint_information_columns::R3.Corda: ChangeSet migration/vault-schema.changelog-v6.xml::add_is_constraint_information_columns::R3.Corda ran successfully in 88ms
?[m?[37m[INFO] 23:19:19,545 [Test worker] liquibase.info - master.changelog.json: migration/vault-schema.changelog-v7.xml::make_issuer_ref_nullable::R3.Corda: Null constraint dropped from vault_fungible_states.issuer_ref
?[m?[37m[INFO] 23:19:19,546 [Test worker] liquibase.info - master.changelog.json: migration/vault-schema.changelog-v7.xml::make_issuer_ref_nullable::R3.Corda: ChangeSet migration/vault-schema.changelog-v7.xml::make_issuer_ref_nullable::R3.Corda ran successfully in 1ms
?[m?[37m[INFO] 23:19:19,550 [Test worker] liquibase.info - master.changelog.json: migration/vault-schema.changelog-v8.xml::create-external-id-to-state-party-view::R3.Corda: Table state_party created
?[m?[37m[INFO] 23:19:19,552 [Test worker] liquibase.info - master.changelog.json: migration/vault-schema.changelog-v8.xml::create-external-id-to-state-party-view::R3.Corda: Index state_pk_hash_idx created
?[m?[37m[INFO] 23:19:19,554 [Test worker] liquibase.info - master.changelog.json: migration/vault-schema.changelog-v8.xml::create-external-id-to-state-party-view::R3.Corda: Table pk_hash_to_ext_id_map created
?[m?[37m[INFO] 23:19:19,559 [Test worker] liquibase.info - master.changelog.json: migration/vault-schema.changelog-v8.xml::create-external-id-to-state-party-view::R3.Corda: Index pk_hash_to_xid_idx created
?[m?[37m[INFO] 23:19:19,565 [Test worker] liquibase.info - master.changelog.json: migration/vault-schema.changelog-v8.xml::create-external-id-to-state-party-view::R3.Corda: View v_pkey_hash_ex_id_map created
?[m?[37m[INFO] 23:19:19,565 [Test worker] liquibase.info - master.changelog.json: migration/vault-schema.changelog-v8.xml::create-external-id-to-state-party-view::R3.Corda: ChangeSet migration/vault-schema.changelog-v8.xml::create-external-id-to-state-party-view::R3.Corda ran successfully in 17ms
?[m?[37m[INFO] 23:19:19,577 [Test worker] liquibase.info - master.changelog.json: migration/node-info.changelog-init.xml::1511451595465-4::R3.Corda: Table node_link_nodeinfo_party created
?[m?[37m[INFO] 23:19:19,578 [Test worker] liquibase.info - master.changelog.json: migration/node-info.changelog-init.xml::1511451595465-4::R3.Corda: ChangeSet migration/node-info.changelog-init.xml::1511451595465-4::R3.Corda ran successfully in 2ms
?[m?[37m[INFO] 23:19:19,582 [Test worker] liquibase.info - master.changelog.json: migration/node-info.changelog-init.xml::1511451595465-10::R3.Corda: Table node_info_hosts created
?[m?[37m[INFO] 23:19:19,583 [Test worker] liquibase.info - master.changelog.json: migration/node-info.changelog-init.xml::1511451595465-10::R3.Corda: ChangeSet migration/node-info.changelog-init.xml::1511451595465-10::R3.Corda ran successfully in 2ms
?[m?[37m[INFO] 23:19:19,596 [Test worker] liquibase.info - master.changelog.json: migration/node-info.changelog-init.xml::1511451595465-11::R3.Corda: Table node_info_party_cert created
?[m?[37m[INFO] 23:19:19,596 [Test worker] liquibase.info - master.changelog.json: migration/node-info.changelog-init.xml::1511451595465-11::R3.Corda: ChangeSet migration/node-info.changelog-init.xml::1511451595465-11::R3.Corda ran successfully in 2ms
?[m?[37m[INFO] 23:19:19,600 [Test worker] liquibase.info - master.changelog.json: migration/node-info.changelog-init.xml::1511451595465-12::R3.Corda: Table node_infos created
?[m?[37m[INFO] 23:19:19,600 [Test worker] liquibase.info - master.changelog.json: migration/node-info.changelog-init.xml::1511451595465-12::R3.Corda: ChangeSet migration/node-info.changelog-init.xml::1511451595465-12::R3.Corda ran successfully in 2ms
?[m?[37m[INFO] 23:19:19,604 [Test worker] liquibase.info - master.changelog.json: migration/node-info.changelog-init.xml::1511451595465-35::R3.Corda: Primary key added to node_info_hosts (host, port)
?[m?[37m[INFO] 23:19:19,604 [Test worker] liquibase.info - master.changelog.json: migration/node-info.changelog-init.xml::1511451595465-35::R3.Corda: ChangeSet migration/node-info.changelog-init.xml::1511451595465-35::R3.Corda ran successfully in 2ms
?[m?[37m[INFO] 23:19:19,607 [Test worker] liquibase.info - master.changelog.json: migration/node-info.changelog-init.xml::1511451595465-36::R3.Corda: Primary key added to node_info_party_cert (party_name)
?[m?[37m[INFO] 23:19:19,608 [Test worker] liquibase.info - master.changelog.json: migration/node-info.changelog-init.xml::1511451595465-36::R3.Corda: ChangeSet migration/node-info.changelog-init.xml::1511451595465-36::R3.Corda ran successfully in 2ms
?[m?[37m[INFO] 23:19:19,611 [Test worker] liquibase.info - master.changelog.json: migration/node-info.changelog-init.xml::1511451595465-37::R3.Corda: Primary key added to node_infos (node_info_id)
?[m?[37m[INFO] 23:19:19,612 [Test worker] liquibase.info - master.changelog.json: migration/node-info.changelog-init.xml::1511451595465-37::R3.Corda: ChangeSet migration/node-info.changelog-init.xml::1511451595465-37::R3.Corda ran successfully in 1ms
?[m?[37m[INFO] 23:19:19,617 [Test worker] liquibase.info - master.changelog.json: migration/node-info.changelog-init.xml::1511451595465-62::R3.Corda: Foreign key constraint added to node_link_nodeinfo_party (node_info_id)
?[m?[37m[INFO] 23:19:19,617 [Test worker] liquibase.info - master.changelog.json: migration/node-info.changelog-init.xml::1511451595465-62::R3.Corda: ChangeSet migration/node-info.changelog-init.xml::1511451595465-62::R3.Corda ran successfully in 3ms
?[m?[37m[INFO] 23:19:19,624 [Test worker] liquibase.info - master.changelog.json: migration/node-info.changelog-init.xml::1511451595465-63::R3.Corda: Foreign key constraint added to node_info_hosts (node_info_id)
?[m?[37m[INFO] 23:19:19,624 [Test worker] liquibase.info - master.changelog.json: migration/node-info.changelog-init.xml::1511451595465-63::R3.Corda: ChangeSet migration/node-info.changelog-init.xml::1511451595465-63::R3.Corda ran successfully in 4ms
?[m?[37m[INFO] 23:19:19,628 [Test worker] liquibase.info - master.changelog.json: migration/node-info.changelog-init.xml::remove_host_port_pk::R3.Corda: Data deleted from node_infos
?[m?[37m[INFO] 23:19:19,629 [Test worker] liquibase.info - master.changelog.json: migration/node-info.changelog-init.xml::remove_host_port_pk::R3.Corda: Data deleted from node_link_nodeinfo_party
?[m?[37m[INFO] 23:19:19,630 [Test worker] liquibase.info - master.changelog.json: migration/node-info.changelog-init.xml::remove_host_port_pk::R3.Corda: Data deleted from node_info_hosts
?[m?[37m[INFO] 23:19:19,630 [Test worker] liquibase.info - master.changelog.json: migration/node-info.changelog-init.xml::remove_host_port_pk::R3.Corda: Data deleted from node_info_party_cert
?[m?[37m[INFO] 23:19:19,632 [Test worker] liquibase.info - master.changelog.json: migration/node-info.changelog-init.xml::remove_host_port_pk::R3.Corda: Primary key dropped from node_info_hosts
?[m?[37m[INFO] 23:19:19,644 [Test worker] liquibase.info - master.changelog.json: migration/node-info.changelog-init.xml::remove_host_port_pk::R3.Corda: Columns hosts_id(INT) added to node_info_hosts
?[m?[37m[INFO] 23:19:19,646 [Test worker] liquibase.info - master.changelog.json: migration/node-info.changelog-init.xml::remove_host_port_pk::R3.Corda: Primary key added to node_info_hosts (hosts_id)
?[m?[37m[INFO] 23:19:19,646 [Test worker] liquibase.info - master.changelog.json: migration/node-info.changelog-init.xml::remove_host_port_pk::R3.Corda: ChangeSet migration/node-info.changelog-init.xml::remove_host_port_pk::R3.Corda ran successfully in 18ms
?[m?[37m[INFO] 23:19:19,652 [Test worker] liquibase.info - master.changelog.json: migration/node-info.changelog-v1.xml::key/value node properties table::R3.Corda: Table node_properties created
?[m?[37m[INFO] 23:19:19,652 [Test worker] liquibase.info - master.changelog.json: migration/node-info.changelog-v1.xml::key/value node properties table::R3.Corda: ChangeSet migration/node-info.changelog-v1.xml::key/value node properties table::R3.Corda ran successfully in 2ms
?[m?[37m[INFO] 23:19:19,657 [Test worker] liquibase.info - master.changelog.json: migration/node-info.changelog-v2.xml::1525962920::R3.Corda: Null constraint has been added to node_infos.node_info_hash
?[m?[37m[INFO] 23:19:19,659 [Test worker] liquibase.info - master.changelog.json: migration/node-info.changelog-v2.xml::1525962920::R3.Corda: Null constraint has been added to node_infos.platform_version
?[m?[37m[INFO] 23:19:19,660 [Test worker] liquibase.info - master.changelog.json: migration/node-info.changelog-v2.xml::1525962920::R3.Corda: Null constraint has been added to node_infos.serial
?[m?[37m[INFO] 23:19:19,662 [Test worker] liquibase.info - master.changelog.json: migration/node-info.changelog-v2.xml::1525962920::R3.Corda: Null constraint dropped from node_info_hosts.host
?[m?[37m[INFO] 23:19:19,663 [Test worker] liquibase.info - master.changelog.json: migration/node-info.changelog-v2.xml::1525962920::R3.Corda: Null constraint dropped from node_info_hosts.port
?[m?[37m[INFO] 23:19:19,664 [Test worker] liquibase.info - master.changelog.json: migration/node-info.changelog-v2.xml::1525962920::R3.Corda: Null constraint has been added to node_info_party_cert.owning_key_hash
?[m?[37m[INFO] 23:19:19,666 [Test worker] liquibase.info - master.changelog.json: migration/node-info.changelog-v2.xml::1525962920::R3.Corda: Null constraint has been added to node_info_party_cert.party_cert_binary
?[m?[37m[INFO] 23:19:19,667 [Test worker] liquibase.info - master.changelog.json: migration/node-info.changelog-v2.xml::1525962920::R3.Corda: ChangeSet migration/node-info.changelog-v2.xml::1525962920::R3.Corda ran successfully in 11ms
?[m?[37m[INFO] 23:19:19,680 [Test worker] liquibase.info - master.changelog.json: migration/node-info.changelog-v3.xml::column_host_name::R3.Corda: Column node_info_hosts.host renamed to host_name
?[m?[37m[INFO] 23:19:19,680 [Test worker] liquibase.info - master.changelog.json: migration/node-info.changelog-v3.xml::column_host_name::R3.Corda: ChangeSet migration/node-info.changelog-v3.xml::column_host_name::R3.Corda ran successfully in 9ms
?[m?[37m[INFO] 23:19:19,686 [Test worker] liquibase.info - master.changelog.json: migration/node-services.changelog-init.xml::1511451595465-5::R3.Corda: Table node_attachments created
?[m?[37m[INFO] 23:19:19,687 [Test worker] liquibase.info - master.changelog.json: migration/node-services.changelog-init.xml::1511451595465-5::R3.Corda: ChangeSet migration/node-services.changelog-init.xml::1511451595465-5::R3.Corda ran successfully in 3ms
?[m?[37m[INFO] 23:19:19,696 [Test worker] liquibase.info - master.changelog.json: migration/node-services.changelog-init.xml::1511451595465-7::R3.Corda: Table node_checkpoints created
?[m?[37m[INFO] 23:19:19,696 [Test worker] liquibase.info - master.changelog.json: migration/node-services.changelog-init.xml::1511451595465-7::R3.Corda: ChangeSet migration/node-services.changelog-init.xml::1511451595465-7::R3.Corda ran successfully in 6ms
?[m?[37m[INFO] 23:19:19,702 [Test worker] liquibase.info - master.changelog.json: migration/node-services.changelog-init.xml::1511451595465-8::R3.Corda: Table node_contract_upgrades created
?[m?[37m[INFO] 23:19:19,702 [Test worker] liquibase.info - master.changelog.json: migration/node-services.changelog-init.xml::1511451595465-8::R3.Corda: ChangeSet migration/node-services.changelog-init.xml::1511451595465-8::R3.Corda ran successfully in 3ms
?[m?[37m[INFO] 23:19:19,710 [Test worker] liquibase.info - master.changelog.json: migration/node-services.changelog-init.xml::1511451595465-9::R3.Corda: Table node_identities created
?[m?[37m[INFO] 23:19:19,710 [Test worker] liquibase.info - master.changelog.json: migration/node-services.changelog-init.xml::1511451595465-9::R3.Corda: ChangeSet migration/node-services.changelog-init.xml::1511451595465-9::R3.Corda ran successfully in 5ms
?[m?[37m[INFO] 23:19:19,716 [Test worker] liquibase.info - master.changelog.json: migration/node-services.changelog-init.xml::1511451595465-13::R3.Corda: Table node_message_ids created
?[m?[37m[INFO] 23:19:19,716 [Test worker] liquibase.info - master.changelog.json: migration/node-services.changelog-init.xml::1511451595465-13::R3.Corda: ChangeSet migration/node-services.changelog-init.xml::1511451595465-13::R3.Corda ran successfully in 3ms
?[m?[37m[INFO] 23:19:19,723 [Test worker] liquibase.info - master.changelog.json: migration/node-services.changelog-init.xml::1511451595465-14::R3.Corda: Table node_message_retry created
?[m?[37m[INFO] 23:19:19,724 [Test worker] liquibase.info - master.changelog.json: migration/node-services.changelog-init.xml::1511451595465-14::R3.Corda: ChangeSet migration/node-services.changelog-init.xml::1511451595465-14::R3.Corda ran successfully in 1ms
?[m?[37m[INFO] 23:19:19,728 [Test worker] liquibase.info - master.changelog.json: migration/node-services.changelog-init.xml::1511451595465-15::R3.Corda: Table node_named_identities created
?[m?[37m[INFO] 23:19:19,729 [Test worker] liquibase.info - master.changelog.json: migration/node-services.changelog-init.xml::1511451595465-15::R3.Corda: ChangeSet migration/node-services.changelog-init.xml::1511451595465-15::R3.Corda ran successfully in 2ms
?[m?[37m[INFO] 23:19:19,733 [Test worker] liquibase.info - master.changelog.json: migration/node-services.changelog-init.xml::1511451595465-17::R3.Corda: Table node_our_key_pairs created
?[m?[37m[INFO] 23:19:19,733 [Test worker] liquibase.info - master.changelog.json: migration/node-services.changelog-init.xml::1511451595465-17::R3.Corda: ChangeSet migration/node-services.changelog-init.xml::1511451595465-17::R3.Corda ran successfully in 2ms
?[m?[37m[INFO] 23:19:19,737 [Test worker] liquibase.info - master.changelog.json: migration/node-services.changelog-init.xml::1511451595465-19::R3.Corda: Table node_scheduled_states created
?[m?[37m[INFO] 23:19:19,738 [Test worker] liquibase.info - master.changelog.json: migration/node-services.changelog-init.xml::1511451595465-19::R3.Corda: ChangeSet migration/node-services.changelog-init.xml::1511451595465-19::R3.Corda ran successfully in 1ms
?[m?[37m[INFO] 23:19:19,749 [Test worker] liquibase.info - master.changelog.json: migration/node-services.changelog-init.xml::1511451595465-20::R3.Corda: Table node_transaction_mappings created
?[m?[37m[INFO] 23:19:19,750 [Test worker] liquibase.info - master.changelog.json: migration/node-services.changelog-init.xml::1511451595465-20::R3.Corda: ChangeSet migration/node-services.changelog-init.xml::1511451595465-20::R3.Corda ran successfully in 6ms
?[m?[37m[INFO] 23:19:19,756 [Test worker] liquibase.info - master.changelog.json: migration/node-services.changelog-init.xml::1511451595465-21::R3.Corda: Table node_transactions created
?[m?[37m[INFO] 23:19:19,757 [Test worker] liquibase.info - master.changelog.json: migration/node-services.changelog-init.xml::1511451595465-21::R3.Corda: ChangeSet migration/node-services.changelog-init.xml::1511451595465-21::R3.Corda ran successfully in 3ms
?[m?[37m[INFO] 23:19:19,768 [Test worker] liquibase.info - master.changelog.json: migration/node-services.changelog-init.xml::1511451595465-30::R3.Corda: Primary key added to node_attachments (att_id)
?[m?[37m[INFO] 23:19:19,769 [Test worker] liquibase.info - master.changelog.json: migration/node-services.changelog-init.xml::1511451595465-30::R3.Corda: ChangeSet migration/node-services.changelog-init.xml::1511451595465-30::R3.Corda ran successfully in 5ms
?[m?[37m[INFO] 23:19:19,781 [Test worker] liquibase.info - master.changelog.json: migration/node-services.changelog-init.xml::1511451595465-32::R3.Corda: Primary key added to node_checkpoints (checkpoint_id)
?[m?[37m[INFO] 23:19:19,782 [Test worker] liquibase.info - master.changelog.json: migration/node-services.changelog-init.xml::1511451595465-32::R3.Corda: ChangeSet migration/node-services.changelog-init.xml::1511451595465-32::R3.Corda ran successfully in 2ms
?[m?[37m[INFO] 23:19:19,790 [Test worker] liquibase.info - master.changelog.json: migration/node-services.changelog-init.xml::1511451595465-33::R3.Corda: Primary key added to node_contract_upgrades (state_ref)
?[m?[37m[INFO] 23:19:19,791 [Test worker] liquibase.info - master.changelog.json: migration/node-services.changelog-init.xml::1511451595465-33::R3.Corda: ChangeSet migration/node-services.changelog-init.xml::1511451595465-33::R3.Corda ran successfully in 2ms
?[m?[37m[INFO] 23:19:19,800 [Test worker] liquibase.info - master.changelog.json: migration/node-services.changelog-init.xml::1511451595465-34::R3.Corda: Primary key added to node_identities (pk_hash)
?[m?[37m[INFO] 23:19:19,800 [Test worker] liquibase.info - master.changelog.json: migration/node-services.changelog-init.xml::1511451595465-34::R3.Corda: ChangeSet migration/node-services.changelog-init.xml::1511451595465-34::R3.Corda ran successfully in 7ms
?[m?[37m[INFO] 23:19:19,810 [Test worker] liquibase.info - master.changelog.json: migration/node-services.changelog-init.xml::1511451595465-38::R3.Corda: Primary key added to node_message_ids (message_id)
?[m?[37m[INFO] 23:19:19,811 [Test worker] liquibase.info - master.changelog.json: migration/node-services.changelog-init.xml::1511451595465-38::R3.Corda: ChangeSet migration/node-services.changelog-init.xml::1511451595465-38::R3.Corda ran successfully in 4ms
?[m?[37m[INFO] 23:19:19,815 [Test worker] liquibase.info - master.changelog.json: migration/node-services.changelog-init.xml::1511451595465-39::R3.Corda: Primary key added to node_message_retry (message_id)
?[m?[37m[INFO] 23:19:19,815 [Test worker] liquibase.info - master.changelog.json: migration/node-services.changelog-init.xml::1511451595465-39::R3.Corda: ChangeSet migration/node-services.changelog-init.xml::1511451595465-39::R3.Corda ran successfully in 2ms
?[m?[37m[INFO] 23:19:19,831 [Test worker] liquibase.info - master.changelog.json: migration/node-services.changelog-init.xml::1511451595465-40::R3.Corda: Primary key added to node_named_identities (name)
?[m?[37m[INFO] 23:19:19,832 [Test worker] liquibase.info - master.changelog.json: migration/node-services.changelog-init.xml::1511451595465-40::R3.Corda: ChangeSet migration/node-services.changelog-init.xml::1511451595465-40::R3.Corda ran successfully in 1ms
?[m?[37m[INFO] 23:19:19,835 [Test worker] liquibase.info - master.changelog.json: migration/node-services.changelog-init.xml::1511451595465-42::R3.Corda: Primary key added to node_our_key_pairs (public_key_hash)
?[m?[37m[INFO] 23:19:19,835 [Test worker] liquibase.info - master.changelog.json: migration/node-services.changelog-init.xml::1511451595465-42::R3.Corda: ChangeSet migration/node-services.changelog-init.xml::1511451595465-42::R3.Corda ran successfully in 2ms
?[m?[37m[INFO] 23:19:19,839 [Test worker] liquibase.info - master.changelog.json: migration/node-services.changelog-init.xml::1511451595465-44::R3.Corda: Primary key added to node_scheduled_states (output_index, transaction_id)
?[m?[37m[INFO] 23:19:19,840 [Test worker] liquibase.info - master.changelog.json: migration/node-services.changelog-init.xml::1511451595465-44::R3.Corda: ChangeSet migration/node-services.changelog-init.xml::1511451595465-44::R3.Corda ran successfully in 1ms
?[m?[37m[INFO] 23:19:19,843 [Test worker] liquibase.info - master.changelog.json: migration/node-services.changelog-init.xml::1511451595465-45::R3.Corda: Primary key added to node_transaction_mappings (tx_id)
?[m?[37m[INFO] 23:19:19,843 [Test worker] liquibase.info - master.changelog.json: migration/node-services.changelog-init.xml::1511451595465-45::R3.Corda: ChangeSet migration/node-services.changelog-init.xml::1511451595465-45::R3.Corda ran successfully in 1ms
?[m?[37m[INFO] 23:19:19,846 [Test worker] liquibase.info - master.changelog.json: migration/node-services.changelog-init.xml::1511451595465-46::R3.Corda: Primary key added to node_transactions (tx_id)
?[m?[37m[INFO] 23:19:19,847 [Test worker] liquibase.info - master.changelog.json: migration/node-services.changelog-init.xml::1511451595465-46::R3.Corda: ChangeSet migration/node-services.changelog-init.xml::1511451595465-46::R3.Corda ran successfully in 2ms
?[m?[37m[INFO] 23:19:19,853 [Test worker] liquibase.info - master.changelog.json: migration/node-services.changelog-init.xml::1511451595465-61::R3.Corda: Foreign key constraint added to node_link_nodeinfo_party (party_name)
?[m?[37m[INFO] 23:19:19,854 [Test worker] liquibase.info - master.changelog.json: migration/node-services.changelog-init.xml::1511451595465-61::R3.Corda: ChangeSet migration/node-services.changelog-init.xml::1511451595465-61::R3.Corda ran successfully in 4ms
?[m?[37m[INFO] 23:19:19,857 [Test worker] liquibase.info - master.changelog.json: migration/node-services.changelog-init.xml::add index att_id::R3.Corda: Index att_id_idx created
?[m?[37m[INFO] 23:19:19,858 [Test worker] liquibase.info - master.changelog.json: migration/node-services.changelog-init.xml::add index att_id::R3.Corda: ChangeSet migration/node-services.changelog-init.xml::add index att_id::R3.Corda ran successfully in 1ms
?[m?[37m[INFO] 23:19:19,862 [Test worker] liquibase.info - master.changelog.json: migration/node-services.changelog-init.xml::add_contract_attachment::R3.Corda: Table node_attchments_contracts created
?[m?[37m[INFO] 23:19:19,866 [Test worker] liquibase.info - master.changelog.json: migration/node-services.changelog-init.xml::add_contract_attachment::R3.Corda: Foreign key constraint added to node_attchments_contracts (att_id)
?[m?[37m[INFO] 23:19:19,867 [Test worker] liquibase.info - master.changelog.json: migration/node-services.changelog-init.xml::add_contract_attachment::R3.Corda: Data deleted from node_attachments
?[m?[37m[INFO] 23:19:19,867 [Test worker] liquibase.info - master.changelog.json: migration/node-services.changelog-init.xml::add_contract_attachment::R3.Corda: ChangeSet migration/node-services.changelog-init.xml::add_contract_attachment::R3.Corda ran successfully in 7ms
?[m?[37m[INFO] 23:19:19,887 [Test worker] liquibase.info - master.changelog.json: migration/node-services.changelog-init.xml::add_dedup_columns::R3.Corda: Columns sender(NVARCHAR(64)),sequence_number(BIGINT) added to node_message_ids
?[m?[37m[INFO] 23:19:19,887 [Test worker] liquibase.info - master.changelog.json: migration/node-services.changelog-init.xml::add_dedup_columns::R3.Corda: ChangeSet migration/node-services.changelog-init.xml::add_dedup_columns::R3.Corda ran successfully in 15ms
?[m?[37m[INFO] 23:19:19,892 [Test worker] liquibase.info - master.changelog.json: migration/node-core.changelog-v4.xml::attchments_rename::R3.Corda: Table node_attchments_contracts renamed to node_attachments_contracts
?[m?[37m[INFO] 23:19:19,892 [Test worker] liquibase.info - master.changelog.json: migration/node-core.changelog-v4.xml::attchments_rename::R3.Corda: ChangeSet migration/node-core.changelog-v4.xml::attchments_rename::R3.Corda ran successfully in 2ms
?[m?[37m[INFO] 23:19:19,896 [Test worker] liquibase.info - master.changelog.json: migration/node-core.changelog-v4.xml::nullability::R3.Corda: Null constraint has been added to node_identities.identity_value
?[m?[37m[INFO] 23:19:19,898 [Test worker] liquibase.info - master.changelog.json: migration/node-core.changelog-v4.xml::nullability::R3.Corda: Null constraint has been added to node_attachments.content
?[m?[37m[INFO] 23:19:19,899 [Test worker] liquibase.info - master.changelog.json: migration/node-core.changelog-v4.xml::nullability::R3.Corda: Null constraint has been added to node_attachments_contracts.contract_class_name
?[m?[37m[INFO] 23:19:19,901 [Test worker] liquibase.info - master.changelog.json: migration/node-core.changelog-v4.xml::nullability::R3.Corda: Null constraint has been added to node_checkpoints.checkpoint_value
?[m?[37m[INFO] 23:19:19,902 [Test worker] liquibase.info - master.changelog.json: migration/node-core.changelog-v4.xml::nullability::R3.Corda: Null constraint has been added to node_contract_upgrades.contract_class_name
?[m?[37m[INFO] 23:19:19,903 [Test worker] liquibase.info - master.changelog.json: migration/node-core.changelog-v4.xml::nullability::R3.Corda: Null constraint has been added to node_message_ids.insertion_time
?[m?[37m[INFO] 23:19:19,905 [Test worker] liquibase.info - master.changelog.json: migration/node-core.changelog-v4.xml::nullability::R3.Corda: Null constraint has been added to node_message_retry.message
?[m?[37m[INFO] 23:19:19,906 [Test worker] liquibase.info - master.changelog.json: migration/node-core.changelog-v4.xml::nullability::R3.Corda: Null constraint has been added to node_message_retry.recipients
?[m?[37m[INFO] 23:19:19,907 [Test worker] liquibase.info - master.changelog.json: migration/node-core.changelog-v4.xml::nullability::R3.Corda: Null constraint has been added to node_named_identities.pk_hash
?[m?[37m[INFO] 23:19:19,908 [Test worker] liquibase.info - master.changelog.json: migration/node-core.changelog-v4.xml::nullability::R3.Corda: Null constraint has been added to node_our_key_pairs.private_key
?[m?[37m[INFO] 23:19:19,909 [Test worker] liquibase.info - master.changelog.json: migration/node-core.changelog-v4.xml::nullability::R3.Corda: Null constraint has been added to node_our_key_pairs.public_key
?[m?[37m[INFO] 23:19:19,914 [Test worker] liquibase.info - master.changelog.json: migration/node-core.changelog-v4.xml::nullability::R3.Corda: Null constraint has been added to node_transaction_mappings.state_machine_run_id
?[m?[37m[INFO] 23:19:19,915 [Test worker] liquibase.info - master.changelog.json: migration/node-core.changelog-v4.xml::nullability::R3.Corda: Null constraint has been added to node_transactions.transaction_value
?[m?[37m[INFO] 23:19:19,916 [Test worker] liquibase.info - master.changelog.json: migration/node-core.changelog-v4.xml::nullability::R3.Corda: ChangeSet migration/node-core.changelog-v4.xml::nullability::R3.Corda ran successfully in 20ms
?[m?[37m[INFO] 23:19:19,923 [Test worker] liquibase.info - master.changelog.json: migration/node-core.changelog-v5.xml::remove_unused_node_message_retry::R3.Corda: Table node_message_retry dropped
?[m?[37m[INFO] 23:19:19,924 [Test worker] liquibase.info - master.changelog.json: migration/node-core.changelog-v5.xml::remove_unused_node_message_retry::R3.Corda: ChangeSet migration/node-core.changelog-v5.xml::remove_unused_node_message_retry::R3.Corda ran successfully in 5ms
?[m?[37m[INFO] 23:19:20,033 [Test worker] liquibase.info - master.changelog.json: migration/node-core.changelog-v8.xml::conditional_attchments_rename::R3.Corda: Marking ChangeSet: migration/node-core.changelog-v8.xml::conditional_attchments_rename::R3.Corda ran despite precondition failure due to onFail='MARK_RAN': 
          master.changelog.json : Table PUBLIC.NODE_ATTCHMENTS_CONTRACTS does not exist

?[m?[37m[INFO] 23:19:20,155 [Test worker] liquibase.info - master.changelog.json: migration/node-core.changelog-v8.xml::conditional_attchments_contracts::R3.Corda: Marking ChangeSet: migration/node-core.changelog-v8.xml::conditional_attchments_contracts::R3.Corda ran despite precondition failure due to onFail='MARK_RAN': 
          master.changelog.json : Table PUBLIC.NODE_ATTACHMENTS_CONTRACT_CLASS_NAME does not exist

?[m?[37m[INFO] 23:19:20,159 [Test worker] liquibase.info - master.changelog.json: migration/node-core.changelog-v8.xml::add_signers::R3.Corda: Table node_attachments_signers created
?[m?[37m[INFO] 23:19:20,162 [Test worker] liquibase.info - master.changelog.json: migration/node-core.changelog-v8.xml::add_signers::R3.Corda: Foreign key constraint added to node_attachments_signers (att_id)
?[m?[37m[INFO] 23:19:20,163 [Test worker] liquibase.info - master.changelog.json: migration/node-core.changelog-v8.xml::add_signers::R3.Corda: ChangeSet migration/node-core.changelog-v8.xml::add_signers::R3.Corda ran successfully in 4ms
?[m?[37m[INFO] 23:19:20,174 [Test worker] liquibase.info - master.changelog.json: migration/node-core.changelog-tx-mapping.xml::add_tx_mapping_column::R3.Corda: Columns state_machine_run_id(NVARCHAR(36)) added to node_transactions
?[m?[37m[INFO] 23:19:20,181 [Test worker] liquibase.info - master.changelog.json: migration/node-core.changelog-tx-mapping.xml::add_tx_mapping_column::R3.Corda: Custom SQL executed
?[m?[37m[INFO] 23:19:20,183 [Test worker] liquibase.info - master.changelog.json: migration/node-core.changelog-tx-mapping.xml::add_tx_mapping_column::R3.Corda: Table node_transaction_mappings dropped
?[m?[37m[INFO] 23:19:20,183 [Test worker] liquibase.info - master.changelog.json: migration/node-core.changelog-tx-mapping.xml::add_tx_mapping_column::R3.Corda: ChangeSet migration/node-core.changelog-tx-mapping.xml::add_tx_mapping_column::R3.Corda ran successfully in 17ms
?[m?[37m[INFO] 23:19:20,188 [Test worker] liquibase.info - master.changelog.json: migration/node-services.changelog-init.xml::add_network_parameters_storage::R3.Corda: Table node_network_parameters created
?[m?[37m[INFO] 23:19:20,189 [Test worker] liquibase.info - master.changelog.json: migration/node-services.changelog-init.xml::add_network_parameters_storage::R3.Corda: ChangeSet migration/node-services.changelog-init.xml::add_network_parameters_storage::R3.Corda ran successfully in 2ms
?[m?[37m[INFO] 23:19:20,197 [Test worker] liquibase.info - master.changelog.json: migration/node-services.changelog-init.xml::network_parameters_pk::R3.Corda: Primary key added to node_network_parameters (hash)
?[m?[37m[INFO] 23:19:20,197 [Test worker] liquibase.info - master.changelog.json: migration/node-services.changelog-init.xml::network_parameters_pk::R3.Corda: ChangeSet migration/node-services.changelog-init.xml::network_parameters_pk::R3.Corda ran successfully in 2ms
?[m?[37m[INFO] 23:19:20,213 [Test worker] liquibase.info - master.changelog.json: migration/node-services.changelog-init.xml::add_version_column::R3.Corda: Columns version(INT) added to node_attachments
?[m?[37m[INFO] 23:19:20,214 [Test worker] liquibase.info - master.changelog.json: migration/node-services.changelog-init.xml::add_version_column::R3.Corda: Custom SQL executed
?[m?[37m[INFO] 23:19:20,215 [Test worker] liquibase.info - master.changelog.json: migration/node-services.changelog-init.xml::add_version_column::R3.Corda: Null constraint has been added to node_attachments.version
?[m?[37m[INFO] 23:19:20,216 [Test worker] liquibase.info - master.changelog.json: migration/node-services.changelog-init.xml::add_version_column::R3.Corda: ChangeSet migration/node-services.changelog-init.xml::add_version_column::R3.Corda ran successfully in 16ms
?[m?[37m[INFO] 23:19:20,220 [Test worker] persistence.AttachmentVersionNumberMigration.execute - Start executing...
?[m?[37m[INFO] 23:19:20,236 [Test worker] persistence.AttachmentVersionNumberMigration.execute - Attachment version creation from whitelisted JARs using network parameters from build/mock-network/20191219-051851.140/nodes/0/network-parameters, whitelistedContractImplementations: {}.
?[m?[37m[INFO] 23:19:20,236 [Test worker] persistence.AttachmentVersionNumberMigration.execute - Attachment version creation from whitelisted JARs skipped, no attachments not found.
?[m?[37m[INFO] 23:19:20,236 [Test worker] liquibase.info - master.changelog.json: migration/node-services.changelog-init.xml::update-version-of-whitelisted-jars::R3.Corda: null
?[m?[37m[INFO] 23:19:20,237 [Test worker] liquibase.info - master.changelog.json: migration/node-services.changelog-init.xml::update-version-of-whitelisted-jars::R3.Corda: ChangeSet migration/node-services.changelog-init.xml::update-version-of-whitelisted-jars::R3.Corda ran successfully in 18ms
?[m?[37m[INFO] 23:19:20,239 [Test worker] migration.VaultStateMigration.execute - Migrating vault state data to V4 tables
?[m?[37m[INFO] 23:19:20,327 [Test worker] persistence.HibernateConfiguration.<init> - Init HibernateConfiguration for schemas: [VaultMigrationSchemaV1(name=net.corda.node.migration.VaultMigrationSchema, version=1), VaultSchemaV1(name=net.corda.node.services.vault.VaultSchema, version=1)]
?[m?[37m[INFO] 23:19:20,337 [Test worker] persistence.HibernateConfiguration.makeSessionFactoryForSchemas - Creating session factory for schemas: [VaultMigrationSchemaV1(name=net.corda.node.migration.VaultMigrationSchema, version=1), VaultSchemaV1(name=net.corda.node.services.vault.VaultSchema, version=1)]
?[m?[37m[INFO] 23:19:20,927 [Test worker] hibernate.Version.logVersion - HHH000412: Hibernate Core {5.3.6.Final}
?[m?[37m[INFO] 23:19:20,931 [Test worker] cfg.Environment.<clinit> - HHH000206: hibernate.properties not found
?[m?[37m[INFO] 23:19:21,172 [Test worker] common.Version.<clinit> - HCANN000001: Hibernate Commons Annotations {5.0.4.Final}
?[m?[37m[INFO] 23:19:21,958 [Test worker] internal.ConnectionProviderInitiator.initiateService - HHH000130: Instantiating explicit connection provider: net.corda.nodeapi.internal.persistence.HibernateConfiguration$NodeDatabaseConnectionProvider
?[m?[37m[INFO] 23:19:22,046 [Test worker] dialect.Dialect.<init> - HHH000400: Using dialect: org.hibernate.dialect.H2Dialect
?[m?[37m[INFO] 23:19:22,191 [Test worker] type.BasicTypeRegistry.register - HHH000270: Type registration [materialized_blob] overrides previous : org.hibernate.type.MaterializedBlobType@2abb5c94
?[m?[37m[INFO] 23:19:24,717 [Test worker] connections.access.getIsolatedConnection - HHH10001501: Connection obtained from JdbcConnectionAccess [org.hibernate.engine.jdbc.env.internal.JdbcEnvironmentInitiator$ConnectionProviderJdbcConnectionAccess@13d711c2] for (non-JTA) DDL execution was not in auto-commit mode; the Connection 'local transaction' will be committed and the Connection will be set into auto-commit mode.
?[m?[37m[INFO] 23:19:25,003 [Test worker] persistence.HibernateConfiguration.makeSessionFactoryForSchemas - Created session factory for schemas: [VaultMigrationSchemaV1(name=net.corda.node.migration.VaultMigrationSchema, version=1), VaultSchemaV1(name=net.corda.node.services.vault.VaultSchema, version=1)]
?[m?[37m[INFO] 23:19:25,695 [Test worker] internal.QueryTranslatorFactoryInitiator.initiateService - HHH000397: Using ASTQueryTranslatorFactory
?[m?[37m[INFO] 23:19:26,444 [Test worker] migration.VaultStateMigration.execute - Finished performing vault state data migration for 0 states
?[m?[37m[INFO] 23:19:26,445 [Test worker] liquibase.info - master.changelog.json: migration/vault-schema.changelog-v9.xml::update-vault-states::R3.Corda: null
?[m?[37m[INFO] 23:19:26,446 [Test worker] liquibase.info - master.changelog.json: migration/vault-schema.changelog-v9.xml::update-vault-states::R3.Corda: ChangeSet migration/vault-schema.changelog-v9.xml::update-vault-states::R3.Corda ran successfully in 6206ms
?[m?[37m[INFO] 23:19:26,453 [Test worker] liquibase.info - master.changelog.json: migration/node-services.changelog-init.xml::1511451595465-16::R3.Corda: Table node_notary_committed_states created
?[m?[37m[INFO] 23:19:26,455 [Test worker] liquibase.info - master.changelog.json: migration/node-services.changelog-init.xml::1511451595465-16::R3.Corda: ChangeSet migration/node-services.changelog-init.xml::1511451595465-16::R3.Corda ran successfully in 3ms
?[m?[37m[INFO] 23:19:26,461 [Test worker] liquibase.info - master.changelog.json: migration/node-services.changelog-init.xml::1521131680317-17::R3.Corda: Table node_notary_request_log created
?[m?[37m[INFO] 23:19:26,462 [Test worker] liquibase.info - master.changelog.json: migration/node-services.changelog-init.xml::1521131680317-17::R3.Corda: ChangeSet migration/node-services.changelog-init.xml::1521131680317-17::R3.Corda ran successfully in 2ms
?[m?[37m[INFO] 23:19:26,467 [Test worker] liquibase.info - master.changelog.json: migration/node-services.changelog-init.xml::1511451595465-41::R3.Corda: Primary key added to node_notary_committed_states (output_index, transaction_id)
?[m?[37m[INFO] 23:19:26,467 [Test worker] liquibase.info - master.changelog.json: migration/node-services.changelog-init.xml::1511451595465-41::R3.Corda: ChangeSet migration/node-services.changelog-init.xml::1511451595465-41::R3.Corda ran successfully in 3ms
?[m?[37m[INFO] 23:19:26,473 [Test worker] liquibase.info - master.changelog.json: migration/node-services.changelog-init.xml::1521131680317-48::R3.Corda: Primary key added to node_notary_request_log (id)
?[m?[37m[INFO] 23:19:26,474 [Test worker] liquibase.info - master.changelog.json: migration/node-services.changelog-init.xml::1521131680317-48::R3.Corda: ChangeSet migration/node-services.changelog-init.xml::1521131680317-48::R3.Corda ran successfully in 2ms
?[m?[37m[INFO] 23:19:26,480 [Test worker] liquibase.info - master.changelog.json: migration/node-services.changelog-init.xml::nullability::R3.Corda: Null constraint has been added to node_notary_committed_states.consuming_transaction_id
?[m?[37m[INFO] 23:19:26,480 [Test worker] liquibase.info - master.changelog.json: migration/node-services.changelog-init.xml::nullability::R3.Corda: ChangeSet migration/node-services.changelog-init.xml::nullability::R3.Corda ran successfully in 3ms
?[m?[37m[INFO] 23:19:26,613 [Test worker] liquibase.info - master.changelog.json: migration/node-notary.changelog-v2.xml::rename-table-notary-commit-log::R3.Corda: Marking ChangeSet: migration/node-notary.changelog-v2.xml::rename-table-notary-commit-log::R3.Corda ran despite precondition failure due to onFail='MARK_RAN': 
          master.changelog.json : Table PUBLIC.node_notary_commit_log does not exist

?[m?[37m[INFO] 23:19:26,648 [Test worker] liquibase.info - master.changelog.json: migration/node-notary.changelog-v2.xml::create-notary-request-log-table::R3.Corda: Marking ChangeSet: migration/node-notary.changelog-v2.xml::create-notary-request-log-table::R3.Corda ran despite precondition failure due to onFail='MARK_RAN': 
          master.changelog.json : Not precondition failed

?[m?[37m[INFO] 23:19:26,657 [Test worker] liquibase.info - master.changelog.json: migration/node-notary.changelog-committed-transactions-table.xml::create-notary-committed-transactions-table::R3.Corda: Table node_notary_committed_txs created
?[m?[37m[INFO] 23:19:26,671 [Test worker] liquibase.info - master.changelog.json: migration/node-notary.changelog-committed-transactions-table.xml::create-notary-committed-transactions-table::R3.Corda: Primary key added to node_notary_committed_txs (transaction_id)
?[m?[37m[INFO] 23:19:26,671 [Test worker] liquibase.info - master.changelog.json: migration/node-notary.changelog-committed-transactions-table.xml::create-notary-committed-transactions-table::R3.Corda: ChangeSet migration/node-notary.changelog-committed-transactions-table.xml::create-notary-committed-transactions-table::R3.Corda ran successfully in 15ms
?[m?[37m[INFO] 23:19:26,690 [Test worker] liquibase.info - Successfully released change log lock
?[m?[37m[INFO] 23:19:26,696 [Test worker] internal.InternalMockNetwork$MockNode.invoke - Connected to H2 database.
?[m?[37m[INFO] 23:19:26,746 [Test worker] persistence.HibernateConfiguration.<init> - Init HibernateConfiguration for schemas: [CommonSchemaV1(name=net.corda.core.schemas.CommonSchema, version=1), VaultSchemaV1(name=net.corda.node.services.vault.VaultSchema, version=1), NodeInfoSchemaV1(name=net.corda.node.internal.schemas.NodeInfoSchema, version=1), NodeCoreV1(name=net.corda.node.services.schema.NodeSchemaService$NodeCore, version=1), IOUSchemaV1(name=com.example.schema.IOUSchema, version=1), NodeNotarySchemaV1(name=net.corda.node.services.transactions.NodeNotarySchema, version=1)]
?[m?[37m[INFO] 23:19:26,752 [Test worker] persistence.HibernateConfiguration.makeSessionFactoryForSchemas - Creating session factory for schemas: [CommonSchemaV1(name=net.corda.core.schemas.CommonSchema, version=1), VaultSchemaV1(name=net.corda.node.services.vault.VaultSchema, version=1), NodeInfoSchemaV1(name=net.corda.node.internal.schemas.NodeInfoSchema, version=1), NodeCoreV1(name=net.corda.node.services.schema.NodeSchemaService$NodeCore, version=1), IOUSchemaV1(name=com.example.schema.IOUSchema, version=1), NodeNotarySchemaV1(name=net.corda.node.services.transactions.NodeNotarySchema, version=1)]
?[m?[37m[INFO] 23:19:26,765 [Test worker] internal.ConnectionProviderInitiator.initiateService - HHH000130: Instantiating explicit connection provider: net.corda.nodeapi.internal.persistence.HibernateConfiguration$NodeDatabaseConnectionProvider
?[m?[37m[INFO] 23:19:26,772 [Test worker] dialect.Dialect.<init> - HHH000400: Using dialect: org.hibernate.dialect.H2Dialect
?[m?[37m[INFO] 23:19:26,797 [Test worker] type.BasicTypeRegistry.register - HHH000270: Type registration [materialized_blob] overrides previous : org.hibernate.type.MaterializedBlobType@2abb5c94
?[m?[37m[INFO] 23:19:27,643 [Test worker] connections.access.getIsolatedConnection - HHH10001501: Connection obtained from JdbcConnectionAccess [org.hibernate.engine.jdbc.env.internal.JdbcEnvironmentInitiator$ConnectionProviderJdbcConnectionAccess@bd56ecb] for (non-JTA) DDL execution was not in auto-commit mode; the Connection 'local transaction' will be committed and the Connection will be set into auto-commit mode.
?[m?[37m[INFO] 23:19:28,121 [Test worker] persistence.HibernateConfiguration.makeSessionFactoryForSchemas - Created session factory for schemas: [CommonSchemaV1(name=net.corda.core.schemas.CommonSchema, version=1), VaultSchemaV1(name=net.corda.node.services.vault.VaultSchema, version=1), NodeInfoSchemaV1(name=net.corda.node.internal.schemas.NodeInfoSchema, version=1), NodeCoreV1(name=net.corda.node.services.schema.NodeSchemaService$NodeCore, version=1), IOUSchemaV1(name=com.example.schema.IOUSchema, version=1), NodeNotarySchemaV1(name=net.corda.node.services.transactions.NodeNotarySchema, version=1)]
?[m?[37m[INFO] 23:19:28,135 [Test worker] internal.QueryTranslatorFactoryInitiator.initiateService - HHH000397: Using ASTQueryTranslatorFactory
?[m?[37m[INFO] 23:19:28,170 [Test worker] internal.InternalMockNetwork$MockNode.updateNodeInfo - Node-info has changed so submitting update. Old node-info was null
?[m?[37m[INFO] 23:19:28,171 [Test worker] network.PersistentNetworkMapCache.addNode - Adding node with info: NodeInfo(addresses=[mock.node:1000], legalIdentitiesAndCerts=[O=Notary Service, L=Zurich, C=CH], platformVersion=4, serial=1576732768170)
?[m?[37m[INFO] 23:19:28,188 [Test worker] network.PersistentNetworkMapCache.addNode - No previous node found
?[m?[37m[INFO] 23:19:28,745 [Test worker] internal.InternalMockNetwork$MockNode.updateNodeInfo - New node-info: NodeInfo(addresses=[mock.node:1000], legalIdentitiesAndCerts=[O=Notary Service, L=Zurich, C=CH], platformVersion=4, serial=1576732768170)
?[m?[37m[INFO] 23:19:28,894 [Test worker] network.NetworkMapUpdater.apply - Auto-accept enabled for network parameter changes which modify only: [epoch, modifiedTime, packageOwnership, whitelistedContractImplementations]
?[m?[37m[INFO] 23:19:28,942 [MockNode-1-2] network.PersistentNetworkMapCache.addNode - Adding node with info: NodeInfo(addresses=[mock.node:1000], legalIdentitiesAndCerts=[O=Notary Service, L=Zurich, C=CH], platformVersion=4, serial=1576732768170)
?[m?[37m[INFO] 23:19:29,009 [MockNode-1-2] network.PersistentNetworkMapCache.addNode - Previous node was identical to incoming one - doing nothing
?[m?[37m[INFO] 23:19:29,023 [Test worker] ClassloaderUtils.logElapsedTime - Contracts loading for '/tmp/attachment8156231090009657789.jar' took 36 msec
?[m?[37m[INFO] 23:19:29,059 [Test worker] persistence.NodeAttachmentService.invoke - Stored new attachment: id=D50829081E8935F1F92DFDC1A9A6F06C4615726BC3EDBBFB8403B865839C0455 uploader=app filename=null
?[m?[37m[INFO] 23:19:29,067 [Test worker] utilities.NotaryLoader.loadService - Starting notary service: class net.corda.node.services.transactions.SimpleNotaryService
?[m?[37m[INFO] 23:19:29,072 [Test worker] notary.SinglePartyNotaryService.<init> - Starting notary in validating mode
?[m?[37m[INFO] 23:19:29,801 [Test worker] statemachine.SingleThreadedStateMachineManager.invoke - Node ready, info: NodeInfo(addresses=[mock.node:1000], legalIdentitiesAndCerts=[O=Notary Service, L=Zurich, C=CH], platformVersion=4, serial=1576732768170)
?[m?[37m[INFO] 23:19:29,878 [Test worker] network.PersistentNetworkMapCache.addNode - Adding node with info: NodeInfo(addresses=[mock.node:1000], legalIdentitiesAndCerts=[O=Notary Service, L=Zurich, C=CH], platformVersion=4, serial=1576732768170)
?[m?[37m[INFO] 23:19:29,881 [Test worker] network.PersistentNetworkMapCache.addNode - Previous node was identical to incoming one - doing nothing
?[m?[37m[INFO] 23:19:29,881 [Test worker] network.PersistentNetworkMapCache.addNode - Adding node with info: NodeInfo(addresses=[mock.node:1000], legalIdentitiesAndCerts=[O=Notary Service, L=Zurich, C=CH], platformVersion=4, serial=1576732768170)
?[m?[37m[INFO] 23:19:29,881 [Test worker] network.PersistentNetworkMapCache.addNode - Previous node was identical to incoming one - doing nothing
?[m?[37m[INFO] 23:19:29,891 [Test worker] cordapp.JarScanningCordappLoader.fromDirectories - Looking for CorDapps in [build/mock-network/20191219-051851.140/nodes/1/cordapps]
?[m?[37m[INFO] 23:19:29,892 [Test worker] cordapp.JarScanningCordappLoader.<init> - Loading CorDapps from RestrictedURL(url=file:/home/adel/corda/articles/web3j-iou%20(copy)/workflows/build/mock-network/20191219-051851.140/nodes/1/cordapps/workflows-0.1-SNAPSHOT.jar, rootPackageName=null), RestrictedURL(url=file:/home/adel/corda/articles/web3j-iou%20(copy)/workflows/build/mock-network/20191219-051851.140/nodes/1/cordapps/contracts-0.1-SNAPSHOT.jar, rootPackageName=null)
?[m?[37m[INFO] 23:19:29,892 [Test worker] cordapp.JarScanningCordappLoader.scanCordapp - Scanning CorDapp in file:/home/adel/corda/articles/web3j-iou%20(copy)/workflows/build/mock-network/20191219-051851.140/nodes/1/cordapps/workflows-0.1-SNAPSHOT.jar
?[m?[37m[INFO] 23:19:29,952 [Test worker] cordapp.JarScanningCordappLoader.scanCordapp - Scanning CorDapp in file:/home/adel/corda/articles/web3j-iou%20(copy)/workflows/build/mock-network/20191219-051851.140/nodes/1/cordapps/contracts-0.1-SNAPSHOT.jar
?[m?[37m[INFO] 23:19:30,002 [Test worker] internal.InternalMockNetwork$MockNode.start - Node starting up ...
?[m?[37m[INFO] 23:19:30,132 [Test worker] internal.NodeFlowManager.registerInitiatedFlow - Registered com.example.flow.ExampleFlow$Initiator to initiate com.example.flow.ExampleFlow$Acceptor (version 1)
?[m?[37m[INFO] 23:19:30,145 [Test worker] internal.InternalMockNetwork$MockNode.start - Loaded network parameters: NetworkParameters {
      minimumPlatformVersion=1
      notaries=[NotaryInfo(identity=O=Notary Service, L=Zurich, C=CH, validating=true)]
      maxMessageSize=10485760
      maxTransactionSize=524288000
      whitelistedContractImplementations {
        
      }
      eventHorizon=PT720H
      packageOwnership {
        
      }
      modifiedTime=2019-12-19T05:18:51.121Z
      epoch=1
  }
?[m?[37m[INFO] 23:19:30,146 [Test worker] hikari.HikariDataSource.<init> - HikariPool-2 - Started.
?[m?[37m[INFO] 23:19:30,686 [Test worker] liquibase.info - Creating database history table with name: PUBLIC.DATABASECHANGELOG
?[m?[37m[INFO] 23:19:30,696 [Test worker] liquibase.info - Reading from PUBLIC.DATABASECHANGELOG
?[m?[37m[INFO] 23:19:30,703 [Test worker] liquibase.info - master.changelog.json: migration/common.changelog-init.xml::1511451595465-1.3::R3.Corda: Skipping changeSet migration/common.changelog-init.xml::1511451595465-1.3::R3.Corda due to validation error(s): minValue is not allowed on h2
?[m?[37m[INFO] 23:19:30,721 [Test worker] liquibase.info - master.changelog.json: migration/vault-schema.changelog-pkey.xml::non-clustered_pk-11::R3.Corda: Skipping changeSet migration/vault-schema.changelog-pkey.xml::non-clustered_pk-11::R3.Corda due to validation error(s): clustered is not allowed on h2
?[m?[37m[INFO] 23:19:30,723 [Test worker] liquibase.info - master.changelog.json: migration/vault-schema.changelog-pkey.xml::non-clustered_pk-12::R3.Corda: Skipping changeSet migration/vault-schema.changelog-pkey.xml::non-clustered_pk-12::R3.Corda due to validation error(s): clustered is not allowed on h2
?[m?[37m[INFO] 23:19:30,725 [Test worker] liquibase.info - master.changelog.json: migration/vault-schema.changelog-pkey.xml::non-clustered_pk-13::R3.Corda: Skipping changeSet migration/vault-schema.changelog-pkey.xml::non-clustered_pk-13::R3.Corda due to validation error(s): clustered is not allowed on h2
?[m?[37m[INFO] 23:19:30,758 [Test worker] liquibase.info - master.changelog.json: migration/node-core.changelog-pkey.xml::non-clustered_pk-1::R3.Corda: Skipping changeSet migration/node-core.changelog-pkey.xml::non-clustered_pk-1::R3.Corda due to validation error(s): clustered is not allowed on h2
?[m?[37m[INFO] 23:19:30,759 [Test worker] liquibase.info - master.changelog.json: migration/node-core.changelog-pkey.xml::non-clustered_pk-2::R3.Corda: Skipping changeSet migration/node-core.changelog-pkey.xml::non-clustered_pk-2::R3.Corda due to validation error(s): clustered is not allowed on h2
?[m?[37m[INFO] 23:19:30,760 [Test worker] liquibase.info - master.changelog.json: migration/node-core.changelog-pkey.xml::non-clustered_pk-3::R3.Corda: Skipping changeSet migration/node-core.changelog-pkey.xml::non-clustered_pk-3::R3.Corda due to validation error(s): clustered is not allowed on h2
?[m?[37m[INFO] 23:19:30,761 [Test worker] liquibase.info - master.changelog.json: migration/node-core.changelog-pkey.xml::non-clustered_pk-4::R3.Corda: Skipping changeSet migration/node-core.changelog-pkey.xml::non-clustered_pk-4::R3.Corda due to validation error(s): clustered is not allowed on h2
?[m?[37m[INFO] 23:19:30,761 [Test worker] liquibase.info - master.changelog.json: migration/node-core.changelog-pkey.xml::non-clustered_pk-5::R3.Corda: Skipping changeSet migration/node-core.changelog-pkey.xml::non-clustered_pk-5::R3.Corda due to validation error(s): clustered is not allowed on h2
?[m?[37m[INFO] 23:19:30,762 [Test worker] liquibase.info - master.changelog.json: migration/node-core.changelog-pkey.xml::non-clustered_pk-6::R3.Corda: Skipping changeSet migration/node-core.changelog-pkey.xml::non-clustered_pk-6::R3.Corda due to validation error(s): clustered is not allowed on h2
?[m?[37m[INFO] 23:19:30,763 [Test worker] liquibase.info - master.changelog.json: migration/node-core.changelog-pkey.xml::non-clustered_pk-7::R3.Corda: Skipping changeSet migration/node-core.changelog-pkey.xml::non-clustered_pk-7::R3.Corda due to validation error(s): clustered is not allowed on h2
?[m?[37m[INFO] 23:19:30,773 [Test worker] liquibase.info - Successfully acquired change log lock
?[m?[37m[INFO] 23:19:30,774 [Test worker] liquibase.info - master.changelog.json: migration/common.changelog-init.xml::1511451595465-1.3::R3.Corda: Skipping changeSet migration/common.changelog-init.xml::1511451595465-1.3::R3.Corda due to validation error(s): minValue is not allowed on h2
?[m?[37m[INFO] 23:19:30,779 [Test worker] liquibase.info - master.changelog.json: migration/vault-schema.changelog-pkey.xml::non-clustered_pk-11::R3.Corda: Skipping changeSet migration/vault-schema.changelog-pkey.xml::non-clustered_pk-11::R3.Corda due to validation error(s): clustered is not allowed on h2
?[m?[37m[INFO] 23:19:30,780 [Test worker] liquibase.info - master.changelog.json: migration/vault-schema.changelog-pkey.xml::non-clustered_pk-12::R3.Corda: Skipping changeSet migration/vault-schema.changelog-pkey.xml::non-clustered_pk-12::R3.Corda due to validation error(s): clustered is not allowed on h2
?[m?[37m[INFO] 23:19:30,781 [Test worker] liquibase.info - master.changelog.json: migration/vault-schema.changelog-pkey.xml::non-clustered_pk-13::R3.Corda: Skipping changeSet migration/vault-schema.changelog-pkey.xml::non-clustered_pk-13::R3.Corda due to validation error(s): clustered is not allowed on h2
?[m?[37m[INFO] 23:19:30,791 [Test worker] liquibase.info - master.changelog.json: migration/node-core.changelog-pkey.xml::non-clustered_pk-1::R3.Corda: Skipping changeSet migration/node-core.changelog-pkey.xml::non-clustered_pk-1::R3.Corda due to validation error(s): clustered is not allowed on h2
?[m?[37m[INFO] 23:19:30,791 [Test worker] liquibase.info - master.changelog.json: migration/node-core.changelog-pkey.xml::non-clustered_pk-2::R3.Corda: Skipping changeSet migration/node-core.changelog-pkey.xml::non-clustered_pk-2::R3.Corda due to validation error(s): clustered is not allowed on h2
?[m?[37m[INFO] 23:19:30,791 [Test worker] liquibase.info - master.changelog.json: migration/node-core.changelog-pkey.xml::non-clustered_pk-3::R3.Corda: Skipping changeSet migration/node-core.changelog-pkey.xml::non-clustered_pk-3::R3.Corda due to validation error(s): clustered is not allowed on h2
?[m?[37m[INFO] 23:19:30,792 [Test worker] liquibase.info - master.changelog.json: migration/node-core.changelog-pkey.xml::non-clustered_pk-4::R3.Corda: Skipping changeSet migration/node-core.changelog-pkey.xml::non-clustered_pk-4::R3.Corda due to validation error(s): clustered is not allowed on h2
?[m?[37m[INFO] 23:19:30,792 [Test worker] liquibase.info - master.changelog.json: migration/node-core.changelog-pkey.xml::non-clustered_pk-5::R3.Corda: Skipping changeSet migration/node-core.changelog-pkey.xml::non-clustered_pk-5::R3.Corda due to validation error(s): clustered is not allowed on h2
?[m?[37m[INFO] 23:19:30,792 [Test worker] liquibase.info - master.changelog.json: migration/node-core.changelog-pkey.xml::non-clustered_pk-6::R3.Corda: Skipping changeSet migration/node-core.changelog-pkey.xml::non-clustered_pk-6::R3.Corda due to validation error(s): clustered is not allowed on h2
?[m?[37m[INFO] 23:19:30,793 [Test worker] liquibase.info - master.changelog.json: migration/node-core.changelog-pkey.xml::non-clustered_pk-7::R3.Corda: Skipping changeSet migration/node-core.changelog-pkey.xml::non-clustered_pk-7::R3.Corda due to validation error(s): clustered is not allowed on h2
?[m?[37m[INFO] 23:19:30,797 [Test worker] liquibase.info - master.changelog.json: migration/common.changelog-init.xml::1511451595465-1.1::R3.Corda: Sequence hibernate_sequence created
?[m?[37m[INFO] 23:19:30,797 [Test worker] liquibase.info - master.changelog.json: migration/common.changelog-init.xml::1511451595465-1.1::R3.Corda: ChangeSet migration/common.changelog-init.xml::1511451595465-1.1::R3.Corda ran successfully in 3ms
?[m?[37m[INFO] 23:19:30,803 [Test worker] liquibase.info - master.changelog.json: migration/vault-schema.changelog-init.xml::1511451595465-22::R3.Corda: Table vault_fungible_states created
?[m?[37m[INFO] 23:19:30,803 [Test worker] liquibase.info - master.changelog.json: migration/vault-schema.changelog-init.xml::1511451595465-22::R3.Corda: ChangeSet migration/vault-schema.changelog-init.xml::1511451595465-22::R3.Corda ran successfully in 2ms
?[m?[37m[INFO] 23:19:30,805 [Test worker] liquibase.info - master.changelog.json: migration/vault-schema.changelog-init.xml::1511451595465-23::R3.Corda: Table vault_fungible_states_parts created
?[m?[37m[INFO] 23:19:30,806 [Test worker] liquibase.info - master.changelog.json: migration/vault-schema.changelog-init.xml::1511451595465-23::R3.Corda: ChangeSet migration/vault-schema.changelog-init.xml::1511451595465-23::R3.Corda ran successfully in 1ms
?[m?[37m[INFO] 23:19:30,809 [Test worker] liquibase.info - master.changelog.json: migration/vault-schema.changelog-init.xml::1511451595465-24::R3.Corda: Table vault_linear_states created
?[m?[37m[INFO] 23:19:30,809 [Test worker] liquibase.info - master.changelog.json: migration/vault-schema.changelog-init.xml::1511451595465-24::R3.Corda: ChangeSet migration/vault-schema.changelog-init.xml::1511451595465-24::R3.Corda ran successfully in 2ms
?[m?[37m[INFO] 23:19:30,813 [Test worker] liquibase.info - master.changelog.json: migration/vault-schema.changelog-init.xml::1511451595465-25::R3.Corda: Table vault_linear_states_parts created
?[m?[37m[INFO] 23:19:30,814 [Test worker] liquibase.info - master.changelog.json: migration/vault-schema.changelog-init.xml::1511451595465-25::R3.Corda: ChangeSet migration/vault-schema.changelog-init.xml::1511451595465-25::R3.Corda ran successfully in 1ms
?[m?[37m[INFO] 23:19:30,817 [Test worker] liquibase.info - master.changelog.json: migration/vault-schema.changelog-init.xml::1511451595465-26::R3.Corda: Table vault_states created
?[m?[37m[INFO] 23:19:30,818 [Test worker] liquibase.info - master.changelog.json: migration/vault-schema.changelog-init.xml::1511451595465-26::R3.Corda: ChangeSet migration/vault-schema.changelog-init.xml::1511451595465-26::R3.Corda ran successfully in 1ms
?[m?[37m[INFO] 23:19:30,821 [Test worker] liquibase.info - master.changelog.json: migration/vault-schema.changelog-init.xml::1511451595465-27::R3.Corda: Table vault_transaction_notes created
?[m?[37m[INFO] 23:19:30,821 [Test worker] liquibase.info - master.changelog.json: migration/vault-schema.changelog-init.xml::1511451595465-27::R3.Corda: ChangeSet migration/vault-schema.changelog-init.xml::1511451595465-27::R3.Corda ran successfully in 2ms
?[m?[37m[INFO] 23:19:30,824 [Test worker] liquibase.info - master.changelog.json: migration/vault-schema.changelog-init.xml::1511451595465-47::R3.Corda: Primary key added to vault_fungible_states (output_index, transaction_id)
?[m?[37m[INFO] 23:19:30,824 [Test worker] liquibase.info - master.changelog.json: migration/vault-schema.changelog-init.xml::1511451595465-47::R3.Corda: ChangeSet migration/vault-schema.changelog-init.xml::1511451595465-47::R3.Corda ran successfully in 1ms
?[m?[37m[INFO] 23:19:30,828 [Test worker] liquibase.info - master.changelog.json: migration/vault-schema.changelog-init.xml::1511451595465-48::R3.Corda: Primary key added to vault_linear_states (output_index, transaction_id)
?[m?[37m[INFO] 23:19:30,829 [Test worker] liquibase.info - master.changelog.json: migration/vault-schema.changelog-init.xml::1511451595465-48::R3.Corda: ChangeSet migration/vault-schema.changelog-init.xml::1511451595465-48::R3.Corda ran successfully in 1ms
?[m?[37m[INFO] 23:19:30,832 [Test worker] liquibase.info - master.changelog.json: migration/vault-schema.changelog-init.xml::1511451595465-49::R3.Corda: Primary key added to vault_states (output_index, transaction_id)
?[m?[37m[INFO] 23:19:30,832 [Test worker] liquibase.info - master.changelog.json: migration/vault-schema.changelog-init.xml::1511451595465-49::R3.Corda: ChangeSet migration/vault-schema.changelog-init.xml::1511451595465-49::R3.Corda ran successfully in 1ms
?[m?[37m[INFO] 23:19:30,836 [Test worker] liquibase.info - master.changelog.json: migration/vault-schema.changelog-init.xml::1511451595465-50::R3.Corda: Primary key added to vault_transaction_notes (seq_no)
?[m?[37m[INFO] 23:19:30,836 [Test worker] liquibase.info - master.changelog.json: migration/vault-schema.changelog-init.xml::1511451595465-50::R3.Corda: ChangeSet migration/vault-schema.changelog-init.xml::1511451595465-50::R3.Corda ran successfully in 1ms
?[m?[37m[INFO] 23:19:30,839 [Test worker] liquibase.info - master.changelog.json: migration/vault-schema.changelog-init.xml::1511451595465-53::R3.Corda: Index external_id_index created
?[m?[37m[INFO] 23:19:30,839 [Test worker] liquibase.info - master.changelog.json: migration/vault-schema.changelog-init.xml::1511451595465-53::R3.Corda: ChangeSet migration/vault-schema.changelog-init.xml::1511451595465-53::R3.Corda ran successfully in 1ms
?[m?[37m[INFO] 23:19:30,842 [Test worker] liquibase.info - master.changelog.json: migration/vault-schema.changelog-init.xml::1511451595465-55::R3.Corda: Index lock_id_idx created
?[m?[37m[INFO] 23:19:30,842 [Test worker] liquibase.info - master.changelog.json: migration/vault-schema.changelog-init.xml::1511451595465-55::R3.Corda: ChangeSet migration/vault-schema.changelog-init.xml::1511451595465-55::R3.Corda ran successfully in 1ms
?[m?[37m[INFO] 23:19:30,845 [Test worker] liquibase.info - master.changelog.json: migration/vault-schema.changelog-init.xml::1511451595465-58::R3.Corda: Index state_status_idx created
?[m?[37m[INFO] 23:19:30,845 [Test worker] liquibase.info - master.changelog.json: migration/vault-schema.changelog-init.xml::1511451595465-58::R3.Corda: ChangeSet migration/vault-schema.changelog-init.xml::1511451595465-58::R3.Corda ran successfully in 1ms
?[m?[37m[INFO] 23:19:30,847 [Test worker] liquibase.info - master.changelog.json: migration/vault-schema.changelog-init.xml::1511451595465-59::R3.Corda: Index transaction_id_index created
?[m?[37m[INFO] 23:19:30,848 [Test worker] liquibase.info - master.changelog.json: migration/vault-schema.changelog-init.xml::1511451595465-59::R3.Corda: ChangeSet migration/vault-schema.changelog-init.xml::1511451595465-59::R3.Corda ran successfully in 0ms
?[m?[37m[INFO] 23:19:30,851 [Test worker] liquibase.info - master.changelog.json: migration/vault-schema.changelog-init.xml::1511451595465-60::R3.Corda: Index uuid_index created
?[m?[37m[INFO] 23:19:30,851 [Test worker] liquibase.info - master.changelog.json: migration/vault-schema.changelog-init.xml::1511451595465-60::R3.Corda: ChangeSet migration/vault-schema.changelog-init.xml::1511451595465-60::R3.Corda ran successfully in 1ms
?[m?[37m[INFO] 23:19:30,856 [Test worker] liquibase.info - master.changelog.json: migration/vault-schema.changelog-init.xml::1511451595465-64::R3.Corda: Foreign key constraint added to vault_fungible_states_parts (output_index,transaction_id)
?[m?[37m[INFO] 23:19:30,857 [Test worker] liquibase.info - master.changelog.json: migration/vault-schema.changelog-init.xml::1511451595465-64::R3.Corda: ChangeSet migration/vault-schema.changelog-init.xml::1511451595465-64::R3.Corda ran successfully in 3ms
?[m?[37m[INFO] 23:19:30,862 [Test worker] liquibase.info - master.changelog.json: migration/vault-schema.changelog-init.xml::1511451595465-65::R3.Corda: Foreign key constraint added to vault_linear_states_parts (output_index,transaction_id)
?[m?[37m[INFO] 23:19:30,862 [Test worker] liquibase.info - master.changelog.json: migration/vault-schema.changelog-init.xml::1511451595465-65::R3.Corda: ChangeSet migration/vault-schema.changelog-init.xml::1511451595465-65::R3.Corda ran successfully in 3ms
?[m?[37m[INFO] 23:19:30,866 [Test worker] liquibase.info - master.changelog.json: migration/vault-schema.changelog-v3.xml::clean_vault::R3.Corda: Data deleted from vault_fungible_states_parts
?[m?[37m[INFO] 23:19:30,866 [Test worker] liquibase.info - master.changelog.json: migration/vault-schema.changelog-v3.xml::clean_vault::R3.Corda: Data deleted from vault_fungible_states
?[m?[37m[INFO] 23:19:30,867 [Test worker] liquibase.info - master.changelog.json: migration/vault-schema.changelog-v3.xml::clean_vault::R3.Corda: Data deleted from vault_linear_states_parts
?[m?[37m[INFO] 23:19:30,868 [Test worker] liquibase.info - master.changelog.json: migration/vault-schema.changelog-v3.xml::clean_vault::R3.Corda: Data deleted from vault_linear_states
?[m?[37m[INFO] 23:19:30,868 [Test worker] liquibase.info - master.changelog.json: migration/vault-schema.changelog-v3.xml::clean_vault::R3.Corda: Data deleted from vault_states
?[m?[37m[INFO] 23:19:30,869 [Test worker] liquibase.info - master.changelog.json: migration/vault-schema.changelog-v3.xml::clean_vault::R3.Corda: Data deleted from vault_transaction_notes
?[m?[37m[INFO] 23:19:30,869 [Test worker] liquibase.info - master.changelog.json: migration/vault-schema.changelog-v3.xml::clean_vault::R3.Corda: ChangeSet migration/vault-schema.changelog-v3.xml::clean_vault::R3.Corda ran successfully in 4ms
?[m?[37m[INFO] 23:19:30,872 [Test worker] liquibase.info - master.changelog.json: migration/vault-schema.changelog-v4.xml::nullability::R3.Corda: Null constraint has been added to vault_fungible_states.quantity
?[m?[37m[INFO] 23:19:30,873 [Test worker] liquibase.info - master.changelog.json: migration/vault-schema.changelog-v4.xml::nullability::R3.Corda: Null constraint has been added to vault_states.contract_state_class_name
?[m?[37m[INFO] 23:19:30,874 [Test worker] liquibase.info - master.changelog.json: migration/vault-schema.changelog-v4.xml::nullability::R3.Corda: Null constraint has been added to vault_states.notary_name
?[m?[37m[INFO] 23:19:30,876 [Test worker] liquibase.info - master.changelog.json: migration/vault-schema.changelog-v4.xml::nullability::R3.Corda: Null constraint has been added to vault_states.recorded_timestamp
?[m?[37m[INFO] 23:19:30,876 [Test worker] liquibase.info - master.changelog.json: migration/vault-schema.changelog-v4.xml::nullability::R3.Corda: Index state_status_idx dropped from table vault_states
?[m?[37m[INFO] 23:19:30,877 [Test worker] liquibase.info - master.changelog.json: migration/vault-schema.changelog-v4.xml::nullability::R3.Corda: Index lock_id_idx dropped from table vault_states
?[m?[37m[INFO] 23:19:30,879 [Test worker] liquibase.info - master.changelog.json: migration/vault-schema.changelog-v4.xml::nullability::R3.Corda: Null constraint has been added to vault_states.state_status
?[m?[37m[INFO] 23:19:30,880 [Test worker] liquibase.info - master.changelog.json: migration/vault-schema.changelog-v4.xml::nullability::R3.Corda: Index state_status_idx created
?[m?[37m[INFO] 23:19:30,881 [Test worker] liquibase.info - master.changelog.json: migration/vault-schema.changelog-v4.xml::nullability::R3.Corda: Index lock_id_idx created
?[m?[37m[INFO] 23:19:30,882 [Test worker] liquibase.info - master.changelog.json: migration/vault-schema.changelog-v4.xml::nullability::R3.Corda: Index transaction_id_index dropped from table vault_transaction_notes
?[m?[37m[INFO] 23:19:30,883 [Test worker] liquibase.info - master.changelog.json: migration/vault-schema.changelog-v4.xml::nullability::R3.Corda: Null constraint has been added to vault_transaction_notes.note
?[m?[37m[INFO] 23:19:30,883 [Test worker] liquibase.info - master.changelog.json: migration/vault-schema.changelog-v4.xml::nullability::R3.Corda: Null constraint has been added to vault_transaction_notes.transaction_id
?[m?[37m[INFO] 23:19:30,884 [Test worker] liquibase.info - master.changelog.json: migration/vault-schema.changelog-v4.xml::nullability::R3.Corda: Index transaction_id_index created
?[m?[37m[INFO] 23:19:30,885 [Test worker] liquibase.info - master.changelog.json: migration/vault-schema.changelog-v4.xml::nullability::R3.Corda: ChangeSet migration/vault-schema.changelog-v4.xml::nullability::R3.Corda ran successfully in 13ms
?[m?[37m[INFO] 23:19:30,901 [Test worker] liquibase.info - master.changelog.json: migration/vault-schema.changelog-v5.xml::add_relevancy_status_column::R3.Corda: Columns relevancy_status(INT) added to vault_states
?[m?[37m[INFO] 23:19:30,902 [Test worker] liquibase.info - master.changelog.json: migration/vault-schema.changelog-v5.xml::add_relevancy_status_column::R3.Corda: Data updated in vault_states
?[m?[37m[INFO] 23:19:30,902 [Test worker] liquibase.info - master.changelog.json: migration/vault-schema.changelog-v5.xml::add_relevancy_status_column::R3.Corda: Null constraint has been added to vault_states.relevancy_status
?[m?[37m[INFO] 23:19:30,902 [Test worker] liquibase.info - master.changelog.json: migration/vault-schema.changelog-v5.xml::add_relevancy_status_column::R3.Corda: ChangeSet migration/vault-schema.changelog-v5.xml::add_relevancy_status_column::R3.Corda ran successfully in 7ms
?[m?[37m[INFO] 23:19:30,911 [Test worker] liquibase.info - master.changelog.json: migration/vault-schema.changelog-v6.xml::add_is_constraint_information_columns::R3.Corda: Columns constraint_type(INT) added to vault_states
?[m?[37m[INFO] 23:19:30,917 [Test worker] liquibase.info - master.changelog.json: migration/vault-schema.changelog-v6.xml::add_is_constraint_information_columns::R3.Corda: Columns constraint_data(varbinary(563)) added to vault_states
?[m?[37m[INFO] 23:19:30,918 [Test worker] liquibase.info - master.changelog.json: migration/vault-schema.changelog-v6.xml::add_is_constraint_information_columns::R3.Corda: ChangeSet migration/vault-schema.changelog-v6.xml::add_is_constraint_information_columns::R3.Corda ran successfully in 12ms
?[m?[37m[INFO] 23:19:30,920 [Test worker] liquibase.info - master.changelog.json: migration/vault-schema.changelog-v7.xml::make_issuer_ref_nullable::R3.Corda: Null constraint dropped from vault_fungible_states.issuer_ref
?[m?[37m[INFO] 23:19:30,920 [Test worker] liquibase.info - master.changelog.json: migration/vault-schema.changelog-v7.xml::make_issuer_ref_nullable::R3.Corda: ChangeSet migration/vault-schema.changelog-v7.xml::make_issuer_ref_nullable::R3.Corda ran successfully in 1ms
?[m?[37m[INFO] 23:19:30,924 [Test worker] liquibase.info - master.changelog.json: migration/vault-schema.changelog-v8.xml::create-external-id-to-state-party-view::R3.Corda: Table state_party created
?[m?[37m[INFO] 23:19:30,924 [Test worker] liquibase.info - master.changelog.json: migration/vault-schema.changelog-v8.xml::create-external-id-to-state-party-view::R3.Corda: Index state_pk_hash_idx created
?[m?[37m[INFO] 23:19:30,925 [Test worker] liquibase.info - master.changelog.json: migration/vault-schema.changelog-v8.xml::create-external-id-to-state-party-view::R3.Corda: Table pk_hash_to_ext_id_map created
?[m?[37m[INFO] 23:19:30,926 [Test worker] liquibase.info - master.changelog.json: migration/vault-schema.changelog-v8.xml::create-external-id-to-state-party-view::R3.Corda: Index pk_hash_to_xid_idx created
?[m?[37m[INFO] 23:19:30,930 [Test worker] liquibase.info - master.changelog.json: migration/vault-schema.changelog-v8.xml::create-external-id-to-state-party-view::R3.Corda: View v_pkey_hash_ex_id_map created
?[m?[37m[INFO] 23:19:30,930 [Test worker] liquibase.info - master.changelog.json: migration/vault-schema.changelog-v8.xml::create-external-id-to-state-party-view::R3.Corda: ChangeSet migration/vault-schema.changelog-v8.xml::create-external-id-to-state-party-view::R3.Corda ran successfully in 8ms
?[m?[37m[INFO] 23:19:30,933 [Test worker] liquibase.info - master.changelog.json: migration/node-info.changelog-init.xml::1511451595465-4::R3.Corda: Table node_link_nodeinfo_party created
?[m?[37m[INFO] 23:19:30,934 [Test worker] liquibase.info - master.changelog.json: migration/node-info.changelog-init.xml::1511451595465-4::R3.Corda: ChangeSet migration/node-info.changelog-init.xml::1511451595465-4::R3.Corda ran successfully in 1ms
?[m?[37m[INFO] 23:19:30,936 [Test worker] liquibase.info - master.changelog.json: migration/node-info.changelog-init.xml::1511451595465-10::R3.Corda: Table node_info_hosts created
?[m?[37m[INFO] 23:19:30,937 [Test worker] liquibase.info - master.changelog.json: migration/node-info.changelog-init.xml::1511451595465-10::R3.Corda: ChangeSet migration/node-info.changelog-init.xml::1511451595465-10::R3.Corda ran successfully in 1ms
?[m?[37m[INFO] 23:19:30,939 [Test worker] liquibase.info - master.changelog.json: migration/node-info.changelog-init.xml::1511451595465-11::R3.Corda: Table node_info_party_cert created
?[m?[37m[INFO] 23:19:30,940 [Test worker] liquibase.info - master.changelog.json: migration/node-info.changelog-init.xml::1511451595465-11::R3.Corda: ChangeSet migration/node-info.changelog-init.xml::1511451595465-11::R3.Corda ran successfully in 1ms
?[m?[37m[INFO] 23:19:30,942 [Test worker] liquibase.info - master.changelog.json: migration/node-info.changelog-init.xml::1511451595465-12::R3.Corda: Table node_infos created
?[m?[37m[INFO] 23:19:30,942 [Test worker] liquibase.info - master.changelog.json: migration/node-info.changelog-init.xml::1511451595465-12::R3.Corda: ChangeSet migration/node-info.changelog-init.xml::1511451595465-12::R3.Corda ran successfully in 1ms
?[m?[37m[INFO] 23:19:30,945 [Test worker] liquibase.info - master.changelog.json: migration/node-info.changelog-init.xml::1511451595465-35::R3.Corda: Primary key added to node_info_hosts (host, port)
?[m?[37m[INFO] 23:19:30,945 [Test worker] liquibase.info - master.changelog.json: migration/node-info.changelog-init.xml::1511451595465-35::R3.Corda: ChangeSet migration/node-info.changelog-init.xml::1511451595465-35::R3.Corda ran successfully in 1ms
?[m?[37m[INFO] 23:19:30,948 [Test worker] liquibase.info - master.changelog.json: migration/node-info.changelog-init.xml::1511451595465-36::R3.Corda: Primary key added to node_info_party_cert (party_name)
?[m?[37m[INFO] 23:19:30,948 [Test worker] liquibase.info - master.changelog.json: migration/node-info.changelog-init.xml::1511451595465-36::R3.Corda: ChangeSet migration/node-info.changelog-init.xml::1511451595465-36::R3.Corda ran successfully in 1ms
?[m?[37m[INFO] 23:19:30,951 [Test worker] liquibase.info - master.changelog.json: migration/node-info.changelog-init.xml::1511451595465-37::R3.Corda: Primary key added to node_infos (node_info_id)
?[m?[37m[INFO] 23:19:30,951 [Test worker] liquibase.info - master.changelog.json: migration/node-info.changelog-init.xml::1511451595465-37::R3.Corda: ChangeSet migration/node-info.changelog-init.xml::1511451595465-37::R3.Corda ran successfully in 1ms
?[m?[37m[INFO] 23:19:30,955 [Test worker] liquibase.info - master.changelog.json: migration/node-info.changelog-init.xml::1511451595465-62::R3.Corda: Foreign key constraint added to node_link_nodeinfo_party (node_info_id)
?[m?[37m[INFO] 23:19:30,955 [Test worker] liquibase.info - master.changelog.json: migration/node-info.changelog-init.xml::1511451595465-62::R3.Corda: ChangeSet migration/node-info.changelog-init.xml::1511451595465-62::R3.Corda ran successfully in 2ms
?[m?[37m[INFO] 23:19:30,959 [Test worker] liquibase.info - master.changelog.json: migration/node-info.changelog-init.xml::1511451595465-63::R3.Corda: Foreign key constraint added to node_info_hosts (node_info_id)
?[m?[37m[INFO] 23:19:30,959 [Test worker] liquibase.info - master.changelog.json: migration/node-info.changelog-init.xml::1511451595465-63::R3.Corda: ChangeSet migration/node-info.changelog-init.xml::1511451595465-63::R3.Corda ran successfully in 2ms
?[m?[37m[INFO] 23:19:30,961 [Test worker] liquibase.info - master.changelog.json: migration/node-info.changelog-init.xml::remove_host_port_pk::R3.Corda: Data deleted from node_infos
?[m?[37m[INFO] 23:19:30,962 [Test worker] liquibase.info - master.changelog.json: migration/node-info.changelog-init.xml::remove_host_port_pk::R3.Corda: Data deleted from node_link_nodeinfo_party
?[m?[37m[INFO] 23:19:30,962 [Test worker] liquibase.info - master.changelog.json: migration/node-info.changelog-init.xml::remove_host_port_pk::R3.Corda: Data deleted from node_info_hosts
?[m?[37m[INFO] 23:19:30,962 [Test worker] liquibase.info - master.changelog.json: migration/node-info.changelog-init.xml::remove_host_port_pk::R3.Corda: Data deleted from node_info_party_cert
?[m?[37m[INFO] 23:19:30,963 [Test worker] liquibase.info - master.changelog.json: migration/node-info.changelog-init.xml::remove_host_port_pk::R3.Corda: Primary key dropped from node_info_hosts
?[m?[37m[INFO] 23:19:30,967 [Test worker] liquibase.info - master.changelog.json: migration/node-info.changelog-init.xml::remove_host_port_pk::R3.Corda: Columns hosts_id(INT) added to node_info_hosts
?[m?[37m[INFO] 23:19:30,968 [Test worker] liquibase.info - master.changelog.json: migration/node-info.changelog-init.xml::remove_host_port_pk::R3.Corda: Primary key added to node_info_hosts (hosts_id)
?[m?[37m[INFO] 23:19:30,968 [Test worker] liquibase.info - master.changelog.json: migration/node-info.changelog-init.xml::remove_host_port_pk::R3.Corda: ChangeSet migration/node-info.changelog-init.xml::remove_host_port_pk::R3.Corda ran successfully in 7ms
?[m?[37m[INFO] 23:19:30,972 [Test worker] liquibase.info - master.changelog.json: migration/node-info.changelog-v1.xml::key/value node properties table::R3.Corda: Table node_properties created
?[m?[37m[INFO] 23:19:30,972 [Test worker] liquibase.info - master.changelog.json: migration/node-info.changelog-v1.xml::key/value node properties table::R3.Corda: ChangeSet migration/node-info.changelog-v1.xml::key/value node properties table::R3.Corda ran successfully in 2ms
?[m?[37m[INFO] 23:19:30,975 [Test worker] liquibase.info - master.changelog.json: migration/node-info.changelog-v2.xml::1525962920::R3.Corda: Null constraint has been added to node_infos.node_info_hash
?[m?[37m[INFO] 23:19:30,976 [Test worker] liquibase.info - master.changelog.json: migration/node-info.changelog-v2.xml::1525962920::R3.Corda: Null constraint has been added to node_infos.platform_version
?[m?[37m[INFO] 23:19:30,976 [Test worker] liquibase.info - master.changelog.json: migration/node-info.changelog-v2.xml::1525962920::R3.Corda: Null constraint has been added to node_infos.serial
?[m?[37m[INFO] 23:19:30,977 [Test worker] liquibase.info - master.changelog.json: migration/node-info.changelog-v2.xml::1525962920::R3.Corda: Null constraint dropped from node_info_hosts.host
?[m?[37m[INFO] 23:19:30,978 [Test worker] liquibase.info - master.changelog.json: migration/node-info.changelog-v2.xml::1525962920::R3.Corda: Null constraint dropped from node_info_hosts.port
?[m?[37m[INFO] 23:19:30,978 [Test worker] liquibase.info - master.changelog.json: migration/node-info.changelog-v2.xml::1525962920::R3.Corda: Null constraint has been added to node_info_party_cert.owning_key_hash
?[m?[37m[INFO] 23:19:30,979 [Test worker] liquibase.info - master.changelog.json: migration/node-info.changelog-v2.xml::1525962920::R3.Corda: Null constraint has been added to node_info_party_cert.party_cert_binary
?[m?[37m[INFO] 23:19:30,979 [Test worker] liquibase.info - master.changelog.json: migration/node-info.changelog-v2.xml::1525962920::R3.Corda: ChangeSet migration/node-info.changelog-v2.xml::1525962920::R3.Corda ran successfully in 5ms
?[m?[37m[INFO] 23:19:30,983 [Test worker] liquibase.info - master.changelog.json: migration/node-info.changelog-v3.xml::column_host_name::R3.Corda: Column node_info_hosts.host renamed to host_name
?[m?[37m[INFO] 23:19:30,983 [Test worker] liquibase.info - master.changelog.json: migration/node-info.changelog-v3.xml::column_host_name::R3.Corda: ChangeSet migration/node-info.changelog-v3.xml::column_host_name::R3.Corda ran successfully in 1ms
?[m?[37m[INFO] 23:19:30,987 [Test worker] liquibase.info - master.changelog.json: migration/node-services.changelog-init.xml::1511451595465-5::R3.Corda: Table node_attachments created
?[m?[37m[INFO] 23:19:30,987 [Test worker] liquibase.info - master.changelog.json: migration/node-services.changelog-init.xml::1511451595465-5::R3.Corda: ChangeSet migration/node-services.changelog-init.xml::1511451595465-5::R3.Corda ran successfully in 2ms
?[m?[37m[INFO] 23:19:30,990 [Test worker] liquibase.info - master.changelog.json: migration/node-services.changelog-init.xml::1511451595465-7::R3.Corda: Table node_checkpoints created
?[m?[37m[INFO] 23:19:30,990 [Test worker] liquibase.info - master.changelog.json: migration/node-services.changelog-init.xml::1511451595465-7::R3.Corda: ChangeSet migration/node-services.changelog-init.xml::1511451595465-7::R3.Corda ran successfully in 1ms
?[m?[37m[INFO] 23:19:30,992 [Test worker] liquibase.info - master.changelog.json: migration/node-services.changelog-init.xml::1511451595465-8::R3.Corda: Table node_contract_upgrades created
?[m?[37m[INFO] 23:19:30,993 [Test worker] liquibase.info - master.changelog.json: migration/node-services.changelog-init.xml::1511451595465-8::R3.Corda: ChangeSet migration/node-services.changelog-init.xml::1511451595465-8::R3.Corda ran successfully in 1ms
?[m?[37m[INFO] 23:19:30,995 [Test worker] liquibase.info - master.changelog.json: migration/node-services.changelog-init.xml::1511451595465-9::R3.Corda: Table node_identities created
?[m?[37m[INFO] 23:19:30,996 [Test worker] liquibase.info - master.changelog.json: migration/node-services.changelog-init.xml::1511451595465-9::R3.Corda: ChangeSet migration/node-services.changelog-init.xml::1511451595465-9::R3.Corda ran successfully in 1ms
?[m?[37m[INFO] 23:19:30,998 [Test worker] liquibase.info - master.changelog.json: migration/node-services.changelog-init.xml::1511451595465-13::R3.Corda: Table node_message_ids created
?[m?[37m[INFO] 23:19:30,998 [Test worker] liquibase.info - master.changelog.json: migration/node-services.changelog-init.xml::1511451595465-13::R3.Corda: ChangeSet migration/node-services.changelog-init.xml::1511451595465-13::R3.Corda ran successfully in 1ms
?[m?[37m[INFO] 23:19:31,001 [Test worker] liquibase.info - master.changelog.json: migration/node-services.changelog-init.xml::1511451595465-14::R3.Corda: Table node_message_retry created
?[m?[37m[INFO] 23:19:31,001 [Test worker] liquibase.info - master.changelog.json: migration/node-services.changelog-init.xml::1511451595465-14::R3.Corda: ChangeSet migration/node-services.changelog-init.xml::1511451595465-14::R3.Corda ran successfully in 1ms
?[m?[37m[INFO] 23:19:31,004 [Test worker] liquibase.info - master.changelog.json: migration/node-services.changelog-init.xml::1511451595465-15::R3.Corda: Table node_named_identities created
?[m?[37m[INFO] 23:19:31,005 [Test worker] liquibase.info - master.changelog.json: migration/node-services.changelog-init.xml::1511451595465-15::R3.Corda: ChangeSet migration/node-services.changelog-init.xml::1511451595465-15::R3.Corda ran successfully in 1ms
?[m?[37m[INFO] 23:19:31,007 [Test worker] liquibase.info - master.changelog.json: migration/node-services.changelog-init.xml::1511451595465-17::R3.Corda: Table node_our_key_pairs created
?[m?[37m[INFO] 23:19:31,008 [Test worker] liquibase.info - master.changelog.json: migration/node-services.changelog-init.xml::1511451595465-17::R3.Corda: ChangeSet migration/node-services.changelog-init.xml::1511451595465-17::R3.Corda ran successfully in 1ms
?[m?[37m[INFO] 23:19:31,011 [Test worker] liquibase.info - master.changelog.json: migration/node-services.changelog-init.xml::1511451595465-19::R3.Corda: Table node_scheduled_states created
?[m?[37m[INFO] 23:19:31,011 [Test worker] liquibase.info - master.changelog.json: migration/node-services.changelog-init.xml::1511451595465-19::R3.Corda: ChangeSet migration/node-services.changelog-init.xml::1511451595465-19::R3.Corda ran successfully in 2ms
?[m?[37m[INFO] 23:19:31,014 [Test worker] liquibase.info - master.changelog.json: migration/node-services.changelog-init.xml::1511451595465-20::R3.Corda: Table node_transaction_mappings created
?[m?[37m[INFO] 23:19:31,014 [Test worker] liquibase.info - master.changelog.json: migration/node-services.changelog-init.xml::1511451595465-20::R3.Corda: ChangeSet migration/node-services.changelog-init.xml::1511451595465-20::R3.Corda ran successfully in 1ms
?[m?[37m[INFO] 23:19:31,017 [Test worker] liquibase.info - master.changelog.json: migration/node-services.changelog-init.xml::1511451595465-21::R3.Corda: Table node_transactions created
?[m?[37m[INFO] 23:19:31,017 [Test worker] liquibase.info - master.changelog.json: migration/node-services.changelog-init.xml::1511451595465-21::R3.Corda: ChangeSet migration/node-services.changelog-init.xml::1511451595465-21::R3.Corda ran successfully in 1ms
?[m?[37m[INFO] 23:19:31,019 [Test worker] liquibase.info - master.changelog.json: migration/node-services.changelog-init.xml::1511451595465-30::R3.Corda: Primary key added to node_attachments (att_id)
?[m?[37m[INFO] 23:19:31,020 [Test worker] liquibase.info - master.changelog.json: migration/node-services.changelog-init.xml::1511451595465-30::R3.Corda: ChangeSet migration/node-services.changelog-init.xml::1511451595465-30::R3.Corda ran successfully in 0ms
?[m?[37m[INFO] 23:19:31,023 [Test worker] liquibase.info - master.changelog.json: migration/node-services.changelog-init.xml::1511451595465-32::R3.Corda: Primary key added to node_checkpoints (checkpoint_id)
?[m?[37m[INFO] 23:19:31,023 [Test worker] liquibase.info - master.changelog.json: migration/node-services.changelog-init.xml::1511451595465-32::R3.Corda: ChangeSet migration/node-services.changelog-init.xml::1511451595465-32::R3.Corda ran successfully in 1ms
?[m?[37m[INFO] 23:19:31,026 [Test worker] liquibase.info - master.changelog.json: migration/node-services.changelog-init.xml::1511451595465-33::R3.Corda: Primary key added to node_contract_upgrades (state_ref)
?[m?[37m[INFO] 23:19:31,026 [Test worker] liquibase.info - master.changelog.json: migration/node-services.changelog-init.xml::1511451595465-33::R3.Corda: ChangeSet migration/node-services.changelog-init.xml::1511451595465-33::R3.Corda ran successfully in 1ms
?[m?[37m[INFO] 23:19:31,029 [Test worker] liquibase.info - master.changelog.json: migration/node-services.changelog-init.xml::1511451595465-34::R3.Corda: Primary key added to node_identities (pk_hash)
?[m?[37m[INFO] 23:19:31,029 [Test worker] liquibase.info - master.changelog.json: migration/node-services.changelog-init.xml::1511451595465-34::R3.Corda: ChangeSet migration/node-services.changelog-init.xml::1511451595465-34::R3.Corda ran successfully in 1ms
?[m?[37m[INFO] 23:19:31,032 [Test worker] liquibase.info - master.changelog.json: migration/node-services.changelog-init.xml::1511451595465-38::R3.Corda: Primary key added to node_message_ids (message_id)
?[m?[37m[INFO] 23:19:31,033 [Test worker] liquibase.info - master.changelog.json: migration/node-services.changelog-init.xml::1511451595465-38::R3.Corda: ChangeSet migration/node-services.changelog-init.xml::1511451595465-38::R3.Corda ran successfully in 1ms
?[m?[37m[INFO] 23:19:31,036 [Test worker] liquibase.info - master.changelog.json: migration/node-services.changelog-init.xml::1511451595465-39::R3.Corda: Primary key added to node_message_retry (message_id)
?[m?[37m[INFO] 23:19:31,036 [Test worker] liquibase.info - master.changelog.json: migration/node-services.changelog-init.xml::1511451595465-39::R3.Corda: ChangeSet migration/node-services.changelog-init.xml::1511451595465-39::R3.Corda ran successfully in 1ms
?[m?[37m[INFO] 23:19:31,040 [Test worker] liquibase.info - master.changelog.json: migration/node-services.changelog-init.xml::1511451595465-40::R3.Corda: Primary key added to node_named_identities (name)
?[m?[37m[INFO] 23:19:31,040 [Test worker] liquibase.info - master.changelog.json: migration/node-services.changelog-init.xml::1511451595465-40::R3.Corda: ChangeSet migration/node-services.changelog-init.xml::1511451595465-40::R3.Corda ran successfully in 2ms
?[m?[37m[INFO] 23:19:31,044 [Test worker] liquibase.info - master.changelog.json: migration/node-services.changelog-init.xml::1511451595465-42::R3.Corda: Primary key added to node_our_key_pairs (public_key_hash)
?[m?[37m[INFO] 23:19:31,044 [Test worker] liquibase.info - master.changelog.json: migration/node-services.changelog-init.xml::1511451595465-42::R3.Corda: ChangeSet migration/node-services.changelog-init.xml::1511451595465-42::R3.Corda ran successfully in 1ms
?[m?[37m[INFO] 23:19:31,051 [Test worker] liquibase.info - master.changelog.json: migration/node-services.changelog-init.xml::1511451595465-44::R3.Corda: Primary key added to node_scheduled_states (output_index, transaction_id)
?[m?[37m[INFO] 23:19:31,051 [Test worker] liquibase.info - master.changelog.json: migration/node-services.changelog-init.xml::1511451595465-44::R3.Corda: ChangeSet migration/node-services.changelog-init.xml::1511451595465-44::R3.Corda ran successfully in 1ms
?[m?[37m[INFO] 23:19:31,054 [Test worker] liquibase.info - master.changelog.json: migration/node-services.changelog-init.xml::1511451595465-45::R3.Corda: Primary key added to node_transaction_mappings (tx_id)
?[m?[37m[INFO] 23:19:31,054 [Test worker] liquibase.info - master.changelog.json: migration/node-services.changelog-init.xml::1511451595465-45::R3.Corda: ChangeSet migration/node-services.changelog-init.xml::1511451595465-45::R3.Corda ran successfully in 1ms
?[m?[37m[INFO] 23:19:31,057 [Test worker] liquibase.info - master.changelog.json: migration/node-services.changelog-init.xml::1511451595465-46::R3.Corda: Primary key added to node_transactions (tx_id)
?[m?[37m[INFO] 23:19:31,058 [Test worker] liquibase.info - master.changelog.json: migration/node-services.changelog-init.xml::1511451595465-46::R3.Corda: ChangeSet migration/node-services.changelog-init.xml::1511451595465-46::R3.Corda ran successfully in 1ms
?[m?[37m[INFO] 23:19:31,062 [Test worker] liquibase.info - master.changelog.json: migration/node-services.changelog-init.xml::1511451595465-61::R3.Corda: Foreign key constraint added to node_link_nodeinfo_party (party_name)
?[m?[37m[INFO] 23:19:31,062 [Test worker] liquibase.info - master.changelog.json: migration/node-services.changelog-init.xml::1511451595465-61::R3.Corda: ChangeSet migration/node-services.changelog-init.xml::1511451595465-61::R3.Corda ran successfully in 3ms
?[m?[37m[INFO] 23:19:31,064 [Test worker] liquibase.info - master.changelog.json: migration/node-services.changelog-init.xml::add index att_id::R3.Corda: Index att_id_idx created
?[m?[37m[INFO] 23:19:31,065 [Test worker] liquibase.info - master.changelog.json: migration/node-services.changelog-init.xml::add index att_id::R3.Corda: ChangeSet migration/node-services.changelog-init.xml::add index att_id::R3.Corda ran successfully in 0ms
?[m?[37m[INFO] 23:19:31,067 [Test worker] liquibase.info - master.changelog.json: migration/node-services.changelog-init.xml::add_contract_attachment::R3.Corda: Table node_attchments_contracts created
?[m?[37m[INFO] 23:19:31,069 [Test worker] liquibase.info - master.changelog.json: migration/node-services.changelog-init.xml::add_contract_attachment::R3.Corda: Foreign key constraint added to node_attchments_contracts (att_id)
?[m?[37m[INFO] 23:19:31,069 [Test worker] liquibase.info - master.changelog.json: migration/node-services.changelog-init.xml::add_contract_attachment::R3.Corda: Data deleted from node_attachments
?[m?[37m[INFO] 23:19:31,069 [Test worker] liquibase.info - master.changelog.json: migration/node-services.changelog-init.xml::add_contract_attachment::R3.Corda: ChangeSet migration/node-services.changelog-init.xml::add_contract_attachment::R3.Corda ran successfully in 3ms
?[m?[37m[INFO] 23:19:31,079 [Test worker] liquibase.info - master.changelog.json: migration/node-services.changelog-init.xml::add_dedup_columns::R3.Corda: Columns sender(NVARCHAR(64)),sequence_number(BIGINT) added to node_message_ids
?[m?[37m[INFO] 23:19:31,079 [Test worker] liquibase.info - master.changelog.json: migration/node-services.changelog-init.xml::add_dedup_columns::R3.Corda: ChangeSet migration/node-services.changelog-init.xml::add_dedup_columns::R3.Corda ran successfully in 8ms
?[m?[37m[INFO] 23:19:31,082 [Test worker] liquibase.info - master.changelog.json: migration/node-core.changelog-v4.xml::attchments_rename::R3.Corda: Table node_attchments_contracts renamed to node_attachments_contracts
?[m?[37m[INFO] 23:19:31,082 [Test worker] liquibase.info - master.changelog.json: migration/node-core.changelog-v4.xml::attchments_rename::R3.Corda: ChangeSet migration/node-core.changelog-v4.xml::attchments_rename::R3.Corda ran successfully in 1ms
?[m?[37m[INFO] 23:19:31,085 [Test worker] liquibase.info - master.changelog.json: migration/node-core.changelog-v4.xml::nullability::R3.Corda: Null constraint has been added to node_identities.identity_value
?[m?[37m[INFO] 23:19:31,086 [Test worker] liquibase.info - master.changelog.json: migration/node-core.changelog-v4.xml::nullability::R3.Corda: Null constraint has been added to node_attachments.content
?[m?[37m[INFO] 23:19:31,086 [Test worker] liquibase.info - master.changelog.json: migration/node-core.changelog-v4.xml::nullability::R3.Corda: Null constraint has been added to node_attachments_contracts.contract_class_name
?[m?[37m[INFO] 23:19:31,087 [Test worker] liquibase.info - master.changelog.json: migration/node-core.changelog-v4.xml::nullability::R3.Corda: Null constraint has been added to node_checkpoints.checkpoint_value
?[m?[37m[INFO] 23:19:31,088 [Test worker] liquibase.info - master.changelog.json: migration/node-core.changelog-v4.xml::nullability::R3.Corda: Null constraint has been added to node_contract_upgrades.contract_class_name
?[m?[37m[INFO] 23:19:31,088 [Test worker] liquibase.info - master.changelog.json: migration/node-core.changelog-v4.xml::nullability::R3.Corda: Null constraint has been added to node_message_ids.insertion_time
?[m?[37m[INFO] 23:19:31,089 [Test worker] liquibase.info - master.changelog.json: migration/node-core.changelog-v4.xml::nullability::R3.Corda: Null constraint has been added to node_message_retry.message
?[m?[37m[INFO] 23:19:31,090 [Test worker] liquibase.info - master.changelog.json: migration/node-core.changelog-v4.xml::nullability::R3.Corda: Null constraint has been added to node_message_retry.recipients
?[m?[37m[INFO] 23:19:31,091 [Test worker] liquibase.info - master.changelog.json: migration/node-core.changelog-v4.xml::nullability::R3.Corda: Null constraint has been added to node_named_identities.pk_hash
?[m?[37m[INFO] 23:19:31,091 [Test worker] liquibase.info - master.changelog.json: migration/node-core.changelog-v4.xml::nullability::R3.Corda: Null constraint has been added to node_our_key_pairs.private_key
?[m?[37m[INFO] 23:19:31,092 [Test worker] liquibase.info - master.changelog.json: migration/node-core.changelog-v4.xml::nullability::R3.Corda: Null constraint has been added to node_our_key_pairs.public_key
?[m?[37m[INFO] 23:19:31,092 [Test worker] liquibase.info - master.changelog.json: migration/node-core.changelog-v4.xml::nullability::R3.Corda: Null constraint has been added to node_transaction_mappings.state_machine_run_id
?[m?[37m[INFO] 23:19:31,093 [Test worker] liquibase.info - master.changelog.json: migration/node-core.changelog-v4.xml::nullability::R3.Corda: Null constraint has been added to node_transactions.transaction_value
?[m?[37m[INFO] 23:19:31,094 [Test worker] liquibase.info - master.changelog.json: migration/node-core.changelog-v4.xml::nullability::R3.Corda: ChangeSet migration/node-core.changelog-v4.xml::nullability::R3.Corda ran successfully in 9ms
?[m?[37m[INFO] 23:19:31,097 [Test worker] liquibase.info - master.changelog.json: migration/node-core.changelog-v5.xml::remove_unused_node_message_retry::R3.Corda: Table node_message_retry dropped
?[m?[37m[INFO] 23:19:31,098 [Test worker] liquibase.info - master.changelog.json: migration/node-core.changelog-v5.xml::remove_unused_node_message_retry::R3.Corda: ChangeSet migration/node-core.changelog-v5.xml::remove_unused_node_message_retry::R3.Corda ran successfully in 1ms
?[m?[37m[INFO] 23:19:31,143 [Test worker] liquibase.info - master.changelog.json: migration/node-core.changelog-v8.xml::conditional_attchments_rename::R3.Corda: Marking ChangeSet: migration/node-core.changelog-v8.xml::conditional_attchments_rename::R3.Corda ran despite precondition failure due to onFail='MARK_RAN': 
          master.changelog.json : Table PUBLIC.NODE_ATTCHMENTS_CONTRACTS does not exist

?[m?[37m[INFO] 23:19:31,170 [Test worker] liquibase.info - master.changelog.json: migration/node-core.changelog-v8.xml::conditional_attchments_contracts::R3.Corda: Marking ChangeSet: migration/node-core.changelog-v8.xml::conditional_attchments_contracts::R3.Corda ran despite precondition failure due to onFail='MARK_RAN': 
          master.changelog.json : Table PUBLIC.NODE_ATTACHMENTS_CONTRACT_CLASS_NAME does not exist

?[m?[37m[INFO] 23:19:31,173 [Test worker] liquibase.info - master.changelog.json: migration/node-core.changelog-v8.xml::add_signers::R3.Corda: Table node_attachments_signers created
?[m?[37m[INFO] 23:19:31,174 [Test worker] liquibase.info - master.changelog.json: migration/node-core.changelog-v8.xml::add_signers::R3.Corda: Foreign key constraint added to node_attachments_signers (att_id)
?[m?[37m[INFO] 23:19:31,175 [Test worker] liquibase.info - master.changelog.json: migration/node-core.changelog-v8.xml::add_signers::R3.Corda: ChangeSet migration/node-core.changelog-v8.xml::add_signers::R3.Corda ran successfully in 3ms
?[m?[37m[INFO] 23:19:31,181 [Test worker] liquibase.info - master.changelog.json: migration/node-core.changelog-tx-mapping.xml::add_tx_mapping_column::R3.Corda: Columns state_machine_run_id(NVARCHAR(36)) added to node_transactions
?[m?[37m[INFO] 23:19:31,184 [Test worker] liquibase.info - master.changelog.json: migration/node-core.changelog-tx-mapping.xml::add_tx_mapping_column::R3.Corda: Custom SQL executed
?[m?[37m[INFO] 23:19:31,185 [Test worker] liquibase.info - master.changelog.json: migration/node-core.changelog-tx-mapping.xml::add_tx_mapping_column::R3.Corda: Table node_transaction_mappings dropped
?[m?[37m[INFO] 23:19:31,185 [Test worker] liquibase.info - master.changelog.json: migration/node-core.changelog-tx-mapping.xml::add_tx_mapping_column::R3.Corda: ChangeSet migration/node-core.changelog-tx-mapping.xml::add_tx_mapping_column::R3.Corda ran successfully in 8ms
?[m?[37m[INFO] 23:19:31,188 [Test worker] liquibase.info - master.changelog.json: migration/node-services.changelog-init.xml::add_network_parameters_storage::R3.Corda: Table node_network_parameters created
?[m?[37m[INFO] 23:19:31,189 [Test worker] liquibase.info - master.changelog.json: migration/node-services.changelog-init.xml::add_network_parameters_storage::R3.Corda: ChangeSet migration/node-services.changelog-init.xml::add_network_parameters_storage::R3.Corda ran successfully in 2ms
?[m?[37m[INFO] 23:19:31,192 [Test worker] liquibase.info - master.changelog.json: migration/node-services.changelog-init.xml::network_parameters_pk::R3.Corda: Primary key added to node_network_parameters (hash)
?[m?[37m[INFO] 23:19:31,192 [Test worker] liquibase.info - master.changelog.json: migration/node-services.changelog-init.xml::network_parameters_pk::R3.Corda: ChangeSet migration/node-services.changelog-init.xml::network_parameters_pk::R3.Corda ran successfully in 1ms
?[m?[37m[INFO] 23:19:31,199 [Test worker] liquibase.info - master.changelog.json: migration/node-services.changelog-init.xml::add_version_column::R3.Corda: Columns version(INT) added to node_attachments
?[m?[37m[INFO] 23:19:31,200 [Test worker] liquibase.info - master.changelog.json: migration/node-services.changelog-init.xml::add_version_column::R3.Corda: Custom SQL executed
?[m?[37m[INFO] 23:19:31,201 [Test worker] liquibase.info - master.changelog.json: migration/node-services.changelog-init.xml::add_version_column::R3.Corda: Null constraint has been added to node_attachments.version
?[m?[37m[INFO] 23:19:31,201 [Test worker] liquibase.info - master.changelog.json: migration/node-services.changelog-init.xml::add_version_column::R3.Corda: ChangeSet migration/node-services.changelog-init.xml::add_version_column::R3.Corda ran successfully in 7ms
?[m?[37m[INFO] 23:19:31,204 [Test worker] persistence.AttachmentVersionNumberMigration.execute - Start executing...
?[m?[37m[INFO] 23:19:31,211 [Test worker] persistence.AttachmentVersionNumberMigration.execute - Attachment version creation from whitelisted JARs using network parameters from build/mock-network/20191219-051851.140/nodes/1/network-parameters, whitelistedContractImplementations: {}.
?[m?[37m[INFO] 23:19:31,211 [Test worker] persistence.AttachmentVersionNumberMigration.execute - Attachment version creation from whitelisted JARs skipped, no attachments not found.
?[m?[37m[INFO] 23:19:31,211 [Test worker] liquibase.info - master.changelog.json: migration/node-services.changelog-init.xml::update-version-of-whitelisted-jars::R3.Corda: null
?[m?[37m[INFO] 23:19:31,211 [Test worker] liquibase.info - master.changelog.json: migration/node-services.changelog-init.xml::update-version-of-whitelisted-jars::R3.Corda: ChangeSet migration/node-services.changelog-init.xml::update-version-of-whitelisted-jars::R3.Corda ran successfully in 8ms
?[m?[37m[INFO] 23:19:31,213 [Test worker] migration.VaultStateMigration.execute - Migrating vault state data to V4 tables
?[m?[37m[INFO] 23:19:31,217 [Test worker] persistence.HibernateConfiguration.<init> - Init HibernateConfiguration for schemas: [VaultMigrationSchemaV1(name=net.corda.node.migration.VaultMigrationSchema, version=1), VaultSchemaV1(name=net.corda.node.services.vault.VaultSchema, version=1)]
?[m?[37m[INFO] 23:19:31,217 [Test worker] persistence.HibernateConfiguration.makeSessionFactoryForSchemas - Creating session factory for schemas: [VaultMigrationSchemaV1(name=net.corda.node.migration.VaultMigrationSchema, version=1), VaultSchemaV1(name=net.corda.node.services.vault.VaultSchema, version=1)]
?[m?[37m[INFO] 23:19:31,224 [Test worker] internal.ConnectionProviderInitiator.initiateService - HHH000130: Instantiating explicit connection provider: net.corda.nodeapi.internal.persistence.HibernateConfiguration$NodeDatabaseConnectionProvider
?[m?[37m[INFO] 23:19:31,225 [Test worker] dialect.Dialect.<init> - HHH000400: Using dialect: org.hibernate.dialect.H2Dialect
?[m?[37m[INFO] 23:19:31,232 [Test worker] type.BasicTypeRegistry.register - HHH000270: Type registration [materialized_blob] overrides previous : org.hibernate.type.MaterializedBlobType@2abb5c94
?[m?[37m[INFO] 23:19:31,311 [Test worker] connections.access.getIsolatedConnection - HHH10001501: Connection obtained from JdbcConnectionAccess [org.hibernate.engine.jdbc.env.internal.JdbcEnvironmentInitiator$ConnectionProviderJdbcConnectionAccess@41891712] for (non-JTA) DDL execution was not in auto-commit mode; the Connection 'local transaction' will be committed and the Connection will be set into auto-commit mode.
?[m?[37m[INFO] 23:19:31,432 [Test worker] persistence.HibernateConfiguration.makeSessionFactoryForSchemas - Created session factory for schemas: [VaultMigrationSchemaV1(name=net.corda.node.migration.VaultMigrationSchema, version=1), VaultSchemaV1(name=net.corda.node.services.vault.VaultSchema, version=1)]
?[m?[37m[INFO] 23:19:31,433 [Test worker] internal.QueryTranslatorFactoryInitiator.initiateService - HHH000397: Using ASTQueryTranslatorFactory
?[m?[37m[INFO] 23:19:31,456 [Test worker] migration.VaultStateMigration.execute - Finished performing vault state data migration for 0 states
?[m?[37m[INFO] 23:19:31,456 [Test worker] liquibase.info - master.changelog.json: migration/vault-schema.changelog-v9.xml::update-vault-states::R3.Corda: null
?[m?[37m[INFO] 23:19:31,457 [Test worker] liquibase.info - master.changelog.json: migration/vault-schema.changelog-v9.xml::update-vault-states::R3.Corda: ChangeSet migration/vault-schema.changelog-v9.xml::update-vault-states::R3.Corda ran successfully in 243ms
?[m?[37m[INFO] 23:19:31,459 [Test worker] liquibase.info - Successfully released change log lock
?[m?[37m[INFO] 23:19:31,460 [Test worker] internal.InternalMockNetwork$MockNode.invoke - Connected to H2 database.
?[m?[37m[INFO] 23:19:31,461 [Test worker] internal.InternalMockNetwork$MockNode.obtainIdentity - identity-private-key not found in key store, generating fresh key!
?[m?[37m[INFO] 23:19:31,495 [Test worker] persistence.HibernateConfiguration.<init> - Init HibernateConfiguration for schemas: [CommonSchemaV1(name=net.corda.core.schemas.CommonSchema, version=1), VaultSchemaV1(name=net.corda.node.services.vault.VaultSchema, version=1), NodeInfoSchemaV1(name=net.corda.node.internal.schemas.NodeInfoSchema, version=1), NodeCoreV1(name=net.corda.node.services.schema.NodeSchemaService$NodeCore, version=1), IOUSchemaV1(name=com.example.schema.IOUSchema, version=1)]
?[m?[37m[INFO] 23:19:31,495 [Test worker] persistence.HibernateConfiguration.makeSessionFactoryForSchemas - Creating session factory for schemas: [CommonSchemaV1(name=net.corda.core.schemas.CommonSchema, version=1), VaultSchemaV1(name=net.corda.node.services.vault.VaultSchema, version=1), NodeInfoSchemaV1(name=net.corda.node.internal.schemas.NodeInfoSchema, version=1), NodeCoreV1(name=net.corda.node.services.schema.NodeSchemaService$NodeCore, version=1), IOUSchemaV1(name=com.example.schema.IOUSchema, version=1)]
?[m?[37m[INFO] 23:19:31,502 [Test worker] internal.ConnectionProviderInitiator.initiateService - HHH000130: Instantiating explicit connection provider: net.corda.nodeapi.internal.persistence.HibernateConfiguration$NodeDatabaseConnectionProvider
?[m?[37m[INFO] 23:19:31,503 [Test worker] dialect.Dialect.<init> - HHH000400: Using dialect: org.hibernate.dialect.H2Dialect
?[m?[37m[INFO] 23:19:31,508 [Test worker] type.BasicTypeRegistry.register - HHH000270: Type registration [materialized_blob] overrides previous : org.hibernate.type.MaterializedBlobType@2abb5c94
?[m?[37m[INFO] 23:19:31,644 [Test worker] connections.access.getIsolatedConnection - HHH10001501: Connection obtained from JdbcConnectionAccess [org.hibernate.engine.jdbc.env.internal.JdbcEnvironmentInitiator$ConnectionProviderJdbcConnectionAccess@67dfe3cc] for (non-JTA) DDL execution was not in auto-commit mode; the Connection 'local transaction' will be committed and the Connection will be set into auto-commit mode.
?[m?[37m[INFO] 23:19:31,748 [Test worker] persistence.HibernateConfiguration.makeSessionFactoryForSchemas - Created session factory for schemas: [CommonSchemaV1(name=net.corda.core.schemas.CommonSchema, version=1), VaultSchemaV1(name=net.corda.node.services.vault.VaultSchema, version=1), NodeInfoSchemaV1(name=net.corda.node.internal.schemas.NodeInfoSchema, version=1), NodeCoreV1(name=net.corda.node.services.schema.NodeSchemaService$NodeCore, version=1), IOUSchemaV1(name=com.example.schema.IOUSchema, version=1)]
?[m?[37m[INFO] 23:19:31,751 [Test worker] internal.QueryTranslatorFactoryInitiator.initiateService - HHH000397: Using ASTQueryTranslatorFactory
?[m?[37m[INFO] 23:19:31,756 [Test worker] internal.InternalMockNetwork$MockNode.updateNodeInfo - Node-info has changed so submitting update. Old node-info was null
?[m?[37m[INFO] 23:19:31,757 [Test worker] network.PersistentNetworkMapCache.addNode - Adding node with info: NodeInfo(addresses=[mock.node:1000], legalIdentitiesAndCerts=[O=Mock Company 1, L=London, C=GB], platformVersion=4, serial=1576732771756)
?[m?[37m[INFO] 23:19:31,761 [Test worker] network.PersistentNetworkMapCache.addNode - No previous node found
?[m?[37m[INFO] 23:19:31,776 [Test worker] internal.InternalMockNetwork$MockNode.updateNodeInfo - New node-info: NodeInfo(addresses=[mock.node:1000], legalIdentitiesAndCerts=[O=Mock Company 1, L=London, C=GB], platformVersion=4, serial=1576732771756)
?[m?[37m[INFO] 23:19:31,789 [Test worker] network.NetworkMapUpdater.apply - Auto-accept enabled for network parameter changes which modify only: [epoch, modifiedTime, packageOwnership, whitelistedContractImplementations]
?[m?[37m[INFO] 23:19:31,798 [MockNode-2-2] network.PersistentNetworkMapCache.addNode - Adding node with info: NodeInfo(addresses=[mock.node:1000], legalIdentitiesAndCerts=[O=Mock Company 1, L=London, C=GB], platformVersion=4, serial=1576732771756)
?[m?[37m[INFO] 23:19:31,809 [MockNode-2-2] network.PersistentNetworkMapCache.addNode - Previous node was identical to incoming one - doing nothing
?[m?[37m[INFO] 23:19:31,840 [Test worker] ClassloaderUtils.logElapsedTime - Contracts loading for '/tmp/attachment3796864622413261544.jar' took 26 msec
?[m?[37m[INFO] 23:19:31,857 [Test worker] persistence.NodeAttachmentService.invoke - Stored new attachment: id=D50829081E8935F1F92DFDC1A9A6F06C4615726BC3EDBBFB8403B865839C0455 uploader=app filename=null
?[m?[37m[INFO] 23:19:31,874 [Test worker] statemachine.SingleThreadedStateMachineManager.invoke - Node ready, info: NodeInfo(addresses=[mock.node:1000], legalIdentitiesAndCerts=[O=Mock Company 1, L=London, C=GB], platformVersion=4, serial=1576732771756)
?[m?[37m[INFO] 23:19:31,881 [Test worker] network.PersistentNetworkMapCache.addNode - Adding node with info: NodeInfo(addresses=[mock.node:1000], legalIdentitiesAndCerts=[O=Notary Service, L=Zurich, C=CH], platformVersion=4, serial=1576732768170)
?[m?[37m[INFO] 23:19:31,883 [Test worker] network.PersistentNetworkMapCache.addNode - No previous node found
?[m?[37m[INFO] 23:19:31,900 [Test worker] network.PersistentNetworkMapCache.addNode - Adding node with info: NodeInfo(addresses=[mock.node:1000], legalIdentitiesAndCerts=[O=Mock Company 1, L=London, C=GB], platformVersion=4, serial=1576732771756)
?[m?[37m[INFO] 23:19:31,902 [Test worker] network.PersistentNetworkMapCache.addNode - No previous node found
?[m?[37m[INFO] 23:19:31,919 [Test worker] network.PersistentNetworkMapCache.addNode - Adding node with info: NodeInfo(addresses=[mock.node:1000], legalIdentitiesAndCerts=[O=Mock Company 1, L=London, C=GB], platformVersion=4, serial=1576732771756)
?[m?[37m[INFO] 23:19:31,919 [Test worker] network.PersistentNetworkMapCache.addNode - Previous node was identical to incoming one - doing nothing
?[m?[37m[INFO] 23:19:31,919 [Test worker] network.PersistentNetworkMapCache.addNode - Adding node with info: NodeInfo(addresses=[mock.node:1000], legalIdentitiesAndCerts=[O=Mock Company 1, L=London, C=GB], platformVersion=4, serial=1576732771756)
?[m?[37m[INFO] 23:19:31,919 [Test worker] network.PersistentNetworkMapCache.addNode - Previous node was identical to incoming one - doing nothing
?[m?[37m[INFO] 23:19:31,924 [Test worker] cordapp.JarScanningCordappLoader.fromDirectories - Looking for CorDapps in [build/mock-network/20191219-051851.140/nodes/2/cordapps]
?[m?[37m[INFO] 23:19:31,924 [Test worker] cordapp.JarScanningCordappLoader.<init> - Loading CorDapps from RestrictedURL(url=file:/home/adel/corda/articles/web3j-iou%20(copy)/workflows/build/mock-network/20191219-051851.140/nodes/2/cordapps/workflows-0.1-SNAPSHOT.jar, rootPackageName=null), RestrictedURL(url=file:/home/adel/corda/articles/web3j-iou%20(copy)/workflows/build/mock-network/20191219-051851.140/nodes/2/cordapps/contracts-0.1-SNAPSHOT.jar, rootPackageName=null)
?[m?[37m[INFO] 23:19:31,925 [Test worker] cordapp.JarScanningCordappLoader.scanCordapp - Scanning CorDapp in file:/home/adel/corda/articles/web3j-iou%20(copy)/workflows/build/mock-network/20191219-051851.140/nodes/2/cordapps/workflows-0.1-SNAPSHOT.jar
?[m?[37m[INFO] 23:19:31,946 [Test worker] cordapp.JarScanningCordappLoader.scanCordapp - Scanning CorDapp in file:/home/adel/corda/articles/web3j-iou%20(copy)/workflows/build/mock-network/20191219-051851.140/nodes/2/cordapps/contracts-0.1-SNAPSHOT.jar
?[m?[37m[INFO] 23:19:31,977 [Test worker] internal.InternalMockNetwork$MockNode.start - Node starting up ...
?[m?[37m[INFO] 23:19:32,022 [Test worker] internal.NodeFlowManager.registerInitiatedFlow - Registered com.example.flow.ExampleFlow$Initiator to initiate com.example.flow.ExampleFlow$Acceptor (version 1)
?[m?[37m[INFO] 23:19:32,029 [Test worker] internal.InternalMockNetwork$MockNode.start - Loaded network parameters: NetworkParameters {
      minimumPlatformVersion=1
      notaries=[NotaryInfo(identity=O=Notary Service, L=Zurich, C=CH, validating=true)]
      maxMessageSize=10485760
      maxTransactionSize=524288000
      whitelistedContractImplementations {
        
      }
      eventHorizon=PT720H
      packageOwnership {
        
      }
      modifiedTime=2019-12-19T05:18:51.121Z
      epoch=1
  }
?[m?[37m[INFO] 23:19:32,030 [Test worker] hikari.HikariDataSource.<init> - HikariPool-3 - Started.
?[m?[37m[INFO] 23:19:32,295 [Test worker] liquibase.info - Creating database history table with name: PUBLIC.DATABASECHANGELOG
?[m?[37m[INFO] 23:19:32,302 [Test worker] liquibase.info - Reading from PUBLIC.DATABASECHANGELOG
?[m?[37m[INFO] 23:19:32,305 [Test worker] liquibase.info - master.changelog.json: migration/common.changelog-init.xml::1511451595465-1.3::R3.Corda: Skipping changeSet migration/common.changelog-init.xml::1511451595465-1.3::R3.Corda due to validation error(s): minValue is not allowed on h2
?[m?[37m[INFO] 23:19:32,326 [Test worker] liquibase.info - master.changelog.json: migration/vault-schema.changelog-pkey.xml::non-clustered_pk-11::R3.Corda: Skipping changeSet migration/vault-schema.changelog-pkey.xml::non-clustered_pk-11::R3.Corda due to validation error(s): clustered is not allowed on h2
?[m?[37m[INFO] 23:19:32,327 [Test worker] liquibase.info - master.changelog.json: migration/vault-schema.changelog-pkey.xml::non-clustered_pk-12::R3.Corda: Skipping changeSet migration/vault-schema.changelog-pkey.xml::non-clustered_pk-12::R3.Corda due to validation error(s): clustered is not allowed on h2
?[m?[37m[INFO] 23:19:32,328 [Test worker] liquibase.info - master.changelog.json: migration/vault-schema.changelog-pkey.xml::non-clustered_pk-13::R3.Corda: Skipping changeSet migration/vault-schema.changelog-pkey.xml::non-clustered_pk-13::R3.Corda due to validation error(s): clustered is not allowed on h2
?[m?[37m[INFO] 23:19:32,350 [Test worker] liquibase.info - master.changelog.json: migration/node-core.changelog-pkey.xml::non-clustered_pk-1::R3.Corda: Skipping changeSet migration/node-core.changelog-pkey.xml::non-clustered_pk-1::R3.Corda due to validation error(s): clustered is not allowed on h2
?[m?[37m[INFO] 23:19:32,351 [Test worker] liquibase.info - master.changelog.json: migration/node-core.changelog-pkey.xml::non-clustered_pk-2::R3.Corda: Skipping changeSet migration/node-core.changelog-pkey.xml::non-clustered_pk-2::R3.Corda due to validation error(s): clustered is not allowed on h2
?[m?[37m[INFO] 23:19:32,351 [Test worker] liquibase.info - master.changelog.json: migration/node-core.changelog-pkey.xml::non-clustered_pk-3::R3.Corda: Skipping changeSet migration/node-core.changelog-pkey.xml::non-clustered_pk-3::R3.Corda due to validation error(s): clustered is not allowed on h2
?[m?[37m[INFO] 23:19:32,352 [Test worker] liquibase.info - master.changelog.json: migration/node-core.changelog-pkey.xml::non-clustered_pk-4::R3.Corda: Skipping changeSet migration/node-core.changelog-pkey.xml::non-clustered_pk-4::R3.Corda due to validation error(s): clustered is not allowed on h2
?[m?[37m[INFO] 23:19:32,352 [Test worker] liquibase.info - master.changelog.json: migration/node-core.changelog-pkey.xml::non-clustered_pk-5::R3.Corda: Skipping changeSet migration/node-core.changelog-pkey.xml::non-clustered_pk-5::R3.Corda due to validation error(s): clustered is not allowed on h2
?[m?[37m[INFO] 23:19:32,353 [Test worker] liquibase.info - master.changelog.json: migration/node-core.changelog-pkey.xml::non-clustered_pk-6::R3.Corda: Skipping changeSet migration/node-core.changelog-pkey.xml::non-clustered_pk-6::R3.Corda due to validation error(s): clustered is not allowed on h2
?[m?[37m[INFO] 23:19:32,353 [Test worker] liquibase.info - master.changelog.json: migration/node-core.changelog-pkey.xml::non-clustered_pk-7::R3.Corda: Skipping changeSet migration/node-core.changelog-pkey.xml::non-clustered_pk-7::R3.Corda due to validation error(s): clustered is not allowed on h2
?[m?[37m[INFO] 23:19:32,361 [Test worker] liquibase.info - Successfully acquired change log lock
?[m?[37m[INFO] 23:19:32,362 [Test worker] liquibase.info - master.changelog.json: migration/common.changelog-init.xml::1511451595465-1.3::R3.Corda: Skipping changeSet migration/common.changelog-init.xml::1511451595465-1.3::R3.Corda due to validation error(s): minValue is not allowed on h2
?[m?[37m[INFO] 23:19:32,366 [Test worker] liquibase.info - master.changelog.json: migration/vault-schema.changelog-pkey.xml::non-clustered_pk-11::R3.Corda: Skipping changeSet migration/vault-schema.changelog-pkey.xml::non-clustered_pk-11::R3.Corda due to validation error(s): clustered is not allowed on h2
?[m?[37m[INFO] 23:19:32,367 [Test worker] liquibase.info - master.changelog.json: migration/vault-schema.changelog-pkey.xml::non-clustered_pk-12::R3.Corda: Skipping changeSet migration/vault-schema.changelog-pkey.xml::non-clustered_pk-12::R3.Corda due to validation error(s): clustered is not allowed on h2
?[m?[37m[INFO] 23:19:32,368 [Test worker] liquibase.info - master.changelog.json: migration/vault-schema.changelog-pkey.xml::non-clustered_pk-13::R3.Corda: Skipping changeSet migration/vault-schema.changelog-pkey.xml::non-clustered_pk-13::R3.Corda due to validation error(s): clustered is not allowed on h2
?[m?[37m[INFO] 23:19:32,379 [Test worker] liquibase.info - master.changelog.json: migration/node-core.changelog-pkey.xml::non-clustered_pk-1::R3.Corda: Skipping changeSet migration/node-core.changelog-pkey.xml::non-clustered_pk-1::R3.Corda due to validation error(s): clustered is not allowed on h2
?[m?[37m[INFO] 23:19:32,379 [Test worker] liquibase.info - master.changelog.json: migration/node-core.changelog-pkey.xml::non-clustered_pk-2::R3.Corda: Skipping changeSet migration/node-core.changelog-pkey.xml::non-clustered_pk-2::R3.Corda due to validation error(s): clustered is not allowed on h2
?[m?[37m[INFO] 23:19:32,379 [Test worker] liquibase.info - master.changelog.json: migration/node-core.changelog-pkey.xml::non-clustered_pk-3::R3.Corda: Skipping changeSet migration/node-core.changelog-pkey.xml::non-clustered_pk-3::R3.Corda due to validation error(s): clustered is not allowed on h2
?[m?[37m[INFO] 23:19:32,379 [Test worker] liquibase.info - master.changelog.json: migration/node-core.changelog-pkey.xml::non-clustered_pk-4::R3.Corda: Skipping changeSet migration/node-core.changelog-pkey.xml::non-clustered_pk-4::R3.Corda due to validation error(s): clustered is not allowed on h2
?[m?[37m[INFO] 23:19:32,380 [Test worker] liquibase.info - master.changelog.json: migration/node-core.changelog-pkey.xml::non-clustered_pk-5::R3.Corda: Skipping changeSet migration/node-core.changelog-pkey.xml::non-clustered_pk-5::R3.Corda due to validation error(s): clustered is not allowed on h2
?[m?[37m[INFO] 23:19:32,380 [Test worker] liquibase.info - master.changelog.json: migration/node-core.changelog-pkey.xml::non-clustered_pk-6::R3.Corda: Skipping changeSet migration/node-core.changelog-pkey.xml::non-clustered_pk-6::R3.Corda due to validation error(s): clustered is not allowed on h2
?[m?[37m[INFO] 23:19:32,380 [Test worker] liquibase.info - master.changelog.json: migration/node-core.changelog-pkey.xml::non-clustered_pk-7::R3.Corda: Skipping changeSet migration/node-core.changelog-pkey.xml::non-clustered_pk-7::R3.Corda due to validation error(s): clustered is not allowed on h2
?[m?[37m[INFO] 23:19:32,384 [Test worker] liquibase.info - master.changelog.json: migration/common.changelog-init.xml::1511451595465-1.1::R3.Corda: Sequence hibernate_sequence created
?[m?[37m[INFO] 23:19:32,384 [Test worker] liquibase.info - master.changelog.json: migration/common.changelog-init.xml::1511451595465-1.1::R3.Corda: ChangeSet migration/common.changelog-init.xml::1511451595465-1.1::R3.Corda ran successfully in 3ms
?[m?[37m[INFO] 23:19:32,388 [Test worker] liquibase.info - master.changelog.json: migration/vault-schema.changelog-init.xml::1511451595465-22::R3.Corda: Table vault_fungible_states created
?[m?[37m[INFO] 23:19:32,389 [Test worker] liquibase.info - master.changelog.json: migration/vault-schema.changelog-init.xml::1511451595465-22::R3.Corda: ChangeSet migration/vault-schema.changelog-init.xml::1511451595465-22::R3.Corda ran successfully in 1ms
?[m?[37m[INFO] 23:19:32,391 [Test worker] liquibase.info - master.changelog.json: migration/vault-schema.changelog-init.xml::1511451595465-23::R3.Corda: Table vault_fungible_states_parts created
?[m?[37m[INFO] 23:19:32,391 [Test worker] liquibase.info - master.changelog.json: migration/vault-schema.changelog-init.xml::1511451595465-23::R3.Corda: ChangeSet migration/vault-schema.changelog-init.xml::1511451595465-23::R3.Corda ran successfully in 1ms
?[m?[37m[INFO] 23:19:32,394 [Test worker] liquibase.info - master.changelog.json: migration/vault-schema.changelog-init.xml::1511451595465-24::R3.Corda: Table vault_linear_states created
?[m?[37m[INFO] 23:19:32,394 [Test worker] liquibase.info - master.changelog.json: migration/vault-schema.changelog-init.xml::1511451595465-24::R3.Corda: ChangeSet migration/vault-schema.changelog-init.xml::1511451595465-24::R3.Corda ran successfully in 1ms
?[m?[37m[INFO] 23:19:32,397 [Test worker] liquibase.info - master.changelog.json: migration/vault-schema.changelog-init.xml::1511451595465-25::R3.Corda: Table vault_linear_states_parts created
?[m?[37m[INFO] 23:19:32,397 [Test worker] liquibase.info - master.changelog.json: migration/vault-schema.changelog-init.xml::1511451595465-25::R3.Corda: ChangeSet migration/vault-schema.changelog-init.xml::1511451595465-25::R3.Corda ran successfully in 1ms
?[m?[37m[INFO] 23:19:32,399 [Test worker] liquibase.info - master.changelog.json: migration/vault-schema.changelog-init.xml::1511451595465-26::R3.Corda: Table vault_states created
?[m?[37m[INFO] 23:19:32,400 [Test worker] liquibase.info - master.changelog.json: migration/vault-schema.changelog-init.xml::1511451595465-26::R3.Corda: ChangeSet migration/vault-schema.changelog-init.xml::1511451595465-26::R3.Corda ran successfully in 1ms
?[m?[37m[INFO] 23:19:32,402 [Test worker] liquibase.info - master.changelog.json: migration/vault-schema.changelog-init.xml::1511451595465-27::R3.Corda: Table vault_transaction_notes created
?[m?[37m[INFO] 23:19:32,403 [Test worker] liquibase.info - master.changelog.json: migration/vault-schema.changelog-init.xml::1511451595465-27::R3.Corda: ChangeSet migration/vault-schema.changelog-init.xml::1511451595465-27::R3.Corda ran successfully in 1ms
?[m?[37m[INFO] 23:19:32,405 [Test worker] liquibase.info - master.changelog.json: migration/vault-schema.changelog-init.xml::1511451595465-47::R3.Corda: Primary key added to vault_fungible_states (output_index, transaction_id)
?[m?[37m[INFO] 23:19:32,405 [Test worker] liquibase.info - master.changelog.json: migration/vault-schema.changelog-init.xml::1511451595465-47::R3.Corda: ChangeSet migration/vault-schema.changelog-init.xml::1511451595465-47::R3.Corda ran successfully in 1ms
?[m?[37m[INFO] 23:19:32,407 [Test worker] liquibase.info - master.changelog.json: migration/vault-schema.changelog-init.xml::1511451595465-48::R3.Corda: Primary key added to vault_linear_states (output_index, transaction_id)
?[m?[37m[INFO] 23:19:32,407 [Test worker] liquibase.info - master.changelog.json: migration/vault-schema.changelog-init.xml::1511451595465-48::R3.Corda: ChangeSet migration/vault-schema.changelog-init.xml::1511451595465-48::R3.Corda ran successfully in 1ms
?[m?[37m[INFO] 23:19:32,409 [Test worker] liquibase.info - master.changelog.json: migration/vault-schema.changelog-init.xml::1511451595465-49::R3.Corda: Primary key added to vault_states (output_index, transaction_id)
?[m?[37m[INFO] 23:19:32,409 [Test worker] liquibase.info - master.changelog.json: migration/vault-schema.changelog-init.xml::1511451595465-49::R3.Corda: ChangeSet migration/vault-schema.changelog-init.xml::1511451595465-49::R3.Corda ran successfully in 1ms
?[m?[37m[INFO] 23:19:32,411 [Test worker] liquibase.info - master.changelog.json: migration/vault-schema.changelog-init.xml::1511451595465-50::R3.Corda: Primary key added to vault_transaction_notes (seq_no)
?[m?[37m[INFO] 23:19:32,411 [Test worker] liquibase.info - master.changelog.json: migration/vault-schema.changelog-init.xml::1511451595465-50::R3.Corda: ChangeSet migration/vault-schema.changelog-init.xml::1511451595465-50::R3.Corda ran successfully in 1ms
?[m?[37m[INFO] 23:19:32,413 [Test worker] liquibase.info - master.changelog.json: migration/vault-schema.changelog-init.xml::1511451595465-53::R3.Corda: Index external_id_index created
?[m?[37m[INFO] 23:19:32,413 [Test worker] liquibase.info - master.changelog.json: migration/vault-schema.changelog-init.xml::1511451595465-53::R3.Corda: ChangeSet migration/vault-schema.changelog-init.xml::1511451595465-53::R3.Corda ran successfully in 1ms
?[m?[37m[INFO] 23:19:32,415 [Test worker] liquibase.info - master.changelog.json: migration/vault-schema.changelog-init.xml::1511451595465-55::R3.Corda: Index lock_id_idx created
?[m?[37m[INFO] 23:19:32,415 [Test worker] liquibase.info - master.changelog.json: migration/vault-schema.changelog-init.xml::1511451595465-55::R3.Corda: ChangeSet migration/vault-schema.changelog-init.xml::1511451595465-55::R3.Corda ran successfully in 1ms
?[m?[37m[INFO] 23:19:32,417 [Test worker] liquibase.info - master.changelog.json: migration/vault-schema.changelog-init.xml::1511451595465-58::R3.Corda: Index state_status_idx created
?[m?[37m[INFO] 23:19:32,417 [Test worker] liquibase.info - master.changelog.json: migration/vault-schema.changelog-init.xml::1511451595465-58::R3.Corda: ChangeSet migration/vault-schema.changelog-init.xml::1511451595465-58::R3.Corda ran successfully in 1ms
?[m?[37m[INFO] 23:19:32,419 [Test worker] liquibase.info - master.changelog.json: migration/vault-schema.changelog-init.xml::1511451595465-59::R3.Corda: Index transaction_id_index created
?[m?[37m[INFO] 23:19:32,419 [Test worker] liquibase.info - master.changelog.json: migration/vault-schema.changelog-init.xml::1511451595465-59::R3.Corda: ChangeSet migration/vault-schema.changelog-init.xml::1511451595465-59::R3.Corda ran successfully in 1ms
?[m?[37m[INFO] 23:19:32,421 [Test worker] liquibase.info - master.changelog.json: migration/vault-schema.changelog-init.xml::1511451595465-60::R3.Corda: Index uuid_index created
?[m?[37m[INFO] 23:19:32,421 [Test worker] liquibase.info - master.changelog.json: migration/vault-schema.changelog-init.xml::1511451595465-60::R3.Corda: ChangeSet migration/vault-schema.changelog-init.xml::1511451595465-60::R3.Corda ran successfully in 1ms
?[m?[37m[INFO] 23:19:32,424 [Test worker] liquibase.info - master.changelog.json: migration/vault-schema.changelog-init.xml::1511451595465-64::R3.Corda: Foreign key constraint added to vault_fungible_states_parts (output_index,transaction_id)
?[m?[37m[INFO] 23:19:32,424 [Test worker] liquibase.info - master.changelog.json: migration/vault-schema.changelog-init.xml::1511451595465-64::R3.Corda: ChangeSet migration/vault-schema.changelog-init.xml::1511451595465-64::R3.Corda ran successfully in 2ms
?[m?[37m[INFO] 23:19:32,427 [Test worker] liquibase.info - master.changelog.json: migration/vault-schema.changelog-init.xml::1511451595465-65::R3.Corda: Foreign key constraint added to vault_linear_states_parts (output_index,transaction_id)
?[m?[37m[INFO] 23:19:32,428 [Test worker] liquibase.info - master.changelog.json: migration/vault-schema.changelog-init.xml::1511451595465-65::R3.Corda: ChangeSet migration/vault-schema.changelog-init.xml::1511451595465-65::R3.Corda ran successfully in 1ms
?[m?[37m[INFO] 23:19:32,430 [Test worker] liquibase.info - master.changelog.json: migration/vault-schema.changelog-v3.xml::clean_vault::R3.Corda: Data deleted from vault_fungible_states_parts
?[m?[37m[INFO] 23:19:32,430 [Test worker] liquibase.info - master.changelog.json: migration/vault-schema.changelog-v3.xml::clean_vault::R3.Corda: Data deleted from vault_fungible_states
?[m?[37m[INFO] 23:19:32,431 [Test worker] liquibase.info - master.changelog.json: migration/vault-schema.changelog-v3.xml::clean_vault::R3.Corda: Data deleted from vault_linear_states_parts
?[m?[37m[INFO] 23:19:32,431 [Test worker] liquibase.info - master.changelog.json: migration/vault-schema.changelog-v3.xml::clean_vault::R3.Corda: Data deleted from vault_linear_states
?[m?[37m[INFO] 23:19:32,432 [Test worker] liquibase.info - master.changelog.json: migration/vault-schema.changelog-v3.xml::clean_vault::R3.Corda: Data deleted from vault_states
?[m?[37m[INFO] 23:19:32,432 [Test worker] liquibase.info - master.changelog.json: migration/vault-schema.changelog-v3.xml::clean_vault::R3.Corda: Data deleted from vault_transaction_notes
?[m?[37m[INFO] 23:19:32,432 [Test worker] liquibase.info - master.changelog.json: migration/vault-schema.changelog-v3.xml::clean_vault::R3.Corda: ChangeSet migration/vault-schema.changelog-v3.xml::clean_vault::R3.Corda ran successfully in 3ms
?[m?[37m[INFO] 23:19:32,435 [Test worker] liquibase.info - master.changelog.json: migration/vault-schema.changelog-v4.xml::nullability::R3.Corda: Null constraint has been added to vault_fungible_states.quantity
?[m?[37m[INFO] 23:19:32,436 [Test worker] liquibase.info - master.changelog.json: migration/vault-schema.changelog-v4.xml::nullability::R3.Corda: Null constraint has been added to vault_states.contract_state_class_name
?[m?[37m[INFO] 23:19:32,437 [Test worker] liquibase.info - master.changelog.json: migration/vault-schema.changelog-v4.xml::nullability::R3.Corda: Null constraint has been added to vault_states.notary_name
?[m?[37m[INFO] 23:19:32,437 [Test worker] liquibase.info - master.changelog.json: migration/vault-schema.changelog-v4.xml::nullability::R3.Corda: Null constraint has been added to vault_states.recorded_timestamp
?[m?[37m[INFO] 23:19:32,438 [Test worker] liquibase.info - master.changelog.json: migration/vault-schema.changelog-v4.xml::nullability::R3.Corda: Index state_status_idx dropped from table vault_states
?[m?[37m[INFO] 23:19:32,438 [Test worker] liquibase.info - master.changelog.json: migration/vault-schema.changelog-v4.xml::nullability::R3.Corda: Index lock_id_idx dropped from table vault_states
?[m?[37m[INFO] 23:19:32,439 [Test worker] liquibase.info - master.changelog.json: migration/vault-schema.changelog-v4.xml::nullability::R3.Corda: Null constraint has been added to vault_states.state_status
?[m?[37m[INFO] 23:19:32,440 [Test worker] liquibase.info - master.changelog.json: migration/vault-schema.changelog-v4.xml::nullability::R3.Corda: Index state_status_idx created
?[m?[37m[INFO] 23:19:32,440 [Test worker] liquibase.info - master.changelog.json: migration/vault-schema.changelog-v4.xml::nullability::R3.Corda: Index lock_id_idx created
?[m?[37m[INFO] 23:19:32,441 [Test worker] liquibase.info - master.changelog.json: migration/vault-schema.changelog-v4.xml::nullability::R3.Corda: Index transaction_id_index dropped from table vault_transaction_notes
?[m?[37m[INFO] 23:19:32,442 [Test worker] liquibase.info - master.changelog.json: migration/vault-schema.changelog-v4.xml::nullability::R3.Corda: Null constraint has been added to vault_transaction_notes.note
?[m?[37m[INFO] 23:19:32,442 [Test worker] liquibase.info - master.changelog.json: migration/vault-schema.changelog-v4.xml::nullability::R3.Corda: Null constraint has been added to vault_transaction_notes.transaction_id
?[m?[37m[INFO] 23:19:32,443 [Test worker] liquibase.info - master.changelog.json: migration/vault-schema.changelog-v4.xml::nullability::R3.Corda: Index transaction_id_index created
?[m?[37m[INFO] 23:19:32,443 [Test worker] liquibase.info - master.changelog.json: migration/vault-schema.changelog-v4.xml::nullability::R3.Corda: ChangeSet migration/vault-schema.changelog-v4.xml::nullability::R3.Corda ran successfully in 9ms
?[m?[37m[INFO] 23:19:32,456 [Test worker] liquibase.info - master.changelog.json: migration/vault-schema.changelog-v5.xml::add_relevancy_status_column::R3.Corda: Columns relevancy_status(INT) added to vault_states
?[m?[37m[INFO] 23:19:32,457 [Test worker] liquibase.info - master.changelog.json: migration/vault-schema.changelog-v5.xml::add_relevancy_status_column::R3.Corda: Data updated in vault_states
?[m?[37m[INFO] 23:19:32,457 [Test worker] liquibase.info - master.changelog.json: migration/vault-schema.changelog-v5.xml::add_relevancy_status_column::R3.Corda: Null constraint has been added to vault_states.relevancy_status
?[m?[37m[INFO] 23:19:32,458 [Test worker] liquibase.info - master.changelog.json: migration/vault-schema.changelog-v5.xml::add_relevancy_status_column::R3.Corda: ChangeSet migration/vault-schema.changelog-v5.xml::add_relevancy_status_column::R3.Corda ran successfully in 6ms
?[m?[37m[INFO] 23:19:32,464 [Test worker] liquibase.info - master.changelog.json: migration/vault-schema.changelog-v6.xml::add_is_constraint_information_columns::R3.Corda: Columns constraint_type(INT) added to vault_states
?[m?[37m[INFO] 23:19:32,468 [Test worker] liquibase.info - master.changelog.json: migration/vault-schema.changelog-v6.xml::add_is_constraint_information_columns::R3.Corda: Columns constraint_data(varbinary(563)) added to vault_states
?[m?[37m[INFO] 23:19:32,468 [Test worker] liquibase.info - master.changelog.json: migration/vault-schema.changelog-v6.xml::add_is_constraint_information_columns::R3.Corda: ChangeSet migration/vault-schema.changelog-v6.xml::add_is_constraint_information_columns::R3.Corda ran successfully in 9ms
?[m?[37m[INFO] 23:19:32,470 [Test worker] liquibase.info - master.changelog.json: migration/vault-schema.changelog-v7.xml::make_issuer_ref_nullable::R3.Corda: Null constraint dropped from vault_fungible_states.issuer_ref
?[m?[37m[INFO] 23:19:32,470 [Test worker] liquibase.info - master.changelog.json: migration/vault-schema.changelog-v7.xml::make_issuer_ref_nullable::R3.Corda: ChangeSet migration/vault-schema.changelog-v7.xml::make_issuer_ref_nullable::R3.Corda ran successfully in 1ms
?[m?[37m[INFO] 23:19:32,473 [Test worker] liquibase.info - master.changelog.json: migration/vault-schema.changelog-v8.xml::create-external-id-to-state-party-view::R3.Corda: Table state_party created
?[m?[37m[INFO] 23:19:32,473 [Test worker] liquibase.info - master.changelog.json: migration/vault-schema.changelog-v8.xml::create-external-id-to-state-party-view::R3.Corda: Index state_pk_hash_idx created
?[m?[37m[INFO] 23:19:32,474 [Test worker] liquibase.info - master.changelog.json: migration/vault-schema.changelog-v8.xml::create-external-id-to-state-party-view::R3.Corda: Table pk_hash_to_ext_id_map created
?[m?[37m[INFO] 23:19:32,475 [Test worker] liquibase.info - master.changelog.json: migration/vault-schema.changelog-v8.xml::create-external-id-to-state-party-view::R3.Corda: Index pk_hash_to_xid_idx created
?[m?[37m[INFO] 23:19:32,477 [Test worker] liquibase.info - master.changelog.json: migration/vault-schema.changelog-v8.xml::create-external-id-to-state-party-view::R3.Corda: View v_pkey_hash_ex_id_map created
?[m?[37m[INFO] 23:19:32,478 [Test worker] liquibase.info - master.changelog.json: migration/vault-schema.changelog-v8.xml::create-external-id-to-state-party-view::R3.Corda: ChangeSet migration/vault-schema.changelog-v8.xml::create-external-id-to-state-party-view::R3.Corda ran successfully in 5ms
?[m?[37m[INFO] 23:19:32,480 [Test worker] liquibase.info - master.changelog.json: migration/node-info.changelog-init.xml::1511451595465-4::R3.Corda: Table node_link_nodeinfo_party created
?[m?[37m[INFO] 23:19:32,480 [Test worker] liquibase.info - master.changelog.json: migration/node-info.changelog-init.xml::1511451595465-4::R3.Corda: ChangeSet migration/node-info.changelog-init.xml::1511451595465-4::R3.Corda ran successfully in 1ms
?[m?[37m[INFO] 23:19:32,482 [Test worker] liquibase.info - master.changelog.json: migration/node-info.changelog-init.xml::1511451595465-10::R3.Corda: Table node_info_hosts created
?[m?[37m[INFO] 23:19:32,482 [Test worker] liquibase.info - master.changelog.json: migration/node-info.changelog-init.xml::1511451595465-10::R3.Corda: ChangeSet migration/node-info.changelog-init.xml::1511451595465-10::R3.Corda ran successfully in 1ms
?[m?[37m[INFO] 23:19:32,484 [Test worker] liquibase.info - master.changelog.json: migration/node-info.changelog-init.xml::1511451595465-11::R3.Corda: Table node_info_party_cert created
?[m?[37m[INFO] 23:19:32,485 [Test worker] liquibase.info - master.changelog.json: migration/node-info.changelog-init.xml::1511451595465-11::R3.Corda: ChangeSet migration/node-info.changelog-init.xml::1511451595465-11::R3.Corda ran successfully in 0ms
?[m?[37m[INFO] 23:19:32,487 [Test worker] liquibase.info - master.changelog.json: migration/node-info.changelog-init.xml::1511451595465-12::R3.Corda: Table node_infos created
?[m?[37m[INFO] 23:19:32,488 [Test worker] liquibase.info - master.changelog.json: migration/node-info.changelog-init.xml::1511451595465-12::R3.Corda: ChangeSet migration/node-info.changelog-init.xml::1511451595465-12::R3.Corda ran successfully in 1ms
?[m?[37m[INFO] 23:19:32,490 [Test worker] liquibase.info - master.changelog.json: migration/node-info.changelog-init.xml::1511451595465-35::R3.Corda: Primary key added to node_info_hosts (host, port)
?[m?[37m[INFO] 23:19:32,490 [Test worker] liquibase.info - master.changelog.json: migration/node-info.changelog-init.xml::1511451595465-35::R3.Corda: ChangeSet migration/node-info.changelog-init.xml::1511451595465-35::R3.Corda ran successfully in 1ms
?[m?[37m[INFO] 23:19:32,493 [Test worker] liquibase.info - master.changelog.json: migration/node-info.changelog-init.xml::1511451595465-36::R3.Corda: Primary key added to node_info_party_cert (party_name)
?[m?[37m[INFO] 23:19:32,493 [Test worker] liquibase.info - master.changelog.json: migration/node-info.changelog-init.xml::1511451595465-36::R3.Corda: ChangeSet migration/node-info.changelog-init.xml::1511451595465-36::R3.Corda ran successfully in 1ms
?[m?[37m[INFO] 23:19:32,496 [Test worker] liquibase.info - master.changelog.json: migration/node-info.changelog-init.xml::1511451595465-37::R3.Corda: Primary key added to node_infos (node_info_id)
?[m?[37m[INFO] 23:19:32,496 [Test worker] liquibase.info - master.changelog.json: migration/node-info.changelog-init.xml::1511451595465-37::R3.Corda: ChangeSet migration/node-info.changelog-init.xml::1511451595465-37::R3.Corda ran successfully in 1ms
?[m?[37m[INFO] 23:19:32,499 [Test worker] liquibase.info - master.changelog.json: migration/node-info.changelog-init.xml::1511451595465-62::R3.Corda: Foreign key constraint added to node_link_nodeinfo_party (node_info_id)
?[m?[37m[INFO] 23:19:32,499 [Test worker] liquibase.info - master.changelog.json: migration/node-info.changelog-init.xml::1511451595465-62::R3.Corda: ChangeSet migration/node-info.changelog-init.xml::1511451595465-62::R3.Corda ran successfully in 1ms
?[m?[37m[INFO] 23:19:32,502 [Test worker] liquibase.info - master.changelog.json: migration/node-info.changelog-init.xml::1511451595465-63::R3.Corda: Foreign key constraint added to node_info_hosts (node_info_id)
?[m?[37m[INFO] 23:19:32,502 [Test worker] liquibase.info - master.changelog.json: migration/node-info.changelog-init.xml::1511451595465-63::R3.Corda: ChangeSet migration/node-info.changelog-init.xml::1511451595465-63::R3.Corda ran successfully in 1ms
?[m?[37m[INFO] 23:19:32,504 [Test worker] liquibase.info - master.changelog.json: migration/node-info.changelog-init.xml::remove_host_port_pk::R3.Corda: Data deleted from node_infos
?[m?[37m[INFO] 23:19:32,504 [Test worker] liquibase.info - master.changelog.json: migration/node-info.changelog-init.xml::remove_host_port_pk::R3.Corda: Data deleted from node_link_nodeinfo_party
?[m?[37m[INFO] 23:19:32,505 [Test worker] liquibase.info - master.changelog.json: migration/node-info.changelog-init.xml::remove_host_port_pk::R3.Corda: Data deleted from node_info_hosts
?[m?[37m[INFO] 23:19:32,505 [Test worker] liquibase.info - master.changelog.json: migration/node-info.changelog-init.xml::remove_host_port_pk::R3.Corda: Data deleted from node_info_party_cert
?[m?[37m[INFO] 23:19:32,505 [Test worker] liquibase.info - master.changelog.json: migration/node-info.changelog-init.xml::remove_host_port_pk::R3.Corda: Primary key dropped from node_info_hosts
?[m?[37m[INFO] 23:19:32,508 [Test worker] liquibase.info - master.changelog.json: migration/node-info.changelog-init.xml::remove_host_port_pk::R3.Corda: Columns hosts_id(INT) added to node_info_hosts
?[m?[37m[INFO] 23:19:32,508 [Test worker] liquibase.info - master.changelog.json: migration/node-info.changelog-init.xml::remove_host_port_pk::R3.Corda: Primary key added to node_info_hosts (hosts_id)
?[m?[37m[INFO] 23:19:32,508 [Test worker] liquibase.info - master.changelog.json: migration/node-info.changelog-init.xml::remove_host_port_pk::R3.Corda: ChangeSet migration/node-info.changelog-init.xml::remove_host_port_pk::R3.Corda ran successfully in 5ms
?[m?[37m[INFO] 23:19:32,511 [Test worker] liquibase.info - master.changelog.json: migration/node-info.changelog-v1.xml::key/value node properties table::R3.Corda: Table node_properties created
?[m?[37m[INFO] 23:19:32,511 [Test worker] liquibase.info - master.changelog.json: migration/node-info.changelog-v1.xml::key/value node properties table::R3.Corda: ChangeSet migration/node-info.changelog-v1.xml::key/value node properties table::R3.Corda ran successfully in 1ms
?[m?[37m[INFO] 23:19:32,514 [Test worker] liquibase.info - master.changelog.json: migration/node-info.changelog-v2.xml::1525962920::R3.Corda: Null constraint has been added to node_infos.node_info_hash
?[m?[37m[INFO] 23:19:32,514 [Test worker] liquibase.info - master.changelog.json: migration/node-info.changelog-v2.xml::1525962920::R3.Corda: Null constraint has been added to node_infos.platform_version
?[m?[37m[INFO] 23:19:32,515 [Test worker] liquibase.info - master.changelog.json: migration/node-info.changelog-v2.xml::1525962920::R3.Corda: Null constraint has been added to node_infos.serial
?[m?[37m[INFO] 23:19:32,515 [Test worker] liquibase.info - master.changelog.json: migration/node-info.changelog-v2.xml::1525962920::R3.Corda: Null constraint dropped from node_info_hosts.host
?[m?[37m[INFO] 23:19:32,515 [Test worker] liquibase.info - master.changelog.json: migration/node-info.changelog-v2.xml::1525962920::R3.Corda: Null constraint dropped from node_info_hosts.port
?[m?[37m[INFO] 23:19:32,516 [Test worker] liquibase.info - master.changelog.json: migration/node-info.changelog-v2.xml::1525962920::R3.Corda: Null constraint has been added to node_info_party_cert.owning_key_hash
?[m?[37m[INFO] 23:19:32,516 [Test worker] liquibase.info - master.changelog.json: migration/node-info.changelog-v2.xml::1525962920::R3.Corda: Null constraint has been added to node_info_party_cert.party_cert_binary
?[m?[37m[INFO] 23:19:32,517 [Test worker] liquibase.info - master.changelog.json: migration/node-info.changelog-v2.xml::1525962920::R3.Corda: ChangeSet migration/node-info.changelog-v2.xml::1525962920::R3.Corda ran successfully in 3ms
?[m?[37m[INFO] 23:19:32,519 [Test worker] liquibase.info - master.changelog.json: migration/node-info.changelog-v3.xml::column_host_name::R3.Corda: Column node_info_hosts.host renamed to host_name
?[m?[37m[INFO] 23:19:32,519 [Test worker] liquibase.info - master.changelog.json: migration/node-info.changelog-v3.xml::column_host_name::R3.Corda: ChangeSet migration/node-info.changelog-v3.xml::column_host_name::R3.Corda ran successfully in 1ms
?[m?[37m[INFO] 23:19:32,522 [Test worker] liquibase.info - master.changelog.json: migration/node-services.changelog-init.xml::1511451595465-5::R3.Corda: Table node_attachments created
?[m?[37m[INFO] 23:19:32,523 [Test worker] liquibase.info - master.changelog.json: migration/node-services.changelog-init.xml::1511451595465-5::R3.Corda: ChangeSet migration/node-services.changelog-init.xml::1511451595465-5::R3.Corda ran successfully in 2ms
?[m?[37m[INFO] 23:19:32,525 [Test worker] liquibase.info - master.changelog.json: migration/node-services.changelog-init.xml::1511451595465-7::R3.Corda: Table node_checkpoints created
?[m?[37m[INFO] 23:19:32,526 [Test worker] liquibase.info - master.changelog.json: migration/node-services.changelog-init.xml::1511451595465-7::R3.Corda: ChangeSet migration/node-services.changelog-init.xml::1511451595465-7::R3.Corda ran successfully in 1ms
?[m?[37m[INFO] 23:19:32,528 [Test worker] liquibase.info - master.changelog.json: migration/node-services.changelog-init.xml::1511451595465-8::R3.Corda: Table node_contract_upgrades created
?[m?[37m[INFO] 23:19:32,528 [Test worker] liquibase.info - master.changelog.json: migration/node-services.changelog-init.xml::1511451595465-8::R3.Corda: ChangeSet migration/node-services.changelog-init.xml::1511451595465-8::R3.Corda ran successfully in 1ms
?[m?[37m[INFO] 23:19:32,531 [Test worker] liquibase.info - master.changelog.json: migration/node-services.changelog-init.xml::1511451595465-9::R3.Corda: Table node_identities created
?[m?[37m[INFO] 23:19:32,531 [Test worker] liquibase.info - master.changelog.json: migration/node-services.changelog-init.xml::1511451595465-9::R3.Corda: ChangeSet migration/node-services.changelog-init.xml::1511451595465-9::R3.Corda ran successfully in 1ms
?[m?[37m[INFO] 23:19:32,534 [Test worker] liquibase.info - master.changelog.json: migration/node-services.changelog-init.xml::1511451595465-13::R3.Corda: Table node_message_ids created
?[m?[37m[INFO] 23:19:32,534 [Test worker] liquibase.info - master.changelog.json: migration/node-services.changelog-init.xml::1511451595465-13::R3.Corda: ChangeSet migration/node-services.changelog-init.xml::1511451595465-13::R3.Corda ran successfully in 1ms
?[m?[37m[INFO] 23:19:32,537 [Test worker] liquibase.info - master.changelog.json: migration/node-services.changelog-init.xml::1511451595465-14::R3.Corda: Table node_message_retry created
?[m?[37m[INFO] 23:19:32,537 [Test worker] liquibase.info - master.changelog.json: migration/node-services.changelog-init.xml::1511451595465-14::R3.Corda: ChangeSet migration/node-services.changelog-init.xml::1511451595465-14::R3.Corda ran successfully in 1ms
?[m?[37m[INFO] 23:19:32,540 [Test worker] liquibase.info - master.changelog.json: migration/node-services.changelog-init.xml::1511451595465-15::R3.Corda: Table node_named_identities created
?[m?[37m[INFO] 23:19:32,540 [Test worker] liquibase.info - master.changelog.json: migration/node-services.changelog-init.xml::1511451595465-15::R3.Corda: ChangeSet migration/node-services.changelog-init.xml::1511451595465-15::R3.Corda ran successfully in 1ms
?[m?[37m[INFO] 23:19:32,543 [Test worker] liquibase.info - master.changelog.json: migration/node-services.changelog-init.xml::1511451595465-17::R3.Corda: Table node_our_key_pairs created
?[m?[37m[INFO] 23:19:32,543 [Test worker] liquibase.info - master.changelog.json: migration/node-services.changelog-init.xml::1511451595465-17::R3.Corda: ChangeSet migration/node-services.changelog-init.xml::1511451595465-17::R3.Corda ran successfully in 1ms
?[m?[37m[INFO] 23:19:32,546 [Test worker] liquibase.info - master.changelog.json: migration/node-services.changelog-init.xml::1511451595465-19::R3.Corda: Table node_scheduled_states created
?[m?[37m[INFO] 23:19:32,546 [Test worker] liquibase.info - master.changelog.json: migration/node-services.changelog-init.xml::1511451595465-19::R3.Corda: ChangeSet migration/node-services.changelog-init.xml::1511451595465-19::R3.Corda ran successfully in 1ms
?[m?[37m[INFO] 23:19:32,548 [Test worker] liquibase.info - master.changelog.json: migration/node-services.changelog-init.xml::1511451595465-20::R3.Corda: Table node_transaction_mappings created
?[m?[37m[INFO] 23:19:32,549 [Test worker] liquibase.info - master.changelog.json: migration/node-services.changelog-init.xml::1511451595465-20::R3.Corda: ChangeSet migration/node-services.changelog-init.xml::1511451595465-20::R3.Corda ran successfully in 0ms
?[m?[37m[INFO] 23:19:32,551 [Test worker] liquibase.info - master.changelog.json: migration/node-services.changelog-init.xml::1511451595465-21::R3.Corda: Table node_transactions created
?[m?[37m[INFO] 23:19:32,551 [Test worker] liquibase.info - master.changelog.json: migration/node-services.changelog-init.xml::1511451595465-21::R3.Corda: ChangeSet migration/node-services.changelog-init.xml::1511451595465-21::R3.Corda ran successfully in 1ms
?[m?[37m[INFO] 23:19:32,553 [Test worker] liquibase.info - master.changelog.json: migration/node-services.changelog-init.xml::1511451595465-30::R3.Corda: Primary key added to node_attachments (att_id)
?[m?[37m[INFO] 23:19:32,553 [Test worker] liquibase.info - master.changelog.json: migration/node-services.changelog-init.xml::1511451595465-30::R3.Corda: ChangeSet migration/node-services.changelog-init.xml::1511451595465-30::R3.Corda ran successfully in 1ms
?[m?[37m[INFO] 23:19:32,556 [Test worker] liquibase.info - master.changelog.json: migration/node-services.changelog-init.xml::1511451595465-32::R3.Corda: Primary key added to node_checkpoints (checkpoint_id)
?[m?[37m[INFO] 23:19:32,556 [Test worker] liquibase.info - master.changelog.json: migration/node-services.changelog-init.xml::1511451595465-32::R3.Corda: ChangeSet migration/node-services.changelog-init.xml::1511451595465-32::R3.Corda ran successfully in 2ms
?[m?[37m[INFO] 23:19:32,558 [Test worker] liquibase.info - master.changelog.json: migration/node-services.changelog-init.xml::1511451595465-33::R3.Corda: Primary key added to node_contract_upgrades (state_ref)
?[m?[37m[INFO] 23:19:32,559 [Test worker] liquibase.info - master.changelog.json: migration/node-services.changelog-init.xml::1511451595465-33::R3.Corda: ChangeSet migration/node-services.changelog-init.xml::1511451595465-33::R3.Corda ran successfully in 0ms
?[m?[37m[INFO] 23:19:32,561 [Test worker] liquibase.info - master.changelog.json: migration/node-services.changelog-init.xml::1511451595465-34::R3.Corda: Primary key added to node_identities (pk_hash)
?[m?[37m[INFO] 23:19:32,561 [Test worker] liquibase.info - master.changelog.json: migration/node-services.changelog-init.xml::1511451595465-34::R3.Corda: ChangeSet migration/node-services.changelog-init.xml::1511451595465-34::R3.Corda ran successfully in 1ms
?[m?[37m[INFO] 23:19:32,564 [Test worker] liquibase.info - master.changelog.json: migration/node-services.changelog-init.xml::1511451595465-38::R3.Corda: Primary key added to node_message_ids (message_id)
?[m?[37m[INFO] 23:19:32,564 [Test worker] liquibase.info - master.changelog.json: migration/node-services.changelog-init.xml::1511451595465-38::R3.Corda: ChangeSet migration/node-services.changelog-init.xml::1511451595465-38::R3.Corda ran successfully in 1ms
?[m?[37m[INFO] 23:19:32,566 [Test worker] liquibase.info - master.changelog.json: migration/node-services.changelog-init.xml::1511451595465-39::R3.Corda: Primary key added to node_message_retry (message_id)
?[m?[37m[INFO] 23:19:32,567 [Test worker] liquibase.info - master.changelog.json: migration/node-services.changelog-init.xml::1511451595465-39::R3.Corda: ChangeSet migration/node-services.changelog-init.xml::1511451595465-39::R3.Corda ran successfully in 1ms
?[m?[37m[INFO] 23:19:32,570 [Test worker] liquibase.info - master.changelog.json: migration/node-services.changelog-init.xml::1511451595465-40::R3.Corda: Primary key added to node_named_identities (name)
?[m?[37m[INFO] 23:19:32,570 [Test worker] liquibase.info - master.changelog.json: migration/node-services.changelog-init.xml::1511451595465-40::R3.Corda: ChangeSet migration/node-services.changelog-init.xml::1511451595465-40::R3.Corda ran successfully in 1ms
?[m?[37m[INFO] 23:19:32,573 [Test worker] liquibase.info - master.changelog.json: migration/node-services.changelog-init.xml::1511451595465-42::R3.Corda: Primary key added to node_our_key_pairs (public_key_hash)
?[m?[37m[INFO] 23:19:32,573 [Test worker] liquibase.info - master.changelog.json: migration/node-services.changelog-init.xml::1511451595465-42::R3.Corda: ChangeSet migration/node-services.changelog-init.xml::1511451595465-42::R3.Corda ran successfully in 1ms
?[m?[37m[INFO] 23:19:32,576 [Test worker] liquibase.info - master.changelog.json: migration/node-services.changelog-init.xml::1511451595465-44::R3.Corda: Primary key added to node_scheduled_states (output_index, transaction_id)
?[m?[37m[INFO] 23:19:32,577 [Test worker] liquibase.info - master.changelog.json: migration/node-services.changelog-init.xml::1511451595465-44::R3.Corda: ChangeSet migration/node-services.changelog-init.xml::1511451595465-44::R3.Corda ran successfully in 1ms
?[m?[37m[INFO] 23:19:32,580 [Test worker] liquibase.info - master.changelog.json: migration/node-services.changelog-init.xml::1511451595465-45::R3.Corda: Primary key added to node_transaction_mappings (tx_id)
?[m?[37m[INFO] 23:19:32,580 [Test worker] liquibase.info - master.changelog.json: migration/node-services.changelog-init.xml::1511451595465-45::R3.Corda: ChangeSet migration/node-services.changelog-init.xml::1511451595465-45::R3.Corda ran successfully in 1ms
?[m?[37m[INFO] 23:19:32,583 [Test worker] liquibase.info - master.changelog.json: migration/node-services.changelog-init.xml::1511451595465-46::R3.Corda: Primary key added to node_transactions (tx_id)
?[m?[37m[INFO] 23:19:32,583 [Test worker] liquibase.info - master.changelog.json: migration/node-services.changelog-init.xml::1511451595465-46::R3.Corda: ChangeSet migration/node-services.changelog-init.xml::1511451595465-46::R3.Corda ran successfully in 1ms
?[m?[37m[INFO] 23:19:32,587 [Test worker] liquibase.info - master.changelog.json: migration/node-services.changelog-init.xml::1511451595465-61::R3.Corda: Foreign key constraint added to node_link_nodeinfo_party (party_name)
?[m?[37m[INFO] 23:19:32,588 [Test worker] liquibase.info - master.changelog.json: migration/node-services.changelog-init.xml::1511451595465-61::R3.Corda: ChangeSet migration/node-services.changelog-init.xml::1511451595465-61::R3.Corda ran successfully in 2ms
?[m?[37m[INFO] 23:19:32,591 [Test worker] liquibase.info - master.changelog.json: migration/node-services.changelog-init.xml::add index att_id::R3.Corda: Index att_id_idx created
?[m?[37m[INFO] 23:19:32,591 [Test worker] liquibase.info - master.changelog.json: migration/node-services.changelog-init.xml::add index att_id::R3.Corda: ChangeSet migration/node-services.changelog-init.xml::add index att_id::R3.Corda ran successfully in 1ms
?[m?[37m[INFO] 23:19:32,594 [Test worker] liquibase.info - master.changelog.json: migration/node-services.changelog-init.xml::add_contract_attachment::R3.Corda: Table node_attchments_contracts created
?[m?[37m[INFO] 23:19:32,596 [Test worker] liquibase.info - master.changelog.json: migration/node-services.changelog-init.xml::add_contract_attachment::R3.Corda: Foreign key constraint added to node_attchments_contracts (att_id)
?[m?[37m[INFO] 23:19:32,596 [Test worker] liquibase.info - master.changelog.json: migration/node-services.changelog-init.xml::add_contract_attachment::R3.Corda: Data deleted from node_attachments
?[m?[37m[INFO] 23:19:32,597 [Test worker] liquibase.info - master.changelog.json: migration/node-services.changelog-init.xml::add_contract_attachment::R3.Corda: ChangeSet migration/node-services.changelog-init.xml::add_contract_attachment::R3.Corda ran successfully in 3ms
?[m?[37m[INFO] 23:19:32,604 [Test worker] liquibase.info - master.changelog.json: migration/node-services.changelog-init.xml::add_dedup_columns::R3.Corda: Columns sender(NVARCHAR(64)),sequence_number(BIGINT) added to node_message_ids
?[m?[37m[INFO] 23:19:32,604 [Test worker] liquibase.info - master.changelog.json: migration/node-services.changelog-init.xml::add_dedup_columns::R3.Corda: ChangeSet migration/node-services.changelog-init.xml::add_dedup_columns::R3.Corda ran successfully in 5ms
?[m?[37m[INFO] 23:19:32,607 [Test worker] liquibase.info - master.changelog.json: migration/node-core.changelog-v4.xml::attchments_rename::R3.Corda: Table node_attchments_contracts renamed to node_attachments_contracts
?[m?[37m[INFO] 23:19:32,607 [Test worker] liquibase.info - master.changelog.json: migration/node-core.changelog-v4.xml::attchments_rename::R3.Corda: ChangeSet migration/node-core.changelog-v4.xml::attchments_rename::R3.Corda ran successfully in 1ms
?[m?[37m[INFO] 23:19:32,610 [Test worker] liquibase.info - master.changelog.json: migration/node-core.changelog-v4.xml::nullability::R3.Corda: Null constraint has been added to node_identities.identity_value
?[m?[37m[INFO] 23:19:32,610 [Test worker] liquibase.info - master.changelog.json: migration/node-core.changelog-v4.xml::nullability::R3.Corda: Null constraint has been added to node_attachments.content
?[m?[37m[INFO] 23:19:32,611 [Test worker] liquibase.info - master.changelog.json: migration/node-core.changelog-v4.xml::nullability::R3.Corda: Null constraint has been added to node_attachments_contracts.contract_class_name
?[m?[37m[INFO] 23:19:32,611 [Test worker] liquibase.info - master.changelog.json: migration/node-core.changelog-v4.xml::nullability::R3.Corda: Null constraint has been added to node_checkpoints.checkpoint_value
?[m?[37m[INFO] 23:19:32,612 [Test worker] liquibase.info - master.changelog.json: migration/node-core.changelog-v4.xml::nullability::R3.Corda: Null constraint has been added to node_contract_upgrades.contract_class_name
?[m?[37m[INFO] 23:19:32,612 [Test worker] liquibase.info - master.changelog.json: migration/node-core.changelog-v4.xml::nullability::R3.Corda: Null constraint has been added to node_message_ids.insertion_time
?[m?[37m[INFO] 23:19:32,613 [Test worker] liquibase.info - master.changelog.json: migration/node-core.changelog-v4.xml::nullability::R3.Corda: Null constraint has been added to node_message_retry.message
?[m?[37m[INFO] 23:19:32,614 [Test worker] liquibase.info - master.changelog.json: migration/node-core.changelog-v4.xml::nullability::R3.Corda: Null constraint has been added to node_message_retry.recipients
?[m?[37m[INFO] 23:19:32,614 [Test worker] liquibase.info - master.changelog.json: migration/node-core.changelog-v4.xml::nullability::R3.Corda: Null constraint has been added to node_named_identities.pk_hash
?[m?[37m[INFO] 23:19:32,615 [Test worker] liquibase.info - master.changelog.json: migration/node-core.changelog-v4.xml::nullability::R3.Corda: Null constraint has been added to node_our_key_pairs.private_key
?[m?[37m[INFO] 23:19:32,616 [Test worker] liquibase.info - master.changelog.json: migration/node-core.changelog-v4.xml::nullability::R3.Corda: Null constraint has been added to node_our_key_pairs.public_key
?[m?[37m[INFO] 23:19:32,616 [Test worker] liquibase.info - master.changelog.json: migration/node-core.changelog-v4.xml::nullability::R3.Corda: Null constraint has been added to node_transaction_mappings.state_machine_run_id
?[m?[37m[INFO] 23:19:32,617 [Test worker] liquibase.info - master.changelog.json: migration/node-core.changelog-v4.xml::nullability::R3.Corda: Null constraint has been added to node_transactions.transaction_value
?[m?[37m[INFO] 23:19:32,617 [Test worker] liquibase.info - master.changelog.json: migration/node-core.changelog-v4.xml::nullability::R3.Corda: ChangeSet migration/node-core.changelog-v4.xml::nullability::R3.Corda ran successfully in 8ms
?[m?[37m[INFO] 23:19:32,621 [Test worker] liquibase.info - master.changelog.json: migration/node-core.changelog-v5.xml::remove_unused_node_message_retry::R3.Corda: Table node_message_retry dropped
?[m?[37m[INFO] 23:19:32,621 [Test worker] liquibase.info - master.changelog.json: migration/node-core.changelog-v5.xml::remove_unused_node_message_retry::R3.Corda: ChangeSet migration/node-core.changelog-v5.xml::remove_unused_node_message_retry::R3.Corda ran successfully in 1ms
?[m?[37m[INFO] 23:19:32,660 [Test worker] liquibase.info - master.changelog.json: migration/node-core.changelog-v8.xml::conditional_attchments_rename::R3.Corda: Marking ChangeSet: migration/node-core.changelog-v8.xml::conditional_attchments_rename::R3.Corda ran despite precondition failure due to onFail='MARK_RAN': 
          master.changelog.json : Table PUBLIC.NODE_ATTCHMENTS_CONTRACTS does not exist

?[m?[37m[INFO] 23:19:32,684 [Test worker] liquibase.info - master.changelog.json: migration/node-core.changelog-v8.xml::conditional_attchments_contracts::R3.Corda: Marking ChangeSet: migration/node-core.changelog-v8.xml::conditional_attchments_contracts::R3.Corda ran despite precondition failure due to onFail='MARK_RAN': 
          master.changelog.json : Table PUBLIC.NODE_ATTACHMENTS_CONTRACT_CLASS_NAME does not exist

?[m?[37m[INFO] 23:19:32,687 [Test worker] liquibase.info - master.changelog.json: migration/node-core.changelog-v8.xml::add_signers::R3.Corda: Table node_attachments_signers created
?[m?[37m[INFO] 23:19:32,688 [Test worker] liquibase.info - master.changelog.json: migration/node-core.changelog-v8.xml::add_signers::R3.Corda: Foreign key constraint added to node_attachments_signers (att_id)
?[m?[37m[INFO] 23:19:32,688 [Test worker] liquibase.info - master.changelog.json: migration/node-core.changelog-v8.xml::add_signers::R3.Corda: ChangeSet migration/node-core.changelog-v8.xml::add_signers::R3.Corda ran successfully in 2ms
?[m?[37m[INFO] 23:19:32,694 [Test worker] liquibase.info - master.changelog.json: migration/node-core.changelog-tx-mapping.xml::add_tx_mapping_column::R3.Corda: Columns state_machine_run_id(NVARCHAR(36)) added to node_transactions
?[m?[37m[INFO] 23:19:32,696 [Test worker] liquibase.info - master.changelog.json: migration/node-core.changelog-tx-mapping.xml::add_tx_mapping_column::R3.Corda: Custom SQL executed
?[m?[37m[INFO] 23:19:32,696 [Test worker] liquibase.info - master.changelog.json: migration/node-core.changelog-tx-mapping.xml::add_tx_mapping_column::R3.Corda: Table node_transaction_mappings dropped
?[m?[37m[INFO] 23:19:32,697 [Test worker] liquibase.info - master.changelog.json: migration/node-core.changelog-tx-mapping.xml::add_tx_mapping_column::R3.Corda: ChangeSet migration/node-core.changelog-tx-mapping.xml::add_tx_mapping_column::R3.Corda ran successfully in 7ms
?[m?[37m[INFO] 23:19:32,700 [Test worker] liquibase.info - master.changelog.json: migration/node-services.changelog-init.xml::add_network_parameters_storage::R3.Corda: Table node_network_parameters created
?[m?[37m[INFO] 23:19:32,700 [Test worker] liquibase.info - master.changelog.json: migration/node-services.changelog-init.xml::add_network_parameters_storage::R3.Corda: ChangeSet migration/node-services.changelog-init.xml::add_network_parameters_storage::R3.Corda ran successfully in 1ms
?[m?[37m[INFO] 23:19:32,703 [Test worker] liquibase.info - master.changelog.json: migration/node-services.changelog-init.xml::network_parameters_pk::R3.Corda: Primary key added to node_network_parameters (hash)
?[m?[37m[INFO] 23:19:32,703 [Test worker] liquibase.info - master.changelog.json: migration/node-services.changelog-init.xml::network_parameters_pk::R3.Corda: ChangeSet migration/node-services.changelog-init.xml::network_parameters_pk::R3.Corda ran successfully in 1ms
?[m?[37m[INFO] 23:19:32,710 [Test worker] liquibase.info - master.changelog.json: migration/node-services.changelog-init.xml::add_version_column::R3.Corda: Columns version(INT) added to node_attachments
?[m?[37m[INFO] 23:19:32,711 [Test worker] liquibase.info - master.changelog.json: migration/node-services.changelog-init.xml::add_version_column::R3.Corda: Custom SQL executed
?[m?[37m[INFO] 23:19:32,712 [Test worker] liquibase.info - master.changelog.json: migration/node-services.changelog-init.xml::add_version_column::R3.Corda: Null constraint has been added to node_attachments.version
?[m?[37m[INFO] 23:19:32,712 [Test worker] liquibase.info - master.changelog.json: migration/node-services.changelog-init.xml::add_version_column::R3.Corda: ChangeSet migration/node-services.changelog-init.xml::add_version_column::R3.Corda ran successfully in 7ms
?[m?[37m[INFO] 23:19:32,715 [Test worker] persistence.AttachmentVersionNumberMigration.execute - Start executing...
?[m?[37m[INFO] 23:19:32,720 [Test worker] persistence.AttachmentVersionNumberMigration.execute - Attachment version creation from whitelisted JARs using network parameters from build/mock-network/20191219-051851.140/nodes/2/network-parameters, whitelistedContractImplementations: {}.
?[m?[37m[INFO] 23:19:32,720 [Test worker] persistence.AttachmentVersionNumberMigration.execute - Attachment version creation from whitelisted JARs skipped, no attachments not found.
?[m?[37m[INFO] 23:19:32,720 [Test worker] liquibase.info - master.changelog.json: migration/node-services.changelog-init.xml::update-version-of-whitelisted-jars::R3.Corda: null
?[m?[37m[INFO] 23:19:32,720 [Test worker] liquibase.info - master.changelog.json: migration/node-services.changelog-init.xml::update-version-of-whitelisted-jars::R3.Corda: ChangeSet migration/node-services.changelog-init.xml::update-version-of-whitelisted-jars::R3.Corda ran successfully in 6ms
?[m?[37m[INFO] 23:19:32,722 [Test worker] migration.VaultStateMigration.execute - Migrating vault state data to V4 tables
?[m?[37m[INFO] 23:19:32,726 [Test worker] persistence.HibernateConfiguration.<init> - Init HibernateConfiguration for schemas: [VaultMigrationSchemaV1(name=net.corda.node.migration.VaultMigrationSchema, version=1), VaultSchemaV1(name=net.corda.node.services.vault.VaultSchema, version=1)]
?[m?[37m[INFO] 23:19:32,727 [Test worker] persistence.HibernateConfiguration.makeSessionFactoryForSchemas - Creating session factory for schemas: [VaultMigrationSchemaV1(name=net.corda.node.migration.VaultMigrationSchema, version=1), VaultSchemaV1(name=net.corda.node.services.vault.VaultSchema, version=1)]
?[m?[37m[INFO] 23:19:32,734 [Test worker] internal.ConnectionProviderInitiator.initiateService - HHH000130: Instantiating explicit connection provider: net.corda.nodeapi.internal.persistence.HibernateConfiguration$NodeDatabaseConnectionProvider
?[m?[37m[INFO] 23:19:32,735 [Test worker] dialect.Dialect.<init> - HHH000400: Using dialect: org.hibernate.dialect.H2Dialect
?[m?[37m[INFO] 23:19:32,741 [Test worker] type.BasicTypeRegistry.register - HHH000270: Type registration [materialized_blob] overrides previous : org.hibernate.type.MaterializedBlobType@2abb5c94
?[m?[37m[INFO] 23:19:32,826 [Test worker] connections.access.getIsolatedConnection - HHH10001501: Connection obtained from JdbcConnectionAccess [org.hibernate.engine.jdbc.env.internal.JdbcEnvironmentInitiator$ConnectionProviderJdbcConnectionAccess@75d26e7f] for (non-JTA) DDL execution was not in auto-commit mode; the Connection 'local transaction' will be committed and the Connection will be set into auto-commit mode.
?[m?[37m[INFO] 23:19:32,902 [Test worker] persistence.HibernateConfiguration.makeSessionFactoryForSchemas - Created session factory for schemas: [VaultMigrationSchemaV1(name=net.corda.node.migration.VaultMigrationSchema, version=1), VaultSchemaV1(name=net.corda.node.services.vault.VaultSchema, version=1)]
?[m?[37m[INFO] 23:19:32,903 [Test worker] internal.QueryTranslatorFactoryInitiator.initiateService - HHH000397: Using ASTQueryTranslatorFactory
?[m?[37m[INFO] 23:19:32,921 [Test worker] migration.VaultStateMigration.execute - Finished performing vault state data migration for 0 states
?[m?[37m[INFO] 23:19:32,922 [Test worker] liquibase.info - master.changelog.json: migration/vault-schema.changelog-v9.xml::update-vault-states::R3.Corda: null
?[m?[37m[INFO] 23:19:32,922 [Test worker] liquibase.info - master.changelog.json: migration/vault-schema.changelog-v9.xml::update-vault-states::R3.Corda: ChangeSet migration/vault-schema.changelog-v9.xml::update-vault-states::R3.Corda ran successfully in 200ms
?[m?[37m[INFO] 23:19:32,924 [Test worker] liquibase.info - Successfully released change log lock
?[m?[37m[INFO] 23:19:32,926 [Test worker] internal.InternalMockNetwork$MockNode.invoke - Connected to H2 database.
?[m?[37m[INFO] 23:19:32,927 [Test worker] internal.InternalMockNetwork$MockNode.obtainIdentity - identity-private-key not found in key store, generating fresh key!
?[m?[37m[INFO] 23:19:32,957 [Test worker] persistence.HibernateConfiguration.<init> - Init HibernateConfiguration for schemas: [CommonSchemaV1(name=net.corda.core.schemas.CommonSchema, version=1), VaultSchemaV1(name=net.corda.node.services.vault.VaultSchema, version=1), NodeInfoSchemaV1(name=net.corda.node.internal.schemas.NodeInfoSchema, version=1), NodeCoreV1(name=net.corda.node.services.schema.NodeSchemaService$NodeCore, version=1), IOUSchemaV1(name=com.example.schema.IOUSchema, version=1)]
?[m?[37m[INFO] 23:19:32,958 [Test worker] persistence.HibernateConfiguration.makeSessionFactoryForSchemas - Creating session factory for schemas: [CommonSchemaV1(name=net.corda.core.schemas.CommonSchema, version=1), VaultSchemaV1(name=net.corda.node.services.vault.VaultSchema, version=1), NodeInfoSchemaV1(name=net.corda.node.internal.schemas.NodeInfoSchema, version=1), NodeCoreV1(name=net.corda.node.services.schema.NodeSchemaService$NodeCore, version=1), IOUSchemaV1(name=com.example.schema.IOUSchema, version=1)]
?[m?[37m[INFO] 23:19:32,965 [Test worker] internal.ConnectionProviderInitiator.initiateService - HHH000130: Instantiating explicit connection provider: net.corda.nodeapi.internal.persistence.HibernateConfiguration$NodeDatabaseConnectionProvider
?[m?[37m[INFO] 23:19:32,966 [Test worker] dialect.Dialect.<init> - HHH000400: Using dialect: org.hibernate.dialect.H2Dialect
?[m?[37m[INFO] 23:19:32,970 [Test worker] type.BasicTypeRegistry.register - HHH000270: Type registration [materialized_blob] overrides previous : org.hibernate.type.MaterializedBlobType@2abb5c94
?[m?[37m[INFO] 23:19:33,131 [Test worker] connections.access.getIsolatedConnection - HHH10001501: Connection obtained from JdbcConnectionAccess [org.hibernate.engine.jdbc.env.internal.JdbcEnvironmentInitiator$ConnectionProviderJdbcConnectionAccess@163b63b3] for (non-JTA) DDL execution was not in auto-commit mode; the Connection 'local transaction' will be committed and the Connection will be set into auto-commit mode.
?[m?[37m[INFO] 23:19:33,258 [Test worker] persistence.HibernateConfiguration.makeSessionFactoryForSchemas - Created session factory for schemas: [CommonSchemaV1(name=net.corda.core.schemas.CommonSchema, version=1), VaultSchemaV1(name=net.corda.node.services.vault.VaultSchema, version=1), NodeInfoSchemaV1(name=net.corda.node.internal.schemas.NodeInfoSchema, version=1), NodeCoreV1(name=net.corda.node.services.schema.NodeSchemaService$NodeCore, version=1), IOUSchemaV1(name=com.example.schema.IOUSchema, version=1)]
?[m?[37m[INFO] 23:19:33,261 [Test worker] internal.QueryTranslatorFactoryInitiator.initiateService - HHH000397: Using ASTQueryTranslatorFactory
?[m?[37m[INFO] 23:19:33,266 [Test worker] internal.InternalMockNetwork$MockNode.updateNodeInfo - Node-info has changed so submitting update. Old node-info was null
?[m?[37m[INFO] 23:19:33,266 [Test worker] network.PersistentNetworkMapCache.addNode - Adding node with info: NodeInfo(addresses=[mock.node:1000], legalIdentitiesAndCerts=[O=Mock Company 2, L=London, C=GB], platformVersion=4, serial=1576732773266)
?[m?[37m[INFO] 23:19:33,270 [Test worker] network.PersistentNetworkMapCache.addNode - No previous node found
?[m?[37m[INFO] 23:19:33,295 [Test worker] internal.InternalMockNetwork$MockNode.updateNodeInfo - New node-info: NodeInfo(addresses=[mock.node:1000], legalIdentitiesAndCerts=[O=Mock Company 2, L=London, C=GB], platformVersion=4, serial=1576732773266)
?[m?[37m[INFO] 23:19:33,311 [Test worker] network.NetworkMapUpdater.apply - Auto-accept enabled for network parameter changes which modify only: [epoch, modifiedTime, packageOwnership, whitelistedContractImplementations]
?[m?[37m[INFO] 23:19:33,320 [MockNode-3-2] network.PersistentNetworkMapCache.addNode - Adding node with info: NodeInfo(addresses=[mock.node:1000], legalIdentitiesAndCerts=[O=Mock Company 2, L=London, C=GB], platformVersion=4, serial=1576732773266)
?[m?[37m[INFO] 23:19:33,335 [MockNode-3-2] network.PersistentNetworkMapCache.addNode - Previous node was identical to incoming one - doing nothing
?[m?[37m[INFO] 23:19:33,363 [Test worker] ClassloaderUtils.logElapsedTime - Contracts loading for '/tmp/attachment4179183461478375476.jar' took 24 msec
?[m?[37m[INFO] 23:19:33,379 [Test worker] persistence.NodeAttachmentService.invoke - Stored new attachment: id=D50829081E8935F1F92DFDC1A9A6F06C4615726BC3EDBBFB8403B865839C0455 uploader=app filename=null
?[m?[37m[INFO] 23:19:33,395 [Test worker] statemachine.SingleThreadedStateMachineManager.invoke - Node ready, info: NodeInfo(addresses=[mock.node:1000], legalIdentitiesAndCerts=[O=Mock Company 2, L=London, C=GB], platformVersion=4, serial=1576732773266)
?[m?[37m[INFO] 23:19:33,400 [Test worker] network.PersistentNetworkMapCache.addNode - Adding node with info: NodeInfo(addresses=[mock.node:1000], legalIdentitiesAndCerts=[O=Notary Service, L=Zurich, C=CH], platformVersion=4, serial=1576732768170)
?[m?[37m[INFO] 23:19:33,403 [Test worker] network.PersistentNetworkMapCache.addNode - No previous node found
?[m?[37m[INFO] 23:19:33,419 [Test worker] network.PersistentNetworkMapCache.addNode - Adding node with info: NodeInfo(addresses=[mock.node:1000], legalIdentitiesAndCerts=[O=Mock Company 2, L=London, C=GB], platformVersion=4, serial=1576732773266)
?[m?[37m[INFO] 23:19:33,422 [Test worker] network.PersistentNetworkMapCache.addNode - No previous node found
?[m?[37m[INFO] 23:19:33,443 [Test worker] network.PersistentNetworkMapCache.addNode - Adding node with info: NodeInfo(addresses=[mock.node:1000], legalIdentitiesAndCerts=[O=Mock Company 1, L=London, C=GB], platformVersion=4, serial=1576732771756)
?[m?[37m[INFO] 23:19:33,444 [Test worker] network.PersistentNetworkMapCache.addNode - No previous node found
?[m?[37m[INFO] 23:19:33,465 [Test worker] network.PersistentNetworkMapCache.addNode - Adding node with info: NodeInfo(addresses=[mock.node:1000], legalIdentitiesAndCerts=[O=Mock Company 2, L=London, C=GB], platformVersion=4, serial=1576732773266)
?[m?[37m[INFO] 23:19:33,468 [Test worker] network.PersistentNetworkMapCache.addNode - No previous node found
?[m?[37m[INFO] 23:19:33,487 [Test worker] network.PersistentNetworkMapCache.addNode - Adding node with info: NodeInfo(addresses=[mock.node:1000], legalIdentitiesAndCerts=[O=Mock Company 2, L=London, C=GB], platformVersion=4, serial=1576732773266)
?[m?[37m[INFO] 23:19:33,487 [Test worker] network.PersistentNetworkMapCache.addNode - Previous node was identical to incoming one - doing nothing
?[m?[37m[INFO] 23:19:33,487 [Test worker] network.PersistentNetworkMapCache.addNode - Adding node with info: NodeInfo(addresses=[mock.node:1000], legalIdentitiesAndCerts=[O=Mock Company 2, L=London, C=GB], platformVersion=4, serial=1576732773266)
?[m?[37m[INFO] 23:19:33,487 [Test worker] network.PersistentNetworkMapCache.addNode - Previous node was identical to incoming one - doing nothing
?[m?[31m[WARN] 23:19:33,489 [Test worker] internal.NodeFlowManager.registerInitiatedFlowFactory - Multiple flows are registered for InitiatingFlow: class com.example.flow.ExampleFlow$Initiator, currently using: class com.example.flow.ExampleFlow$Acceptor
?[m?[37m[INFO] 23:19:33,489 [Test worker] internal.NodeFlowManager.registerInitiatedFlow - Registered com.example.flow.ExampleFlow$Initiator to initiate com.example.flow.ExampleFlow$Acceptor (version 1)
?[m?[31m[WARN] 23:19:33,495 [Test worker] internal.NodeFlowManager.registerInitiatedFlowFactory - Multiple flows are registered for InitiatingFlow: class com.example.flow.ExampleFlow$Initiator, currently using: class com.example.flow.ExampleFlow$Acceptor
?[m?[37m[INFO] 23:19:33,495 [Test worker] internal.NodeFlowManager.registerInitiatedFlow - Registered com.example.flow.ExampleFlow$Initiator to initiate com.example.flow.ExampleFlow$Acceptor (version 1)
?[m?[37m[INFO] 23:19:33,507 [Test worker] pool.HikariPool.shutdown - HikariPool-1 - Close initiated...
?[m?[37m[INFO] 23:19:33,522 [Test worker] pool.HikariPool.shutdown - HikariPool-1 - Closed.
?[m?[37m[INFO] 23:19:33,532 [Test worker] pool.HikariPool.shutdown - HikariPool-2 - Close initiated...
?[m?[37m[INFO] 23:19:33,541 [Test worker] pool.HikariPool.shutdown - HikariPool-2 - Closed.
?[m?[37m[INFO] 23:19:33,543 [Test worker] pool.HikariPool.shutdown - HikariPool-3 - Close initiated...
?[m?[37m[INFO] 23:19:33,546 [Test worker] pool.HikariPool.shutdown - HikariPool-3 - Closed.
?[m]]></system-out>
  <system-err><![CDATA[]]></system-err>
</testsuite>
