<?xml version="1.0" encoding="UTF-8"?>
<testsuite name="com.example.ContractTests" tests="1" skipped="0" failures="0" errors="0" timestamp="2019-12-20T02:06:54" hostname="adel-VirtualBox" time="0.001">
  <properties/>
  <testcase name="dummy test" classname="com.example.ContractTests" time="0.001"/>
  <system-out><![CDATA[?[37m[INFO] 20:06:51,121 [Test worker] cordapp.JarScanningCordappLoader.<init> - Loading CorDapps from RestrictedURL(url=file:/home/adel/corda/articles/web3j-iou/workflows/build/generated-custom-cordapps/20191220-020648.964/custom-cordapp_1_4_7dc746dd-f602-4cb8-a7c9-8504c2cd4d85.jar, rootPackageName=null)
?[m?[37m[INFO] 20:06:51,312 [Test worker] cordapp.JarScanningCordappLoader.scanCordapp - Scanning CorDapp in file:/home/adel/corda/articles/web3j-iou/workflows/build/generated-custom-cordapps/20191220-020648.964/custom-cordapp_1_4_7dc746dd-f602-4cb8-a7c9-8504c2cd4d85.jar
?[m?[37m[INFO] 20:06:52,964 [Test worker] ClassloaderUtils.logElapsedTime - Contracts loading for '/tmp/attachment4362928672478152681.jar' took 34 msec
?[m]]></system-out>
  <system-err><![CDATA[QUASAR WARNING: Assertions enabled. This may harm performance.
QUASAR WARNING: Fibers are set to verify instrumentation. This may *severely* harm performance.
]]></system-err>
</testsuite>
